[0.985s] Invoking command in '/home/linpc/PRACTICE-Simulator/practice_sim/src/practice3_urdf': PYTHONPATH=/home/linpc/PRACTICE-Simulator/practice_sim/build/practice3_urdf/prefix_override:/usr/lib/python3/dist-packages/colcon_core/task/python/colcon_distutils_commands:/home/linpc/PRACTICE-Simulator/practice_sim/install/practice3_urdf/lib/python3.10/site-packages:${PYTHONPATH} /usr/bin/python3 -W ignore:setup.py install is deprecated setup.py egg_info --egg-base ../../build/practice3_urdf build --build-base /home/linpc/PRACTICE-Simulator/practice_sim/build/practice3_urdf/build install --record /home/linpc/PRACTICE-Simulator/practice_sim/build/practice3_urdf/install.log --single-version-externally-managed install_data
[1.230s] running egg_info
[1.231s] writing ../../build/practice3_urdf/practice3_urdf.egg-info/PKG-INFO
[1.232s] writing dependency_links to ../../build/practice3_urdf/practice3_urdf.egg-info/dependency_links.txt
[1.232s] writing entry points to ../../build/practice3_urdf/practice3_urdf.egg-info/entry_points.txt
[1.232s] writing requirements to ../../build/practice3_urdf/practice3_urdf.egg-info/requires.txt
[1.232s] writing top-level names to ../../build/practice3_urdf/practice3_urdf.egg-info/top_level.txt
[1.234s] reading manifest file '../../build/practice3_urdf/practice3_urdf.egg-info/SOURCES.txt'
[1.236s] writing manifest file '../../build/practice3_urdf/practice3_urdf.egg-info/SOURCES.txt'
[1.236s] running build
[1.236s] running build_py
[1.237s] running install
[1.237s] running install_lib
[1.238s] running install_data
[1.238s] copying urdf/practice3.urdf -> /home/linpc/PRACTICE-Simulator/practice_sim/install/practice3_urdf/share/practice3_urdf/urdf
[1.239s] running install_egg_info
[1.241s] removing '/home/linpc/PRACTICE-Simulator/practice_sim/install/practice3_urdf/lib/python3.10/site-packages/practice3_urdf-0.0.0-py3.10.egg-info' (and everything under it)
[1.242s] Copying ../../build/practice3_urdf/practice3_urdf.egg-info to /home/linpc/PRACTICE-Simulator/practice_sim/install/practice3_urdf/lib/python3.10/site-packages/practice3_urdf-0.0.0-py3.10.egg-info
[1.242s] running install_scripts
[1.263s] writing list of installed files to '/home/linpc/PRACTICE-Simulator/practice_sim/build/practice3_urdf/install.log'
[1.296s] Invoked command in '/home/linpc/PRACTICE-Simulator/practice_sim/src/practice3_urdf' returned '0': PYTHONPATH=/home/linpc/PRACTICE-Simulator/practice_sim/build/practice3_urdf/prefix_override:/usr/lib/python3/dist-packages/colcon_core/task/python/colcon_distutils_commands:/home/linpc/PRACTICE-Simulator/practice_sim/install/practice3_urdf/lib/python3.10/site-packages:${PYTHONPATH} /usr/bin/python3 -W ignore:setup.py install is deprecated setup.py egg_info --egg-base ../../build/practice3_urdf build --build-base /home/linpc/PRACTICE-Simulator/practice_sim/build/practice3_urdf/build install --record /home/linpc/PRACTICE-Simulator/practice_sim/build/practice3_urdf/install.log --single-version-externally-managed install_data
