[1.290s] Invoking command in '/home/lin/PRACTICE-Simulator/practice_sim/src/genesis_sim': PYTHONPATH=/home/lin/PRACTICE-Simulator/practice_sim/build/genesis_sim/prefix_override:/usr/lib/python3/dist-packages/colcon_core/task/python/colcon_distutils_commands:/home/lin/PRACTICE-Simulator/practice_sim/install/genesis_sim/lib/python3.10/site-packages:${PYTHONPATH} /usr/bin/python3 -W ignore:setup.py install is deprecated setup.py egg_info --egg-base ../../build/genesis_sim build --build-base /home/lin/PRACTICE-Simulator/practice_sim/build/genesis_sim/build install --record /home/lin/PRACTICE-Simulator/practice_sim/build/genesis_sim/install.log --single-version-externally-managed install_data
[1.493s] running egg_info
[1.493s] creating ../../build/genesis_sim/genesis_sim.egg-info
[1.493s] writing ../../build/genesis_sim/genesis_sim.egg-info/PKG-INFO
[1.493s] writing dependency_links to ../../build/genesis_sim/genesis_sim.egg-info/dependency_links.txt
[1.493s] writing entry points to ../../build/genesis_sim/genesis_sim.egg-info/entry_points.txt
[1.493s] writing requirements to ../../build/genesis_sim/genesis_sim.egg-info/requires.txt
[1.493s] writing top-level names to ../../build/genesis_sim/genesis_sim.egg-info/top_level.txt
[1.493s] writing manifest file '../../build/genesis_sim/genesis_sim.egg-info/SOURCES.txt'
[1.494s] reading manifest file '../../build/genesis_sim/genesis_sim.egg-info/SOURCES.txt'
[1.494s] writing manifest file '../../build/genesis_sim/genesis_sim.egg-info/SOURCES.txt'
[1.494s] running build
[1.494s] running build_py
[1.494s] creating /home/lin/PRACTICE-Simulator/practice_sim/build/genesis_sim/build
[1.494s] creating /home/lin/PRACTICE-Simulator/practice_sim/build/genesis_sim/build/lib
[1.494s] creating /home/lin/PRACTICE-Simulator/practice_sim/build/genesis_sim/build/lib/genesis_sim
[1.494s] copying genesis_sim/__init__.py -> /home/lin/PRACTICE-Simulator/practice_sim/build/genesis_sim/build/lib/genesis_sim
[1.494s] running install
[1.494s] running install_lib
[1.495s] creating /home/lin/PRACTICE-Simulator/practice_sim/install/genesis_sim/lib/python3.10/site-packages/genesis_sim
[1.495s] copying /home/lin/PRACTICE-Simulator/practice_sim/build/genesis_sim/build/lib/genesis_sim/__init__.py -> /home/lin/PRACTICE-Simulator/practice_sim/install/genesis_sim/lib/python3.10/site-packages/genesis_sim
[1.495s] byte-compiling /home/lin/PRACTICE-Simulator/practice_sim/install/genesis_sim/lib/python3.10/site-packages/genesis_sim/__init__.py to __init__.cpython-310.pyc
[1.495s] running install_data
[1.495s] creating /home/lin/PRACTICE-Simulator/practice_sim/install/genesis_sim/share/ament_index
[1.495s] creating /home/lin/PRACTICE-Simulator/practice_sim/install/genesis_sim/share/ament_index/resource_index
[1.495s] creating /home/lin/PRACTICE-Simulator/practice_sim/install/genesis_sim/share/ament_index/resource_index/packages
[1.495s] copying resource/genesis_sim -> /home/lin/PRACTICE-Simulator/practice_sim/install/genesis_sim/share/ament_index/resource_index/packages
[1.495s] copying package.xml -> /home/lin/PRACTICE-Simulator/practice_sim/install/genesis_sim/share/genesis_sim
[1.495s] running install_egg_info
[1.496s] Copying ../../build/genesis_sim/genesis_sim.egg-info to /home/lin/PRACTICE-Simulator/practice_sim/install/genesis_sim/lib/python3.10/site-packages/genesis_sim-0.0.0-py3.10.egg-info
[1.496s] running install_scripts
[1.506s] writing list of installed files to '/home/lin/PRACTICE-Simulator/practice_sim/build/genesis_sim/install.log'
[1.517s] Invoked command in '/home/lin/PRACTICE-Simulator/practice_sim/src/genesis_sim' returned '0': PYTHONPATH=/home/lin/PRACTICE-Simulator/practice_sim/build/genesis_sim/prefix_override:/usr/lib/python3/dist-packages/colcon_core/task/python/colcon_distutils_commands:/home/lin/PRACTICE-Simulator/practice_sim/install/genesis_sim/lib/python3.10/site-packages:${PYTHONPATH} /usr/bin/python3 -W ignore:setup.py install is deprecated setup.py egg_info --egg-base ../../build/genesis_sim build --build-base /home/lin/PRACTICE-Simulator/practice_sim/build/genesis_sim/build install --record /home/lin/PRACTICE-Simulator/practice_sim/build/genesis_sim/install.log --single-version-externally-managed install_data
