[0.560s] Invoking command in '/home/lin/PRACTICE-Simulator/practice_sim/src/genesis_sim': PYTHONPATH=/home/lin/PRACTICE-Simulator/build/genesis_sim/prefix_override:/usr/lib/python3/dist-packages/colcon_core/task/python/colcon_distutils_commands:/home/lin/PRACTICE-Simulator/install/genesis_sim/lib/python3.10/site-packages: /usr/bin/python3 -W ignore:setup.py install is deprecated -W ignore:easy_install command is deprecated setup.py egg_info --egg-base ../../../build/genesis_sim build --build-base /home/lin/PRACTICE-Simulator/build/genesis_sim/build install --record /home/lin/PRACTICE-Simulator/build/genesis_sim/install.log --single-version-externally-managed install_data
[0.653s] running egg_info
[0.653s] creating ../../../build/genesis_sim/genesis_sim.egg-info
[0.653s] writing ../../../build/genesis_sim/genesis_sim.egg-info/PKG-INFO
[0.653s] writing dependency_links to ../../../build/genesis_sim/genesis_sim.egg-info/dependency_links.txt
[0.653s] writing entry points to ../../../build/genesis_sim/genesis_sim.egg-info/entry_points.txt
[0.653s] writing requirements to ../../../build/genesis_sim/genesis_sim.egg-info/requires.txt
[0.653s] writing top-level names to ../../../build/genesis_sim/genesis_sim.egg-info/top_level.txt
[0.653s] writing manifest file '../../../build/genesis_sim/genesis_sim.egg-info/SOURCES.txt'
[0.654s] reading manifest file '../../../build/genesis_sim/genesis_sim.egg-info/SOURCES.txt'
[0.654s] writing manifest file '../../../build/genesis_sim/genesis_sim.egg-info/SOURCES.txt'
[0.654s] running build
[0.654s] running build_py
[0.654s] creating /home/lin/PRACTICE-Simulator/build/genesis_sim/build
[0.655s] creating /home/lin/PRACTICE-Simulator/build/genesis_sim/build/lib
[0.655s] creating /home/lin/PRACTICE-Simulator/build/genesis_sim/build/lib/genesis_sim
[0.655s] copying genesis_sim/__init__.py -> /home/lin/PRACTICE-Simulator/build/genesis_sim/build/lib/genesis_sim
[0.655s] running install
[0.655s] running install_lib
[0.655s] creating /home/lin/PRACTICE-Simulator/install/genesis_sim/lib/python3.10/site-packages/genesis_sim
[0.655s] copying /home/lin/PRACTICE-Simulator/build/genesis_sim/build/lib/genesis_sim/__init__.py -> /home/lin/PRACTICE-Simulator/install/genesis_sim/lib/python3.10/site-packages/genesis_sim
[0.655s] byte-compiling /home/lin/PRACTICE-Simulator/install/genesis_sim/lib/python3.10/site-packages/genesis_sim/__init__.py to __init__.cpython-310.pyc
[0.655s] running install_data
[0.655s] creating /home/lin/PRACTICE-Simulator/install/genesis_sim/share/ament_index
[0.655s] creating /home/lin/PRACTICE-Simulator/install/genesis_sim/share/ament_index/resource_index
[0.655s] creating /home/lin/PRACTICE-Simulator/install/genesis_sim/share/ament_index/resource_index/packages
[0.655s] copying resource/genesis_sim -> /home/lin/PRACTICE-Simulator/install/genesis_sim/share/ament_index/resource_index/packages
[0.655s] copying package.xml -> /home/lin/PRACTICE-Simulator/install/genesis_sim/share/genesis_sim
[0.655s] running install_egg_info
[0.656s] Copying ../../../build/genesis_sim/genesis_sim.egg-info to /home/lin/PRACTICE-Simulator/install/genesis_sim/lib/python3.10/site-packages/genesis_sim-0.0.0-py3.10.egg-info
[0.656s] running install_scripts
[0.666s] writing list of installed files to '/home/lin/PRACTICE-Simulator/build/genesis_sim/install.log'
