[0.986s] Invoking command in '/home/linpc/PRACTICE-Simulator/practice_sim/src/balance_infantry_urdf': PYTHONPATH=/home/linpc/PRACTICE-Simulator/practice_sim/build/balance_infantry_urdf/prefix_override:/usr/lib/python3/dist-packages/colcon_core/task/python/colcon_distutils_commands:/home/linpc/PRACTICE-Simulator/practice_sim/install/balance_infantry_urdf/lib/python3.10/site-packages:${PYTHONPATH} /usr/bin/python3 -W ignore:setup.py install is deprecated setup.py egg_info --egg-base ../../build/balance_infantry_urdf build --build-base /home/linpc/PRACTICE-Simulator/practice_sim/build/balance_infantry_urdf/build install --record /home/linpc/PRACTICE-Simulator/practice_sim/build/balance_infantry_urdf/install.log --single-version-externally-managed install_data
[1.233s] running egg_info
[1.233s] writing ../../build/balance_infantry_urdf/balance_infantry_urdf.egg-info/PKG-INFO
[1.234s] writing dependency_links to ../../build/balance_infantry_urdf/balance_infantry_urdf.egg-info/dependency_links.txt
[1.234s] writing entry points to ../../build/balance_infantry_urdf/balance_infantry_urdf.egg-info/entry_points.txt
[1.234s] writing requirements to ../../build/balance_infantry_urdf/balance_infantry_urdf.egg-info/requires.txt
[1.234s] writing top-level names to ../../build/balance_infantry_urdf/balance_infantry_urdf.egg-info/top_level.txt
[1.236s] reading manifest file '../../build/balance_infantry_urdf/balance_infantry_urdf.egg-info/SOURCES.txt'
[1.238s] writing manifest file '../../build/balance_infantry_urdf/balance_infantry_urdf.egg-info/SOURCES.txt'
[1.238s] running build
[1.239s] running build_py
[1.239s] running install
[1.239s] running install_lib
[1.240s] running install_data
[1.240s] running install_egg_info
[1.242s] removing '/home/linpc/PRACTICE-Simulator/practice_sim/install/balance_infantry_urdf/lib/python3.10/site-packages/balance_infantry_urdf-0.0.0-py3.10.egg-info' (and everything under it)
[1.242s] Copying ../../build/balance_infantry_urdf/balance_infantry_urdf.egg-info to /home/linpc/PRACTICE-Simulator/practice_sim/install/balance_infantry_urdf/lib/python3.10/site-packages/balance_infantry_urdf-0.0.0-py3.10.egg-info
[1.243s] running install_scripts
[1.264s] writing list of installed files to '/home/linpc/PRACTICE-Simulator/practice_sim/build/balance_infantry_urdf/install.log'
[1.299s] Invoked command in '/home/linpc/PRACTICE-Simulator/practice_sim/src/balance_infantry_urdf' returned '0': PYTHONPATH=/home/linpc/PRACTICE-Simulator/practice_sim/build/balance_infantry_urdf/prefix_override:/usr/lib/python3/dist-packages/colcon_core/task/python/colcon_distutils_commands:/home/linpc/PRACTICE-Simulator/practice_sim/install/balance_infantry_urdf/lib/python3.10/site-packages:${PYTHONPATH} /usr/bin/python3 -W ignore:setup.py install is deprecated setup.py egg_info --egg-base ../../build/balance_infantry_urdf build --build-base /home/linpc/PRACTICE-Simulator/practice_sim/build/balance_infantry_urdf/build install --record /home/linpc/PRACTICE-Simulator/practice_sim/build/balance_infantry_urdf/install.log --single-version-externally-managed install_data
