[0.402s] Invoking command in '/home/lin/PRACTICE-Simulator/practice_sim/src/practice3_urdf': PYTHONPATH=/home/lin/PRACTICE-Simulator/build/practice3_urdf/prefix_override:/usr/lib/python3/dist-packages/colcon_core/task/python/colcon_distutils_commands:/home/lin/PRACTICE-Simulator/install/practice3_urdf/lib/python3.10/site-packages:${PYTHONPATH} /usr/bin/python3 -W ignore:setup.py install is deprecated setup.py egg_info --egg-base ../../../build/practice3_urdf build --build-base /home/lin/PRACTICE-Simulator/build/practice3_urdf/build install --record /home/lin/PRACTICE-Simulator/build/practice3_urdf/install.log --single-version-externally-managed install_data
[0.513s] running egg_info
[0.513s] writing ../../../build/practice3_urdf/practice3_urdf.egg-info/PKG-INFO
[0.513s] writing dependency_links to ../../../build/practice3_urdf/practice3_urdf.egg-info/dependency_links.txt
[0.513s] writing entry points to ../../../build/practice3_urdf/practice3_urdf.egg-info/entry_points.txt
[0.513s] writing requirements to ../../../build/practice3_urdf/practice3_urdf.egg-info/requires.txt
[0.513s] writing top-level names to ../../../build/practice3_urdf/practice3_urdf.egg-info/top_level.txt
[0.514s] reading manifest file '../../../build/practice3_urdf/practice3_urdf.egg-info/SOURCES.txt'
[0.514s] writing manifest file '../../../build/practice3_urdf/practice3_urdf.egg-info/SOURCES.txt'
[0.515s] running build
[0.515s] running build_py
[0.515s] running install
[0.515s] running install_lib
[0.515s] running install_data
[0.515s] copying urdf/practice3.urdf -> /home/lin/PRACTICE-Simulator/install/practice3_urdf/share/practice3_urdf/urdf
[0.515s] running install_egg_info
[0.516s] removing '/home/lin/PRACTICE-Simulator/install/practice3_urdf/lib/python3.10/site-packages/practice3_urdf-0.0.0-py3.10.egg-info' (and everything under it)
[0.516s] Copying ../../../build/practice3_urdf/practice3_urdf.egg-info to /home/lin/PRACTICE-Simulator/install/practice3_urdf/lib/python3.10/site-packages/practice3_urdf-0.0.0-py3.10.egg-info
[0.517s] running install_scripts
[0.526s] writing list of installed files to '/home/lin/PRACTICE-Simulator/build/practice3_urdf/install.log'
[0.538s] Invoked command in '/home/lin/PRACTICE-Simulator/practice_sim/src/practice3_urdf' returned '0': PYTHONPATH=/home/lin/PRACTICE-Simulator/build/practice3_urdf/prefix_override:/usr/lib/python3/dist-packages/colcon_core/task/python/colcon_distutils_commands:/home/lin/PRACTICE-Simulator/install/practice3_urdf/lib/python3.10/site-packages:${PYTHONPATH} /usr/bin/python3 -W ignore:setup.py install is deprecated setup.py egg_info --egg-base ../../../build/practice3_urdf build --build-base /home/lin/PRACTICE-Simulator/build/practice3_urdf/build install --record /home/lin/PRACTICE-Simulator/build/practice3_urdf/install.log --single-version-externally-managed install_data
