running egg_info
creating ../../build/practice3_urdf/practice3_urdf.egg-info
writing ../../build/practice3_urdf/practice3_urdf.egg-info/PKG-INFO
writing dependency_links to ../../build/practice3_urdf/practice3_urdf.egg-info/dependency_links.txt
writing entry points to ../../build/practice3_urdf/practice3_urdf.egg-info/entry_points.txt
writing requirements to ../../build/practice3_urdf/practice3_urdf.egg-info/requires.txt
writing top-level names to ../../build/practice3_urdf/practice3_urdf.egg-info/top_level.txt
writing manifest file '../../build/practice3_urdf/practice3_urdf.egg-info/SOURCES.txt'
reading manifest file '../../build/practice3_urdf/practice3_urdf.egg-info/SOURCES.txt'
writing manifest file '../../build/practice3_urdf/practice3_urdf.egg-info/SOURCES.txt'
running build
running build_py
creating /home/linpc/PRACTICE-Simulator/practice_sim/build/practice3_urdf/build
creating /home/linpc/PRACTICE-Simulator/practice_sim/build/practice3_urdf/build/lib
creating /home/linpc/PRACTICE-Simulator/practice_sim/build/practice3_urdf/build/lib/practice3_urdf
copying practice3_urdf/__init__.py -> /home/linpc/PRACTICE-Simulator/practice_sim/build/practice3_urdf/build/lib/practice3_urdf
running install
running install_lib
creating /home/linpc/PRACTICE-Simulator/practice_sim/install/practice3_urdf/lib/python3.10/site-packages/practice3_urdf
copying /home/linpc/PRACTICE-Simulator/practice_sim/build/practice3_urdf/build/lib/practice3_urdf/__init__.py -> /home/linpc/PRACTICE-Simulator/practice_sim/install/practice3_urdf/lib/python3.10/site-packages/practice3_urdf
byte-compiling /home/linpc/PRACTICE-Simulator/practice_sim/install/practice3_urdf/lib/python3.10/site-packages/practice3_urdf/__init__.py to __init__.cpython-310.pyc
running install_data
creating /home/linpc/PRACTICE-Simulator/practice_sim/install/practice3_urdf/share/ament_index
creating /home/linpc/PRACTICE-Simulator/practice_sim/install/practice3_urdf/share/ament_index/resource_index
creating /home/linpc/PRACTICE-Simulator/practice_sim/install/practice3_urdf/share/ament_index/resource_index/packages
error: can't copy 'resource/practice3_urdf': doesn't exist or not a regular file
