running egg_info
writing ../../build/practice3_urdf/practice3_urdf.egg-info/PKG-INFO
writing dependency_links to ../../build/practice3_urdf/practice3_urdf.egg-info/dependency_links.txt
writing entry points to ../../build/practice3_urdf/practice3_urdf.egg-info/entry_points.txt
writing requirements to ../../build/practice3_urdf/practice3_urdf.egg-info/requires.txt
writing top-level names to ../../build/practice3_urdf/practice3_urdf.egg-info/top_level.txt
reading manifest file '../../build/practice3_urdf/practice3_urdf.egg-info/SOURCES.txt'
writing manifest file '../../build/practice3_urdf/practice3_urdf.egg-info/SOURCES.txt'
running build
running build_py
running install
running install_lib
running install_data
copying resource/practice3_urdf -> /home/linpc/PRACTICE-Simulator/practice_sim/install/practice3_urdf/share/ament_index/resource_index/packages
copying package.xml -> /home/linpc/PRACTICE-Simulator/practice_sim/install/practice3_urdf/share/practice3_urdf
creating /home/linpc/PRACTICE-Simulator/practice_sim/install/practice3_urdf/share/practice3_urdf/launch
copying launch/display_urdf.launch.py -> /home/linpc/PRACTICE-Simulator/practice_sim/install/practice3_urdf/share/practice3_urdf/launch
creating /home/linpc/PRACTICE-Simulator/practice_sim/install/practice3_urdf/share/practice3_urdf/urdf
copying urdf/practice3.urdf -> /home/linpc/PRACTICE-Simulator/practice_sim/install/practice3_urdf/share/practice3_urdf/urdf
creating /home/linpc/PRACTICE-Simulator/practice_sim/install/practice3_urdf/share/practice3_urdf/meshes
copying meshes/L_Hip_Link.STL -> /home/linpc/PRACTICE-Simulator/practice_sim/install/practice3_urdf/share/practice3_urdf/meshes
copying meshes/R_Wheel_Link.STL -> /home/linpc/PRACTICE-Simulator/practice_sim/install/practice3_urdf/share/practice3_urdf/meshes
copying meshes/R_Knee_Link.STL -> /home/linpc/PRACTICE-Simulator/practice_sim/install/practice3_urdf/share/practice3_urdf/meshes
copying meshes/base_link.STL -> /home/linpc/PRACTICE-Simulator/practice_sim/install/practice3_urdf/share/practice3_urdf/meshes
copying meshes/R_Hip_Link.STL -> /home/linpc/PRACTICE-Simulator/practice_sim/install/practice3_urdf/share/practice3_urdf/meshes
copying meshes/R_Ankle_Link.STL -> /home/linpc/PRACTICE-Simulator/practice_sim/install/practice3_urdf/share/practice3_urdf/meshes
copying meshes/L_Knee_Link.STL -> /home/linpc/PRACTICE-Simulator/practice_sim/install/practice3_urdf/share/practice3_urdf/meshes
copying meshes/L_Ankle_Link.STL -> /home/linpc/PRACTICE-Simulator/practice_sim/install/practice3_urdf/share/practice3_urdf/meshes
copying meshes/L_Wheel_Link.STL -> /home/linpc/PRACTICE-Simulator/practice_sim/install/practice3_urdf/share/practice3_urdf/meshes
running install_egg_info
Copying ../../build/practice3_urdf/practice3_urdf.egg-info to /home/linpc/PRACTICE-Simulator/practice_sim/install/practice3_urdf/lib/python3.10/site-packages/practice3_urdf-0.0.0-py3.10.egg-info
running install_scripts
writing list of installed files to '/home/linpc/PRACTICE-Simulator/practice_sim/build/practice3_urdf/install.log'
