[0.977s] Invoking command in '/home/linpc/PRACTICE-Simulator/practice_sim/src/practice3_urdf': PYTHONPATH=/home/linpc/PRACTICE-Simulator/practice_sim/build/practice3_urdf/prefix_override:/usr/lib/python3/dist-packages/colcon_core/task/python/colcon_distutils_commands:/home/linpc/PRACTICE-Simulator/practice_sim/install/practice3_urdf/lib/python3.10/site-packages:${PYTHONPATH} /usr/bin/python3 -W ignore:setup.py install is deprecated setup.py egg_info --egg-base ../../build/practice3_urdf build --build-base /home/linpc/PRACTICE-Simulator/practice_sim/build/practice3_urdf/build install --record /home/linpc/PRACTICE-Simulator/practice_sim/build/practice3_urdf/install.log --single-version-externally-managed install_data
[1.233s] running egg_info
[1.233s] writing ../../build/practice3_urdf/practice3_urdf.egg-info/PKG-INFO
[1.234s] writing dependency_links to ../../build/practice3_urdf/practice3_urdf.egg-info/dependency_links.txt
[1.234s] writing entry points to ../../build/practice3_urdf/practice3_urdf.egg-info/entry_points.txt
[1.234s] writing requirements to ../../build/practice3_urdf/practice3_urdf.egg-info/requires.txt
[1.234s] writing top-level names to ../../build/practice3_urdf/practice3_urdf.egg-info/top_level.txt
[1.237s] reading manifest file '../../build/practice3_urdf/practice3_urdf.egg-info/SOURCES.txt'
[1.239s] writing manifest file '../../build/practice3_urdf/practice3_urdf.egg-info/SOURCES.txt'
[1.239s] running build
[1.239s] running build_py
[1.239s] running install
[1.239s] running install_lib
[1.241s] running install_data
[1.241s] copying resource/practice3_urdf -> /home/linpc/PRACTICE-Simulator/practice_sim/install/practice3_urdf/share/ament_index/resource_index/packages
[1.241s] copying package.xml -> /home/linpc/PRACTICE-Simulator/practice_sim/install/practice3_urdf/share/practice3_urdf
[1.241s] creating /home/linpc/PRACTICE-Simulator/practice_sim/install/practice3_urdf/share/practice3_urdf/launch
[1.241s] copying launch/display_urdf.launch.py -> /home/linpc/PRACTICE-Simulator/practice_sim/install/practice3_urdf/share/practice3_urdf/launch
[1.241s] creating /home/linpc/PRACTICE-Simulator/practice_sim/install/practice3_urdf/share/practice3_urdf/urdf
[1.241s] copying urdf/practice3.urdf -> /home/linpc/PRACTICE-Simulator/practice_sim/install/practice3_urdf/share/practice3_urdf/urdf
[1.241s] creating /home/linpc/PRACTICE-Simulator/practice_sim/install/practice3_urdf/share/practice3_urdf/meshes
[1.241s] copying meshes/L_Hip_Link.STL -> /home/linpc/PRACTICE-Simulator/practice_sim/install/practice3_urdf/share/practice3_urdf/meshes
[1.242s] copying meshes/R_Wheel_Link.STL -> /home/linpc/PRACTICE-Simulator/practice_sim/install/practice3_urdf/share/practice3_urdf/meshes
[1.242s] copying meshes/R_Knee_Link.STL -> /home/linpc/PRACTICE-Simulator/practice_sim/install/practice3_urdf/share/practice3_urdf/meshes
[1.243s] copying meshes/base_link.STL -> /home/linpc/PRACTICE-Simulator/practice_sim/install/practice3_urdf/share/practice3_urdf/meshes
[1.252s] copying meshes/R_Hip_Link.STL -> /home/linpc/PRACTICE-Simulator/practice_sim/install/practice3_urdf/share/practice3_urdf/meshes
[1.253s] copying meshes/R_Ankle_Link.STL -> /home/linpc/PRACTICE-Simulator/practice_sim/install/practice3_urdf/share/practice3_urdf/meshes
[1.254s] copying meshes/L_Knee_Link.STL -> /home/linpc/PRACTICE-Simulator/practice_sim/install/practice3_urdf/share/practice3_urdf/meshes
[1.255s] copying meshes/L_Ankle_Link.STL -> /home/linpc/PRACTICE-Simulator/practice_sim/install/practice3_urdf/share/practice3_urdf/meshes
[1.256s] copying meshes/L_Wheel_Link.STL -> /home/linpc/PRACTICE-Simulator/practice_sim/install/practice3_urdf/share/practice3_urdf/meshes
[1.257s] running install_egg_info
[1.259s] Copying ../../build/practice3_urdf/practice3_urdf.egg-info to /home/linpc/PRACTICE-Simulator/practice_sim/install/practice3_urdf/lib/python3.10/site-packages/practice3_urdf-0.0.0-py3.10.egg-info
[1.259s] running install_scripts
[1.282s] writing list of installed files to '/home/linpc/PRACTICE-Simulator/practice_sim/build/practice3_urdf/install.log'
[1.305s] Invoked command in '/home/linpc/PRACTICE-Simulator/practice_sim/src/practice3_urdf' returned '0': PYTHONPATH=/home/linpc/PRACTICE-Simulator/practice_sim/build/practice3_urdf/prefix_override:/usr/lib/python3/dist-packages/colcon_core/task/python/colcon_distutils_commands:/home/linpc/PRACTICE-Simulator/practice_sim/install/practice3_urdf/lib/python3.10/site-packages:${PYTHONPATH} /usr/bin/python3 -W ignore:setup.py install is deprecated setup.py egg_info --egg-base ../../build/practice3_urdf build --build-base /home/linpc/PRACTICE-Simulator/practice_sim/build/practice3_urdf/build install --record /home/linpc/PRACTICE-Simulator/practice_sim/build/practice3_urdf/install.log --single-version-externally-managed install_data
