[0.209s] Invoking command in '/home/lin/PRACTICE-Simulator/build/practice3_description2': /usr/bin/cmake /home/lin/PRACTICE-Simulator/practice_sim/src/practice3_description2 -DCATKIN_INSTALL_INTO_PREFIX_ROOT=0 -DCMAKE_INSTALL_PREFIX=/home/lin/PRACTICE-Simulator/install/practice3_description2
[0.213s] [0mCMake Deprecation Warning at CMakeLists.txt:1 (cmake_minimum_required):
[0.213s]   Compatibility with CMake < 2.8.12 will be removed from a future version of
[0.213s]   CMake.
[0.213s] 
[0.213s]   Update the VERSION argument <min> value or use a ...<max> suffix to tell
[0.213s]   CMake that the project does not need compatibility with older versions.
[0.213s] 
[0.213s] [0m
[0.220s] [31mCMake Error at CMakeLists.txt:5 (find_package):
[0.220s]   By not providing "Findcatkin.cmake" in CMAKE_MODULE_PATH this project has
[0.220s]   asked CMake to find a package configuration file provided by "catkin", but
[0.220s]   CMake did not find one.
[0.220s] 
[0.220s]   Could not find a package configuration file provided by "catkin" with any
[0.220s]   of the following names:
[0.220s] 
[0.220s]     catkinConfig.cmake
[0.220s]     catkin-config.cmake
[0.220s] 
[0.220s]   Add the installation prefix of "catkin" to CMAKE_PREFIX_PATH or set
[0.220s]   "catkin_DIR" to a directory containing one of the above files.  If "catkin"
[0.220s]   provides a separate development package or SDK, be sure it has been
[0.220s]   installed.
[0.220s] 
[0.221s] [0m
[0.221s] -- Configuring incomplete, errors occurred!
[0.221s] See also "/home/lin/PRACTICE-Simulator/build/practice3_description2/CMakeFiles/CMakeOutput.log".
[0.319s] Invoked command in '/home/lin/PRACTICE-Simulator/build/practice3_description2' returned '1': /usr/bin/cmake /home/lin/PRACTICE-Simulator/practice_sim/src/practice3_description2 -DCATKIN_INSTALL_INTO_PREFIX_ROOT=0 -DCMAKE_INSTALL_PREFIX=/home/lin/PRACTICE-Simulator/install/practice3_description2
