[0.520s] Invoking command in '/home/lin/PRACTICE-Simulator/practice_sim/src/balance_infantry_urdf': CONDA_PROMPT_MODIFIER=(genesis) PYTHONPATH=/home/lin/PRACTICE-Simulator/practice_sim/build/balance_infantry_urdf/prefix_override:/usr/lib/python3/dist-packages/colcon_core/task/python/colcon_distutils_commands:/home/lin/PRACTICE-Simulator/practice_sim/install/balance_infantry_urdf/lib/python3.10/site-packages:${PYTHONPATH} /usr/bin/python3 -W ignore:setup.py install is deprecated setup.py egg_info --egg-base ../../build/balance_infantry_urdf build --build-base /home/lin/PRACTICE-Simulator/practice_sim/build/balance_infantry_urdf/build install --record /home/lin/PRACTICE-Simulator/practice_sim/build/balance_infantry_urdf/install.log --single-version-externally-managed install_data
[0.630s] running egg_info
[0.630s] writing ../../build/balance_infantry_urdf/balance_infantry_urdf.egg-info/PKG-INFO
[0.630s] writing dependency_links to ../../build/balance_infantry_urdf/balance_infantry_urdf.egg-info/dependency_links.txt
[0.630s] writing entry points to ../../build/balance_infantry_urdf/balance_infantry_urdf.egg-info/entry_points.txt
[0.630s] writing requirements to ../../build/balance_infantry_urdf/balance_infantry_urdf.egg-info/requires.txt
[0.630s] writing top-level names to ../../build/balance_infantry_urdf/balance_infantry_urdf.egg-info/top_level.txt
[0.631s] reading manifest file '../../build/balance_infantry_urdf/balance_infantry_urdf.egg-info/SOURCES.txt'
[0.631s] writing manifest file '../../build/balance_infantry_urdf/balance_infantry_urdf.egg-info/SOURCES.txt'
[0.631s] running build
[0.632s] running build_py
[0.632s] running install
[0.632s] running install_lib
[0.632s] running install_data
[0.632s] running install_egg_info
[0.633s] removing '/home/lin/PRACTICE-Simulator/practice_sim/install/balance_infantry_urdf/lib/python3.10/site-packages/balance_infantry_urdf-0.0.0-py3.10.egg-info' (and everything under it)
[0.633s] Copying ../../build/balance_infantry_urdf/balance_infantry_urdf.egg-info to /home/lin/PRACTICE-Simulator/practice_sim/install/balance_infantry_urdf/lib/python3.10/site-packages/balance_infantry_urdf-0.0.0-py3.10.egg-info
[0.633s] running install_scripts
[0.643s] writing list of installed files to '/home/lin/PRACTICE-Simulator/practice_sim/build/balance_infantry_urdf/install.log'
[0.655s] Invoked command in '/home/lin/PRACTICE-Simulator/practice_sim/src/balance_infantry_urdf' returned '0': CONDA_PROMPT_MODIFIER=(genesis) PYTHONPATH=/home/lin/PRACTICE-Simulator/practice_sim/build/balance_infantry_urdf/prefix_override:/usr/lib/python3/dist-packages/colcon_core/task/python/colcon_distutils_commands:/home/lin/PRACTICE-Simulator/practice_sim/install/balance_infantry_urdf/lib/python3.10/site-packages:${PYTHONPATH} /usr/bin/python3 -W ignore:setup.py install is deprecated setup.py egg_info --egg-base ../../build/balance_infantry_urdf build --build-base /home/lin/PRACTICE-Simulator/practice_sim/build/balance_infantry_urdf/build install --record /home/lin/PRACTICE-Simulator/practice_sim/build/balance_infantry_urdf/install.log --single-version-externally-managed install_data
