[0.398s] Invoking command in '/home/lin/PRACTICE-Simulator/practice_sim/src/practice3_urdf': PYTHONPATH=/home/lin/PRACTICE-Simulator/build/practice3_urdf/prefix_override:/usr/lib/python3/dist-packages/colcon_core/task/python/colcon_distutils_commands:/home/lin/PRACTICE-Simulator/install/practice3_urdf/lib/python3.10/site-packages:${PYTHONPATH} /usr/bin/python3 -W ignore:setup.py install is deprecated setup.py egg_info --egg-base ../../../build/practice3_urdf build --build-base /home/lin/PRACTICE-Simulator/build/practice3_urdf/build install --record /home/lin/PRACTICE-Simulator/build/practice3_urdf/install.log --single-version-externally-managed install_data
[0.509s] running egg_info
[0.509s] creating ../../../build/practice3_urdf/practice3_urdf.egg-info
[0.509s] writing ../../../build/practice3_urdf/practice3_urdf.egg-info/PKG-INFO
[0.509s] writing dependency_links to ../../../build/practice3_urdf/practice3_urdf.egg-info/dependency_links.txt
[0.509s] writing entry points to ../../../build/practice3_urdf/practice3_urdf.egg-info/entry_points.txt
[0.509s] writing requirements to ../../../build/practice3_urdf/practice3_urdf.egg-info/requires.txt
[0.509s] writing top-level names to ../../../build/practice3_urdf/practice3_urdf.egg-info/top_level.txt
[0.509s] writing manifest file '../../../build/practice3_urdf/practice3_urdf.egg-info/SOURCES.txt'
[0.510s] reading manifest file '../../../build/practice3_urdf/practice3_urdf.egg-info/SOURCES.txt'
[0.510s] writing manifest file '../../../build/practice3_urdf/practice3_urdf.egg-info/SOURCES.txt'
[0.510s] running build
[0.510s] running build_py
[0.510s] creating /home/lin/PRACTICE-Simulator/build/practice3_urdf/build
[0.510s] creating /home/lin/PRACTICE-Simulator/build/practice3_urdf/build/lib
[0.510s] creating /home/lin/PRACTICE-Simulator/build/practice3_urdf/build/lib/practice3_urdf
[0.510s] copying practice3_urdf/__init__.py -> /home/lin/PRACTICE-Simulator/build/practice3_urdf/build/lib/practice3_urdf
[0.510s] running install
[0.510s] running install_lib
[0.511s] creating /home/lin/PRACTICE-Simulator/install/practice3_urdf/lib/python3.10/site-packages/practice3_urdf
[0.511s] copying /home/lin/PRACTICE-Simulator/build/practice3_urdf/build/lib/practice3_urdf/__init__.py -> /home/lin/PRACTICE-Simulator/install/practice3_urdf/lib/python3.10/site-packages/practice3_urdf
[0.511s] byte-compiling /home/lin/PRACTICE-Simulator/install/practice3_urdf/lib/python3.10/site-packages/practice3_urdf/__init__.py to __init__.cpython-310.pyc
[0.511s] running install_data
[0.511s] creating /home/lin/PRACTICE-Simulator/install/practice3_urdf/share/ament_index
[0.511s] creating /home/lin/PRACTICE-Simulator/install/practice3_urdf/share/ament_index/resource_index
[0.511s] creating /home/lin/PRACTICE-Simulator/install/practice3_urdf/share/ament_index/resource_index/packages
[0.511s] copying resource/practice3_urdf -> /home/lin/PRACTICE-Simulator/install/practice3_urdf/share/ament_index/resource_index/packages
[0.511s] copying package.xml -> /home/lin/PRACTICE-Simulator/install/practice3_urdf/share/practice3_urdf
[0.511s] creating /home/lin/PRACTICE-Simulator/install/practice3_urdf/share/practice3_urdf/launch
[0.511s] copying launch/display_urdf.launch.py -> /home/lin/PRACTICE-Simulator/install/practice3_urdf/share/practice3_urdf/launch
[0.511s] creating /home/lin/PRACTICE-Simulator/install/practice3_urdf/share/practice3_urdf/urdf
[0.511s] copying urdf/practice3.urdf -> /home/lin/PRACTICE-Simulator/install/practice3_urdf/share/practice3_urdf/urdf
[0.511s] creating /home/lin/PRACTICE-Simulator/install/practice3_urdf/share/practice3_urdf/meshes
[0.511s] copying meshes/R_Ankle_Link.STL -> /home/lin/PRACTICE-Simulator/install/practice3_urdf/share/practice3_urdf/meshes
[0.512s] copying meshes/L_Ankle_Link.STL -> /home/lin/PRACTICE-Simulator/install/practice3_urdf/share/practice3_urdf/meshes
[0.512s] copying meshes/L_Hip_Link.STL -> /home/lin/PRACTICE-Simulator/install/practice3_urdf/share/practice3_urdf/meshes
[0.512s] copying meshes/R_Wheel_Link.STL -> /home/lin/PRACTICE-Simulator/install/practice3_urdf/share/practice3_urdf/meshes
[0.513s] copying meshes/L_Knee_Link.STL -> /home/lin/PRACTICE-Simulator/install/practice3_urdf/share/practice3_urdf/meshes
[0.513s] copying meshes/R_Hip_Link.STL -> /home/lin/PRACTICE-Simulator/install/practice3_urdf/share/practice3_urdf/meshes
[0.513s] copying meshes/base_link.STL -> /home/lin/PRACTICE-Simulator/install/practice3_urdf/share/practice3_urdf/meshes
[0.518s] copying meshes/R_Knee_Link.STL -> /home/lin/PRACTICE-Simulator/install/practice3_urdf/share/practice3_urdf/meshes
[0.519s] copying meshes/L_Wheel_Link.STL -> /home/lin/PRACTICE-Simulator/install/practice3_urdf/share/practice3_urdf/meshes
[0.519s] running install_egg_info
[0.520s] Copying ../../../build/practice3_urdf/practice3_urdf.egg-info to /home/lin/PRACTICE-Simulator/install/practice3_urdf/lib/python3.10/site-packages/practice3_urdf-0.0.0-py3.10.egg-info
[0.520s] running install_scripts
[0.530s] writing list of installed files to '/home/lin/PRACTICE-Simulator/build/practice3_urdf/install.log'
[0.541s] Invoked command in '/home/lin/PRACTICE-Simulator/practice_sim/src/practice3_urdf' returned '0': PYTHONPATH=/home/lin/PRACTICE-Simulator/build/practice3_urdf/prefix_override:/usr/lib/python3/dist-packages/colcon_core/task/python/colcon_distutils_commands:/home/lin/PRACTICE-Simulator/install/practice3_urdf/lib/python3.10/site-packages:${PYTHONPATH} /usr/bin/python3 -W ignore:setup.py install is deprecated setup.py egg_info --egg-base ../../../build/practice3_urdf build --build-base /home/lin/PRACTICE-Simulator/build/practice3_urdf/build install --record /home/lin/PRACTICE-Simulator/build/practice3_urdf/install.log --single-version-externally-managed install_data
