running egg_info
creating ../../../build/balance_infantry_urdf/balance_infantry_urdf.egg-info
writing ../../../build/balance_infantry_urdf/balance_infantry_urdf.egg-info/PKG-INFO
writing dependency_links to ../../../build/balance_infantry_urdf/balance_infantry_urdf.egg-info/dependency_links.txt
writing entry points to ../../../build/balance_infantry_urdf/balance_infantry_urdf.egg-info/entry_points.txt
writing requirements to ../../../build/balance_infantry_urdf/balance_infantry_urdf.egg-info/requires.txt
writing top-level names to ../../../build/balance_infantry_urdf/balance_infantry_urdf.egg-info/top_level.txt
writing manifest file '../../../build/balance_infantry_urdf/balance_infantry_urdf.egg-info/SOURCES.txt'
reading manifest file '../../../build/balance_infantry_urdf/balance_infantry_urdf.egg-info/SOURCES.txt'
writing manifest file '../../../build/balance_infantry_urdf/balance_infantry_urdf.egg-info/SOURCES.txt'
running build
running build_py
creating /home/lin/PRACTICE-Simulator/build/balance_infantry_urdf/build
creating /home/lin/PRACTICE-Simulator/build/balance_infantry_urdf/build/lib
creating /home/lin/PRACTICE-Simulator/build/balance_infantry_urdf/build/lib/balance_infantry_urdf
copying balance_infantry_urdf/__init__.py -> /home/lin/PRACTICE-Simulator/build/balance_infantry_urdf/build/lib/balance_infantry_urdf
running install
running install_lib
creating /home/lin/PRACTICE-Simulator/install/balance_infantry_urdf/lib/python3.10/site-packages/balance_infantry_urdf
copying /home/lin/PRACTICE-Simulator/build/balance_infantry_urdf/build/lib/balance_infantry_urdf/__init__.py -> /home/lin/PRACTICE-Simulator/install/balance_infantry_urdf/lib/python3.10/site-packages/balance_infantry_urdf
byte-compiling /home/lin/PRACTICE-Simulator/install/balance_infantry_urdf/lib/python3.10/site-packages/balance_infantry_urdf/__init__.py to __init__.cpython-310.pyc
running install_data
creating /home/lin/PRACTICE-Simulator/install/balance_infantry_urdf/share/ament_index
creating /home/lin/PRACTICE-Simulator/install/balance_infantry_urdf/share/ament_index/resource_index
creating /home/lin/PRACTICE-Simulator/install/balance_infantry_urdf/share/ament_index/resource_index/packages
copying resource/balance_infantry_urdf -> /home/lin/PRACTICE-Simulator/install/balance_infantry_urdf/share/ament_index/resource_index/packages
copying package.xml -> /home/lin/PRACTICE-Simulator/install/balance_infantry_urdf/share/balance_infantry_urdf
creating /home/lin/PRACTICE-Simulator/install/balance_infantry_urdf/share/balance_infantry_urdf/launch
copying launch/display_urdf.launch.py -> /home/lin/PRACTICE-Simulator/install/balance_infantry_urdf/share/balance_infantry_urdf/launch
creating /home/lin/PRACTICE-Simulator/install/balance_infantry_urdf/share/balance_infantry_urdf/urdf
copying urdf/balance_infantry.urdf -> /home/lin/PRACTICE-Simulator/install/balance_infantry_urdf/share/balance_infantry_urdf/urdf
copying urdf/base_link.STL -> /home/lin/PRACTICE-Simulator/install/balance_infantry_urdf/share/balance_infantry_urdf/urdf
creating /home/lin/PRACTICE-Simulator/install/balance_infantry_urdf/share/balance_infantry_urdf/meshes
copying meshes/base_link.STL -> /home/lin/PRACTICE-Simulator/install/balance_infantry_urdf/share/balance_infantry_urdf/meshes
running install_egg_info
Copying ../../../build/balance_infantry_urdf/balance_infantry_urdf.egg-info to /home/lin/PRACTICE-Simulator/install/balance_infantry_urdf/lib/python3.10/site-packages/balance_infantry_urdf-0.0.0-py3.10.egg-info
running install_scripts
writing list of installed files to '/home/lin/PRACTICE-Simulator/build/balance_infantry_urdf/install.log'
