[0.566s] Invoking command in '/home/lin/PRACTICE-Simulator/practice_sim/src/balance_infantry_urdf': PYTHONPATH=/home/lin/PRACTICE-Simulator/build/balance_infantry_urdf/prefix_override:/usr/lib/python3/dist-packages/colcon_core/task/python/colcon_distutils_commands:/home/lin/PRACTICE-Simulator/install/balance_infantry_urdf/lib/python3.10/site-packages: /usr/bin/python3 -W ignore:setup.py install is deprecated -W ignore:easy_install command is deprecated setup.py egg_info --egg-base ../../../build/balance_infantry_urdf build --build-base /home/lin/PRACTICE-Simulator/build/balance_infantry_urdf/build install --record /home/lin/PRACTICE-Simulator/build/balance_infantry_urdf/install.log --single-version-externally-managed install_data
[0.664s] running egg_info
[0.664s] creating ../../../build/balance_infantry_urdf/balance_infantry_urdf.egg-info
[0.664s] writing ../../../build/balance_infantry_urdf/balance_infantry_urdf.egg-info/PKG-INFO
[0.664s] writing dependency_links to ../../../build/balance_infantry_urdf/balance_infantry_urdf.egg-info/dependency_links.txt
[0.664s] writing entry points to ../../../build/balance_infantry_urdf/balance_infantry_urdf.egg-info/entry_points.txt
[0.664s] writing requirements to ../../../build/balance_infantry_urdf/balance_infantry_urdf.egg-info/requires.txt
[0.664s] writing top-level names to ../../../build/balance_infantry_urdf/balance_infantry_urdf.egg-info/top_level.txt
[0.664s] writing manifest file '../../../build/balance_infantry_urdf/balance_infantry_urdf.egg-info/SOURCES.txt'
[0.665s] reading manifest file '../../../build/balance_infantry_urdf/balance_infantry_urdf.egg-info/SOURCES.txt'
[0.666s] writing manifest file '../../../build/balance_infantry_urdf/balance_infantry_urdf.egg-info/SOURCES.txt'
[0.666s] running build
[0.666s] running build_py
[0.666s] creating /home/lin/PRACTICE-Simulator/build/balance_infantry_urdf/build
[0.666s] creating /home/lin/PRACTICE-Simulator/build/balance_infantry_urdf/build/lib
[0.666s] creating /home/lin/PRACTICE-Simulator/build/balance_infantry_urdf/build/lib/balance_infantry_urdf
[0.666s] copying balance_infantry_urdf/__init__.py -> /home/lin/PRACTICE-Simulator/build/balance_infantry_urdf/build/lib/balance_infantry_urdf
[0.666s] running install
[0.667s] running install_lib
[0.667s] creating /home/lin/PRACTICE-Simulator/install/balance_infantry_urdf/lib/python3.10/site-packages/balance_infantry_urdf
[0.667s] copying /home/lin/PRACTICE-Simulator/build/balance_infantry_urdf/build/lib/balance_infantry_urdf/__init__.py -> /home/lin/PRACTICE-Simulator/install/balance_infantry_urdf/lib/python3.10/site-packages/balance_infantry_urdf
[0.667s] byte-compiling /home/lin/PRACTICE-Simulator/install/balance_infantry_urdf/lib/python3.10/site-packages/balance_infantry_urdf/__init__.py to __init__.cpython-310.pyc
[0.667s] running install_data
[0.667s] creating /home/lin/PRACTICE-Simulator/install/balance_infantry_urdf/share/ament_index
[0.667s] creating /home/lin/PRACTICE-Simulator/install/balance_infantry_urdf/share/ament_index/resource_index
[0.667s] creating /home/lin/PRACTICE-Simulator/install/balance_infantry_urdf/share/ament_index/resource_index/packages
[0.667s] copying resource/balance_infantry_urdf -> /home/lin/PRACTICE-Simulator/install/balance_infantry_urdf/share/ament_index/resource_index/packages
[0.667s] copying package.xml -> /home/lin/PRACTICE-Simulator/install/balance_infantry_urdf/share/balance_infantry_urdf
[0.667s] creating /home/lin/PRACTICE-Simulator/install/balance_infantry_urdf/share/balance_infantry_urdf/launch
[0.667s] copying launch/display_urdf.launch.py -> /home/lin/PRACTICE-Simulator/install/balance_infantry_urdf/share/balance_infantry_urdf/launch
[0.667s] creating /home/lin/PRACTICE-Simulator/install/balance_infantry_urdf/share/balance_infantry_urdf/urdf
[0.667s] copying urdf/balance_infantry.urdf -> /home/lin/PRACTICE-Simulator/install/balance_infantry_urdf/share/balance_infantry_urdf/urdf
[0.667s] copying urdf/base_link.STL -> /home/lin/PRACTICE-Simulator/install/balance_infantry_urdf/share/balance_infantry_urdf/urdf
[0.738s] creating /home/lin/PRACTICE-Simulator/install/balance_infantry_urdf/share/balance_infantry_urdf/meshes
[0.738s] copying meshes/base_link.STL -> /home/lin/PRACTICE-Simulator/install/balance_infantry_urdf/share/balance_infantry_urdf/meshes
[0.814s] running install_egg_info
[0.815s] Copying ../../../build/balance_infantry_urdf/balance_infantry_urdf.egg-info to /home/lin/PRACTICE-Simulator/install/balance_infantry_urdf/lib/python3.10/site-packages/balance_infantry_urdf-0.0.0-py3.10.egg-info
[0.815s] running install_scripts
[0.824s] writing list of installed files to '/home/lin/PRACTICE-Simulator/build/balance_infantry_urdf/install.log'
