/home/linpc/PRACTICE-Simulator/practice_sim/install/practice3_urdf/lib/python3.10/site-packages/practice3_urdf/__init__.py
/home/linpc/PRACTICE-Simulator/practice_sim/install/practice3_urdf/lib/python3.10/site-packages/practice3_urdf/__pycache__/__init__.cpython-310.pyc
/home/linpc/PRACTICE-Simulator/practice_sim/install/practice3_urdf/share/ament_index/resource_index/packages/practice3_urdf
/home/linpc/PRACTICE-Simulator/practice_sim/install/practice3_urdf/share/practice3_urdf/package.xml
/home/linpc/PRACTICE-Simulator/practice_sim/install/practice3_urdf/share/practice3_urdf/launch/display_urdf.launch.py
/home/linpc/PRACTICE-Simulator/practice_sim/install/practice3_urdf/share/practice3_urdf/urdf/practice3.urdf
/home/linpc/PRACTICE-Simulator/practice_sim/install/practice3_urdf/share/practice3_urdf/meshes/L_Hip_Link.STL
/home/linpc/PRACTICE-Simulator/practice_sim/install/practice3_urdf/share/practice3_urdf/meshes/R_Wheel_Link.STL
/home/linpc/PRACTICE-Simulator/practice_sim/install/practice3_urdf/share/practice3_urdf/meshes/R_Knee_Link.STL
/home/linpc/PRACTICE-Simulator/practice_sim/install/practice3_urdf/share/practice3_urdf/meshes/base_link.STL
/home/linpc/PRACTICE-Simulator/practice_sim/install/practice3_urdf/share/practice3_urdf/meshes/R_Hip_Link.STL
/home/linpc/PRACTICE-Simulator/practice_sim/install/practice3_urdf/share/practice3_urdf/meshes/R_Ankle_Link.STL
/home/linpc/PRACTICE-Simulator/practice_sim/install/practice3_urdf/share/practice3_urdf/meshes/L_Knee_Link.STL
/home/linpc/PRACTICE-Simulator/practice_sim/install/practice3_urdf/share/practice3_urdf/meshes/L_Ankle_Link.STL
/home/linpc/PRACTICE-Simulator/practice_sim/install/practice3_urdf/share/practice3_urdf/meshes/L_Wheel_Link.STL
/home/linpc/PRACTICE-Simulator/practice_sim/install/practice3_urdf/lib/python3.10/site-packages/practice3_urdf-0.0.0-py3.10.egg-info/SOURCES.txt
/home/linpc/PRACTICE-Simulator/practice_sim/install/practice3_urdf/lib/python3.10/site-packages/practice3_urdf-0.0.0-py3.10.egg-info/entry_points.txt
/home/linpc/PRACTICE-Simulator/practice_sim/install/practice3_urdf/lib/python3.10/site-packages/practice3_urdf-0.0.0-py3.10.egg-info/dependency_links.txt
/home/linpc/PRACTICE-Simulator/practice_sim/install/practice3_urdf/lib/python3.10/site-packages/practice3_urdf-0.0.0-py3.10.egg-info/zip-safe
/home/linpc/PRACTICE-Simulator/practice_sim/install/practice3_urdf/lib/python3.10/site-packages/practice3_urdf-0.0.0-py3.10.egg-info/top_level.txt
/home/linpc/PRACTICE-Simulator/practice_sim/install/practice3_urdf/lib/python3.10/site-packages/practice3_urdf-0.0.0-py3.10.egg-info/PKG-INFO
/home/linpc/PRACTICE-Simulator/practice_sim/install/practice3_urdf/lib/python3.10/site-packages/practice3_urdf-0.0.0-py3.10.egg-info/requires.txt
