[0.535s] Invoking command in '/home/linpc/PRACTICE-Simulator/practice_sim/src/balance_infantry_urdf': PYTHONPATH=/home/linpc/PRACTICE-Simulator/practice_sim/build/balance_infantry_urdf/prefix_override:/usr/lib/python3/dist-packages/colcon_core/task/python/colcon_distutils_commands:/home/linpc/PRACTICE-Simulator/practice_sim/install/balance_infantry_urdf/lib/python3.10/site-packages:${PYTHONPATH} /usr/bin/python3 -W ignore:setup.py install is deprecated setup.py egg_info --egg-base ../../build/balance_infantry_urdf build --build-base /home/linpc/PRACTICE-Simulator/practice_sim/build/balance_infantry_urdf/build install --record /home/linpc/PRACTICE-Simulator/practice_sim/build/balance_infantry_urdf/install.log --single-version-externally-managed install_data
[0.713s] running egg_info
[0.713s] writing ../../build/balance_infantry_urdf/balance_infantry_urdf.egg-info/PKG-INFO
[0.713s] writing dependency_links to ../../build/balance_infantry_urdf/balance_infantry_urdf.egg-info/dependency_links.txt
[0.713s] writing entry points to ../../build/balance_infantry_urdf/balance_infantry_urdf.egg-info/entry_points.txt
[0.713s] writing requirements to ../../build/balance_infantry_urdf/balance_infantry_urdf.egg-info/requires.txt
[0.713s] writing top-level names to ../../build/balance_infantry_urdf/balance_infantry_urdf.egg-info/top_level.txt
[0.715s] reading manifest file '../../build/balance_infantry_urdf/balance_infantry_urdf.egg-info/SOURCES.txt'
[0.716s] writing manifest file '../../build/balance_infantry_urdf/balance_infantry_urdf.egg-info/SOURCES.txt'
[0.717s] running build
[0.717s] running build_py
[0.717s] running install
[0.717s] running install_lib
[0.718s] running install_data
[0.718s] copying launch/display_urdf.launch.py -> /home/linpc/PRACTICE-Simulator/practice_sim/install/balance_infantry_urdf/share/balance_infantry_urdf/launch
[0.718s] copying urdf/balance_infantry.urdf -> /home/linpc/PRACTICE-Simulator/practice_sim/install/balance_infantry_urdf/share/balance_infantry_urdf/urdf
[0.718s] running install_egg_info
[0.720s] removing '/home/linpc/PRACTICE-Simulator/practice_sim/install/balance_infantry_urdf/lib/python3.10/site-packages/balance_infantry_urdf-0.0.0-py3.10.egg-info' (and everything under it)
[0.720s] Copying ../../build/balance_infantry_urdf/balance_infantry_urdf.egg-info to /home/linpc/PRACTICE-Simulator/practice_sim/install/balance_infantry_urdf/lib/python3.10/site-packages/balance_infantry_urdf-0.0.0-py3.10.egg-info
[0.721s] running install_scripts
[0.737s] writing list of installed files to '/home/linpc/PRACTICE-Simulator/practice_sim/build/balance_infantry_urdf/install.log'
[0.754s] Invoked command in '/home/linpc/PRACTICE-Simulator/practice_sim/src/balance_infantry_urdf' returned '0': PYTHONPATH=/home/linpc/PRACTICE-Simulator/practice_sim/build/balance_infantry_urdf/prefix_override:/usr/lib/python3/dist-packages/colcon_core/task/python/colcon_distutils_commands:/home/linpc/PRACTICE-Simulator/practice_sim/install/balance_infantry_urdf/lib/python3.10/site-packages:${PYTHONPATH} /usr/bin/python3 -W ignore:setup.py install is deprecated setup.py egg_info --egg-base ../../build/balance_infantry_urdf build --build-base /home/linpc/PRACTICE-Simulator/practice_sim/build/balance_infantry_urdf/build install --record /home/linpc/PRACTICE-Simulator/practice_sim/build/balance_infantry_urdf/install.log --single-version-externally-managed install_data
