[0.354s] Invoking command in '/home/linpc/practice_sim/src/balance_infantry_urdf': PYTHONPATH=/home/linpc/practice_sim/build/balance_infantry_urdf/prefix_override:/usr/lib/python3/dist-packages/colcon_core/task/python/colcon_distutils_commands:/home/linpc/practice_sim/install/balance_infantry_urdf/lib/python3.10/site-packages:${PYTHONPATH} /usr/bin/python3 -W ignore:setup.py install is deprecated setup.py egg_info --egg-base ../../build/balance_infantry_urdf build --build-base /home/linpc/practice_sim/build/balance_infantry_urdf/build install --record /home/linpc/practice_sim/build/balance_infantry_urdf/install.log --single-version-externally-managed install_data
[0.484s] running egg_info
[0.484s] writing ../../build/balance_infantry_urdf/balance_infantry_urdf.egg-info/PKG-INFO
[0.485s] writing dependency_links to ../../build/balance_infantry_urdf/balance_infantry_urdf.egg-info/dependency_links.txt
[0.485s] writing entry points to ../../build/balance_infantry_urdf/balance_infantry_urdf.egg-info/entry_points.txt
[0.485s] writing requirements to ../../build/balance_infantry_urdf/balance_infantry_urdf.egg-info/requires.txt
[0.485s] writing top-level names to ../../build/balance_infantry_urdf/balance_infantry_urdf.egg-info/top_level.txt
[0.486s] reading manifest file '../../build/balance_infantry_urdf/balance_infantry_urdf.egg-info/SOURCES.txt'
[0.486s] writing manifest file '../../build/balance_infantry_urdf/balance_infantry_urdf.egg-info/SOURCES.txt'
[0.486s] running build
[0.486s] running build_py
[0.487s] running install
[0.487s] running install_lib
[0.488s] running install_data
[0.488s] creating /home/linpc/practice_sim/install/balance_infantry_urdf/share/balance_infantry_urdf/meshes
[0.488s] copying meshes/base_link.STL -> /home/linpc/practice_sim/install/balance_infantry_urdf/share/balance_infantry_urdf/meshes
[0.531s] running install_egg_info
[0.534s] removing '/home/linpc/practice_sim/install/balance_infantry_urdf/lib/python3.10/site-packages/balance_infantry_urdf-0.0.0-py3.10.egg-info' (and everything under it)
[0.534s] Copying ../../build/balance_infantry_urdf/balance_infantry_urdf.egg-info to /home/linpc/practice_sim/install/balance_infantry_urdf/lib/python3.10/site-packages/balance_infantry_urdf-0.0.0-py3.10.egg-info
[0.534s] running install_scripts
[0.549s] writing list of installed files to '/home/linpc/practice_sim/build/balance_infantry_urdf/install.log'
[0.570s] Invoked command in '/home/linpc/practice_sim/src/balance_infantry_urdf' returned '0': PYTHONPATH=/home/linpc/practice_sim/build/balance_infantry_urdf/prefix_override:/usr/lib/python3/dist-packages/colcon_core/task/python/colcon_distutils_commands:/home/linpc/practice_sim/install/balance_infantry_urdf/lib/python3.10/site-packages:${PYTHONPATH} /usr/bin/python3 -W ignore:setup.py install is deprecated setup.py egg_info --egg-base ../../build/balance_infantry_urdf build --build-base /home/linpc/practice_sim/build/balance_infantry_urdf/build install --record /home/linpc/practice_sim/build/balance_infantry_urdf/install.log --single-version-externally-managed install_data
