[1.039s] Invoking command in '/home/linpc/PRACTICE-Simulator/practice_sim/src/practice3_urdf': PYTHONPATH=/home/linpc/PRACTICE-Simulator/practice_sim/build/practice3_urdf/prefix_override:/usr/lib/python3/dist-packages/colcon_core/task/python/colcon_distutils_commands:/home/linpc/PRACTICE-Simulator/practice_sim/install/practice3_urdf/lib/python3.10/site-packages:${PYTHONPATH} /usr/bin/python3 -W ignore:setup.py install is deprecated setup.py egg_info --egg-base ../../build/practice3_urdf build --build-base /home/linpc/PRACTICE-Simulator/practice_sim/build/practice3_urdf/build install --record /home/linpc/PRACTICE-Simulator/practice_sim/build/practice3_urdf/install.log --single-version-externally-managed install_data
[1.290s] running egg_info
[1.290s] writing ../../build/practice3_urdf/practice3_urdf.egg-info/PKG-INFO
[1.291s] writing dependency_links to ../../build/practice3_urdf/practice3_urdf.egg-info/dependency_links.txt
[1.291s] writing entry points to ../../build/practice3_urdf/practice3_urdf.egg-info/entry_points.txt
[1.291s] writing requirements to ../../build/practice3_urdf/practice3_urdf.egg-info/requires.txt
[1.291s] writing top-level names to ../../build/practice3_urdf/practice3_urdf.egg-info/top_level.txt
[1.314s] reading manifest file '../../build/practice3_urdf/practice3_urdf.egg-info/SOURCES.txt'
[1.316s] writing manifest file '../../build/practice3_urdf/practice3_urdf.egg-info/SOURCES.txt'
[1.316s] running build
[1.316s] running build_py
[1.317s] running install
[1.317s] running install_lib
[1.318s] running install_data
[1.318s] copying launch/display_urdf.launch.py -> /home/linpc/PRACTICE-Simulator/practice_sim/install/practice3_urdf/share/practice3_urdf/launch
[1.319s] running install_egg_info
[1.320s] removing '/home/linpc/PRACTICE-Simulator/practice_sim/install/practice3_urdf/lib/python3.10/site-packages/practice3_urdf-0.0.0-py3.10.egg-info' (and everything under it)
[1.321s] Copying ../../build/practice3_urdf/practice3_urdf.egg-info to /home/linpc/PRACTICE-Simulator/practice_sim/install/practice3_urdf/lib/python3.10/site-packages/practice3_urdf-0.0.0-py3.10.egg-info
[1.321s] running install_scripts
[1.343s] writing list of installed files to '/home/linpc/PRACTICE-Simulator/practice_sim/build/practice3_urdf/install.log'
[1.365s] Invoked command in '/home/linpc/PRACTICE-Simulator/practice_sim/src/practice3_urdf' returned '0': PYTHONPATH=/home/linpc/PRACTICE-Simulator/practice_sim/build/practice3_urdf/prefix_override:/usr/lib/python3/dist-packages/colcon_core/task/python/colcon_distutils_commands:/home/linpc/PRACTICE-Simulator/practice_sim/install/practice3_urdf/lib/python3.10/site-packages:${PYTHONPATH} /usr/bin/python3 -W ignore:setup.py install is deprecated setup.py egg_info --egg-base ../../build/practice3_urdf build --build-base /home/linpc/PRACTICE-Simulator/practice_sim/build/practice3_urdf/build install --record /home/linpc/PRACTICE-Simulator/practice_sim/build/practice3_urdf/install.log --single-version-externally-managed install_data
