[0.904s] Invoking command in '/home/lin/PRACTICE-Simulator/practice_sim/src/balance_infantry_urdf': PYTHONPATH=/home/lin/PRACTICE-Simulator/build/balance_infantry_urdf/prefix_override:/usr/lib/python3/dist-packages/colcon_core/task/python/colcon_distutils_commands:/home/lin/PRACTICE-Simulator/install/balance_infantry_urdf/lib/python3.10/site-packages:${PYTHONPATH} /usr/bin/python3 -W ignore:setup.py install is deprecated -W ignore:easy_install command is deprecated setup.py egg_info --egg-base ../../../build/balance_infantry_urdf build --build-base /home/lin/PRACTICE-Simulator/build/balance_infantry_urdf/build install --record /home/lin/PRACTICE-Simulator/build/balance_infantry_urdf/install.log --single-version-externally-managed install_data
[1.021s] running egg_info
[1.021s] writing ../../../build/balance_infantry_urdf/balance_infantry_urdf.egg-info/PKG-INFO
[1.021s] writing dependency_links to ../../../build/balance_infantry_urdf/balance_infantry_urdf.egg-info/dependency_links.txt
[1.021s] writing entry points to ../../../build/balance_infantry_urdf/balance_infantry_urdf.egg-info/entry_points.txt
[1.021s] writing requirements to ../../../build/balance_infantry_urdf/balance_infantry_urdf.egg-info/requires.txt
[1.021s] writing top-level names to ../../../build/balance_infantry_urdf/balance_infantry_urdf.egg-info/top_level.txt
[1.022s] reading manifest file '../../../build/balance_infantry_urdf/balance_infantry_urdf.egg-info/SOURCES.txt'
[1.023s] writing manifest file '../../../build/balance_infantry_urdf/balance_infantry_urdf.egg-info/SOURCES.txt'
[1.023s] running build
[1.023s] running build_py
[1.023s] running install
[1.023s] running install_lib
[1.024s] running install_data
[1.024s] running install_egg_info
[1.024s] removing '/home/lin/PRACTICE-Simulator/install/balance_infantry_urdf/lib/python3.10/site-packages/balance_infantry_urdf-0.0.0-py3.10.egg-info' (and everything under it)
[1.024s] Copying ../../../build/balance_infantry_urdf/balance_infantry_urdf.egg-info to /home/lin/PRACTICE-Simulator/install/balance_infantry_urdf/lib/python3.10/site-packages/balance_infantry_urdf-0.0.0-py3.10.egg-info
[1.025s] running install_scripts
[1.034s] writing list of installed files to '/home/lin/PRACTICE-Simulator/build/balance_infantry_urdf/install.log'
[1.048s] Invoked command in '/home/lin/PRACTICE-Simulator/practice_sim/src/balance_infantry_urdf' returned '0': PYTHONPATH=/home/lin/PRACTICE-Simulator/build/balance_infantry_urdf/prefix_override:/usr/lib/python3/dist-packages/colcon_core/task/python/colcon_distutils_commands:/home/lin/PRACTICE-Simulator/install/balance_infantry_urdf/lib/python3.10/site-packages:${PYTHONPATH} /usr/bin/python3 -W ignore:setup.py install is deprecated -W ignore:easy_install command is deprecated setup.py egg_info --egg-base ../../../build/balance_infantry_urdf build --build-base /home/lin/PRACTICE-Simulator/build/balance_infantry_urdf/build install --record /home/lin/PRACTICE-Simulator/build/balance_infantry_urdf/install.log --single-version-externally-managed install_data
