[0.007s] Invoking command in '/home/linpc/practice_sim/build/balance_infantry_urdf': /usr/bin/cmake /home/linpc/practice_sim/src/balance_infantry_urdf -DCATKIN_INSTALL_INTO_PREFIX_ROOT=0 -DCMAKE_INSTALL_PREFIX=/home/linpc/practice_sim/install/balance_infantry_urdf
[0.012s] [0mCMake Deprecation Warning at CMakeLists.txt:1 (cmake_minimum_required):
[0.012s]   Compatibility with CMake < 2.8.12 will be removed from a future version of
[0.012s]   CMake.
[0.013s] 
[0.013s]   Update the VERSION argument <min> value or use a ...<max> suffix to tell
[0.013s]   CMake that the project does not need compatibility with older versions.
[0.013s] 
[0.013s] [0m
[0.091s] -- The C compiler identification is GNU 11.4.0
[0.159s] -- The CXX compiler identification is GNU 11.4.0
[0.166s] -- Detecting C compiler ABI info
[0.214s] -- Detecting C compiler ABI info - done
[0.219s] -- Check for working C compiler: /usr/bin/cc - skipped
[0.220s] -- Detecting C compile features
[0.222s] -- Detecting C compile features - done
[0.225s] -- Detecting CXX compiler ABI info
[0.282s] -- Detecting CXX compiler ABI info - done
[0.287s] -- Check for working CXX compiler: /usr/bin/c++ - skipped
[0.287s] -- Detecting CXX compile features
[0.288s] -- Detecting CXX compile features - done
[0.296s] -- Configuring incomplete, errors occurred!
[0.297s] See also "/home/linpc/practice_sim/build/balance_infantry_urdf/CMakeFiles/CMakeOutput.log".
[0.297s] [31mCMake Error at CMakeLists.txt:5 (find_package):
[0.297s]   By not providing "Findcatkin.cmake" in CMAKE_MODULE_PATH this project has
[0.297s]   asked CMake to find a package configuration file provided by "catkin", but
[0.297s]   CMake did not find one.
[0.297s] 
[0.297s]   Could not find a package configuration file provided by "catkin" with any
[0.297s]   of the following names:
[0.297s] 
[0.297s]     catkinConfig.cmake
[0.297s]     catkin-config.cmake
[0.297s] 
[0.297s]   Add the installation prefix of "catkin" to CMAKE_PREFIX_PATH or set
[0.297s]   "catkin_DIR" to a directory containing one of the above files.  If "catkin"
[0.297s]   provides a separate development package or SDK, be sure it has been
[0.297s]   installed.
[0.297s] 
[0.298s] [0m
[0.300s] Invoked command in '/home/linpc/practice_sim/build/balance_infantry_urdf' returned '1': /usr/bin/cmake /home/linpc/practice_sim/src/balance_infantry_urdf -DCATKIN_INSTALL_INTO_PREFIX_ROOT=0 -DCMAKE_INSTALL_PREFIX=/home/linpc/practice_sim/install/balance_infantry_urdf
