[0.409s] Invoking command in '/home/lin/PRACTICE-Simulator/practice_sim/src/practice3_urdf': PYTHONPATH=/home/lin/PRACTICE-Simulator/build/practice3_urdf/prefix_override:/usr/lib/python3/dist-packages/colcon_core/task/python/colcon_distutils_commands:/home/lin/PRACTICE-Simulator/install/practice3_urdf/lib/python3.10/site-packages:${PYTHONPATH} /usr/bin/python3 -W ignore:setup.py install is deprecated setup.py egg_info --egg-base ../../../build/practice3_urdf build --build-base /home/lin/PRACTICE-Simulator/build/practice3_urdf/build install --record /home/lin/PRACTICE-Simulator/build/practice3_urdf/install.log --single-version-externally-managed install_data
[0.517s] running egg_info
[0.517s] writing ../../../build/practice3_urdf/practice3_urdf.egg-info/PKG-INFO
[0.517s] writing dependency_links to ../../../build/practice3_urdf/practice3_urdf.egg-info/dependency_links.txt
[0.517s] writing entry points to ../../../build/practice3_urdf/practice3_urdf.egg-info/entry_points.txt
[0.517s] writing requirements to ../../../build/practice3_urdf/practice3_urdf.egg-info/requires.txt
[0.517s] writing top-level names to ../../../build/practice3_urdf/practice3_urdf.egg-info/top_level.txt
[0.518s] reading manifest file '../../../build/practice3_urdf/practice3_urdf.egg-info/SOURCES.txt'
[0.518s] writing manifest file '../../../build/practice3_urdf/practice3_urdf.egg-info/SOURCES.txt'
[0.519s] running build
[0.519s] running build_py
[0.519s] running install
[0.519s] running install_lib
[0.519s] running install_data
[0.519s] creating /home/lin/PRACTICE-Simulator/install/practice3_urdf/share/practice3_urdf/practice3/urdf
[0.519s] copying practice3/urdf/practice3.csv -> /home/lin/PRACTICE-Simulator/install/practice3_urdf/share/practice3_urdf/practice3/urdf
[0.519s] copying practice3/urdf/practice3.urdf -> /home/lin/PRACTICE-Simulator/install/practice3_urdf/share/practice3_urdf/practice3/urdf
[0.520s] creating /home/lin/PRACTICE-Simulator/install/practice3_urdf/share/practice3_urdf/practice3/meshes
[0.520s] copying practice3/meshes/R_Ankle_Link.STL -> /home/lin/PRACTICE-Simulator/install/practice3_urdf/share/practice3_urdf/practice3/meshes
[0.520s] copying practice3/meshes/L_Ankle_Link.STL -> /home/lin/PRACTICE-Simulator/install/practice3_urdf/share/practice3_urdf/practice3/meshes
[0.520s] copying practice3/meshes/L_Hip_Link.STL -> /home/lin/PRACTICE-Simulator/install/practice3_urdf/share/practice3_urdf/practice3/meshes
[0.521s] copying practice3/meshes/R_Wheel_Link.STL -> /home/lin/PRACTICE-Simulator/install/practice3_urdf/share/practice3_urdf/practice3/meshes
[0.521s] copying practice3/meshes/L_Knee_Link.STL -> /home/lin/PRACTICE-Simulator/install/practice3_urdf/share/practice3_urdf/practice3/meshes
[0.521s] copying practice3/meshes/R_Hip_Link.STL -> /home/lin/PRACTICE-Simulator/install/practice3_urdf/share/practice3_urdf/practice3/meshes
[0.522s] copying practice3/meshes/base_link.STL -> /home/lin/PRACTICE-Simulator/install/practice3_urdf/share/practice3_urdf/practice3/meshes
[0.530s] copying practice3/meshes/R_Knee_Link.STL -> /home/lin/PRACTICE-Simulator/install/practice3_urdf/share/practice3_urdf/practice3/meshes
[0.530s] copying practice3/meshes/L_Wheel_Link.STL -> /home/lin/PRACTICE-Simulator/install/practice3_urdf/share/practice3_urdf/practice3/meshes
[0.530s] running install_egg_info
[0.531s] removing '/home/lin/PRACTICE-Simulator/install/practice3_urdf/lib/python3.10/site-packages/practice3_urdf-0.0.0-py3.10.egg-info' (and everything under it)
[0.532s] Copying ../../../build/practice3_urdf/practice3_urdf.egg-info to /home/lin/PRACTICE-Simulator/install/practice3_urdf/lib/python3.10/site-packages/practice3_urdf-0.0.0-py3.10.egg-info
[0.532s] running install_scripts
[0.541s] writing list of installed files to '/home/lin/PRACTICE-Simulator/build/practice3_urdf/install.log'
[0.552s] Invoked command in '/home/lin/PRACTICE-Simulator/practice_sim/src/practice3_urdf' returned '0': PYTHONPATH=/home/lin/PRACTICE-Simulator/build/practice3_urdf/prefix_override:/usr/lib/python3/dist-packages/colcon_core/task/python/colcon_distutils_commands:/home/lin/PRACTICE-Simulator/install/practice3_urdf/lib/python3.10/site-packages:${PYTHONPATH} /usr/bin/python3 -W ignore:setup.py install is deprecated setup.py egg_info --egg-base ../../../build/practice3_urdf build --build-base /home/lin/PRACTICE-Simulator/build/practice3_urdf/build install --record /home/lin/PRACTICE-Simulator/build/practice3_urdf/install.log --single-version-externally-managed install_data
