[0.371s] Invoking command in '/home/lin/PRACTICE-Simulator/build/practice3_description3': /usr/bin/cmake /home/lin/PRACTICE-Simulator/practice_sim/src/practice3_description3 -DCATKIN_INSTALL_INTO_PREFIX_ROOT=0 -DCMAKE_INSTALL_PREFIX=/home/lin/PRACTICE-Simulator/install/practice3_description3
[0.376s] [0mCMake Deprecation Warning at CMakeLists.txt:1 (cmake_minimum_required):
[0.376s]   Compatibility with CMake < 2.8.12 will be removed from a future version of
[0.376s]   CMake.
[0.376s] 
[0.376s]   Update the VERSION argument <min> value or use a ...<max> suffix to tell
[0.376s]   CMake that the project does not need compatibility with older versions.
[0.376s] 
[0.376s] [0m
[0.433s] -- The C compiler identification is GNU 11.4.0
[0.480s] -- The CXX compiler identification is GNU 11.4.0
[0.487s] -- Detecting C compiler ABI info
[0.530s] -- Detecting C compiler ABI info - done
[0.536s] -- Check for working C compiler: /usr/bin/cc - skipped
[0.537s] -- Detecting C compile features
[0.537s] -- Detecting C compile features - done
[0.541s] -- Detecting CXX compiler ABI info
[0.591s] -- Detecting CXX compiler ABI info - done
[0.595s] -- Check for working CXX compiler: /usr/bin/c++ - skipped
[0.596s] -- Detecting CXX compile features
[0.596s] -- Detecting CXX compile features - done
[0.601s] [31mCMake Error at CMakeLists.txt:5 (find_package):
[0.601s]   By not providing "Findcatkin.cmake" in CMAKE_MODULE_PATH this project has
[0.601s]   asked CMake to find a package configuration file provided by "catkin", but
[0.601s]   CMake did not find one.
[0.601s] 
[0.601s]   Could not find a package configuration file provided by "catkin" with any
[0.601s]   of the following names:
[0.601s] 
[0.601s]     catkinConfig.cmake
[0.601s]     catkin-config.cmake
[0.601s] 
[0.601s]   Add the installation prefix of "catkin" to CMAKE_PREFIX_PATH or set
[0.601s]   "catkin_DIR" to a directory containing one of the above files.  If "catkin"
[0.601s]   provides a separate development package or SDK, be sure it has been
[0.601s]   installed.
[0.601s] 
[0.601s] [0m
[0.602s] -- Configuring incomplete, errors occurred!
[0.602s] See also "/home/lin/PRACTICE-Simulator/build/practice3_description3/CMakeFiles/CMakeOutput.log".
[0.603s] Invoked command in '/home/lin/PRACTICE-Simulator/build/practice3_description3' returned '1': /usr/bin/cmake /home/lin/PRACTICE-Simulator/practice_sim/src/practice3_description3 -DCATKIN_INSTALL_INTO_PREFIX_ROOT=0 -DCMAKE_INSTALL_PREFIX=/home/lin/PRACTICE-Simulator/install/practice3_description3
