[0.651s] Invoking command in '/home/linpc/practice_sim/src/balance_infantry_urdf': PYTHONPATH=/home/linpc/practice_sim/build/balance_infantry_urdf/prefix_override:/usr/lib/python3/dist-packages/colcon_core/task/python/colcon_distutils_commands:/home/linpc/practice_sim/install/balance_infantry_urdf/lib/python3.10/site-packages:${PYTHONPATH} /usr/bin/python3 -W ignore:setup.py install is deprecated setup.py egg_info --egg-base ../../build/balance_infantry_urdf build --build-base /home/linpc/practice_sim/build/balance_infantry_urdf/build install --record /home/linpc/practice_sim/build/balance_infantry_urdf/install.log --single-version-externally-managed install_data
[0.894s] running egg_info
[0.895s] writing ../../build/balance_infantry_urdf/balance_infantry_urdf.egg-info/PKG-INFO
[0.895s] writing dependency_links to ../../build/balance_infantry_urdf/balance_infantry_urdf.egg-info/dependency_links.txt
[0.895s] writing entry points to ../../build/balance_infantry_urdf/balance_infantry_urdf.egg-info/entry_points.txt
[0.896s] writing requirements to ../../build/balance_infantry_urdf/balance_infantry_urdf.egg-info/requires.txt
[0.896s] writing top-level names to ../../build/balance_infantry_urdf/balance_infantry_urdf.egg-info/top_level.txt
[0.898s] reading manifest file '../../build/balance_infantry_urdf/balance_infantry_urdf.egg-info/SOURCES.txt'
[0.900s] writing manifest file '../../build/balance_infantry_urdf/balance_infantry_urdf.egg-info/SOURCES.txt'
[0.900s] running build
[0.900s] running build_py
[0.900s] running install
[0.900s] running install_lib
[0.901s] running install_data
[0.902s] copying urdf/balance_infantry.urdf -> /home/linpc/practice_sim/install/balance_infantry_urdf/share/balance_infantry_urdf/urdf
[0.902s] running install_egg_info
[0.904s] removing '/home/linpc/practice_sim/install/balance_infantry_urdf/lib/python3.10/site-packages/balance_infantry_urdf-0.0.0-py3.10.egg-info' (and everything under it)
[0.904s] Copying ../../build/balance_infantry_urdf/balance_infantry_urdf.egg-info to /home/linpc/practice_sim/install/balance_infantry_urdf/lib/python3.10/site-packages/balance_infantry_urdf-0.0.0-py3.10.egg-info
[0.905s] running install_scripts
[0.926s] writing list of installed files to '/home/linpc/practice_sim/build/balance_infantry_urdf/install.log'
[0.949s] Invoked command in '/home/linpc/practice_sim/src/balance_infantry_urdf' returned '0': PYTHONPATH=/home/linpc/practice_sim/build/balance_infantry_urdf/prefix_override:/usr/lib/python3/dist-packages/colcon_core/task/python/colcon_distutils_commands:/home/linpc/practice_sim/install/balance_infantry_urdf/lib/python3.10/site-packages:${PYTHONPATH} /usr/bin/python3 -W ignore:setup.py install is deprecated setup.py egg_info --egg-base ../../build/balance_infantry_urdf build --build-base /home/linpc/practice_sim/build/balance_infantry_urdf/build install --record /home/linpc/practice_sim/build/balance_infantry_urdf/install.log --single-version-externally-managed install_data
