/home/lin/PRACTICE-Simulator/install/wl/share/ament_index/resource_index/packages/wl
/home/lin/PRACTICE-Simulator/install/wl/share/wl/package.xml
/home/lin/PRACTICE-Simulator/install/wl/share/wl/launch/display_urdf.launch.py
/home/lin/PRACTICE-Simulator/install/wl/share/wl/urdf/wl.csv
/home/lin/PRACTICE-Simulator/install/wl/share/wl/urdf/wl.urdf
/home/lin/PRACTICE-Simulator/install/wl/share/wl/meshes/r_Wheel_Link.STL
/home/lin/PRACTICE-Simulator/install/wl/share/wl/meshes/base_link.obj
/home/lin/PRACTICE-Simulator/install/wl/share/wl/meshes/lf0_Link.STL
/home/lin/PRACTICE-Simulator/install/wl/share/wl/meshes/lf1_Link.dae
/home/lin/PRACTICE-Simulator/install/wl/share/wl/meshes/rf0_Link.dae
/home/lin/PRACTICE-Simulator/install/wl/share/wl/meshes/lf0_Link.dae
/home/lin/PRACTICE-Simulator/install/wl/share/wl/meshes/r_Wheel_Link.obj
/home/lin/PRACTICE-Simulator/install/wl/share/wl/meshes/l_Wheel_Link.dae
/home/lin/PRACTICE-Simulator/install/wl/share/wl/meshes/base_link.dae
/home/lin/PRACTICE-Simulator/install/wl/share/wl/meshes/l_Wheel_Link.STL
/home/lin/PRACTICE-Simulator/install/wl/share/wl/meshes/lf0_Link.obj
/home/lin/PRACTICE-Simulator/install/wl/share/wl/meshes/lf1_Link.obj
/home/lin/PRACTICE-Simulator/install/wl/share/wl/meshes/lf1_Link.STL
/home/lin/PRACTICE-Simulator/install/wl/share/wl/meshes/rf1_Link.dae
/home/lin/PRACTICE-Simulator/install/wl/share/wl/meshes/rf0_Link.obj
/home/lin/PRACTICE-Simulator/install/wl/share/wl/meshes/l_Wheel_Link.obj
/home/lin/PRACTICE-Simulator/install/wl/share/wl/meshes/base_link.STL
/home/lin/PRACTICE-Simulator/install/wl/share/wl/meshes/rf1_Link.obj
/home/lin/PRACTICE-Simulator/install/wl/share/wl/meshes/rf0_Link.STL
/home/lin/PRACTICE-Simulator/install/wl/share/wl/meshes/rf1_Link.STL
/home/lin/PRACTICE-Simulator/install/wl/share/wl/meshes/r_Wheel_Link.dae
/home/lin/PRACTICE-Simulator/install/wl/share/wl/meshes/base_link backup.STL
/home/lin/PRACTICE-Simulator/install/wl/lib/python3.10/site-packages/wl-0.0.0-py3.10.egg-info/entry_points.txt
/home/lin/PRACTICE-Simulator/install/wl/lib/python3.10/site-packages/wl-0.0.0-py3.10.egg-info/PKG-INFO
/home/lin/PRACTICE-Simulator/install/wl/lib/python3.10/site-packages/wl-0.0.0-py3.10.egg-info/requires.txt
/home/lin/PRACTICE-Simulator/install/wl/lib/python3.10/site-packages/wl-0.0.0-py3.10.egg-info/SOURCES.txt
/home/lin/PRACTICE-Simulator/install/wl/lib/python3.10/site-packages/wl-0.0.0-py3.10.egg-info/dependency_links.txt
/home/lin/PRACTICE-Simulator/install/wl/lib/python3.10/site-packages/wl-0.0.0-py3.10.egg-info/top_level.txt
/home/lin/PRACTICE-Simulator/install/wl/lib/python3.10/site-packages/wl-0.0.0-py3.10.egg-info/zip-safe
