/home/lin/PRACTICE-Simulator/install/practice3_description2/share/ament_index/resource_index/packages/practice3_description2
/home/lin/PRACTICE-Simulator/install/practice3_description2/share/practice3_description2/package.xml
/home/lin/PRACTICE-Simulator/install/practice3_description2/share/practice3_description2/launch/display_urdf.launch.py
/home/lin/PRACTICE-Simulator/install/practice3_description2/share/practice3_description2/urdf/practice3_description2.csv
/home/lin/PRACTICE-Simulator/install/practice3_description2/share/practice3_description2/urdf/practice3_description2.urdf
/home/lin/PRACTICE-Simulator/install/practice3_description2/share/practice3_description2/meshes/rf_guidewheel_link.STL
/home/lin/PRACTICE-Simulator/install/practice3_description2/share/practice3_description2/meshes/gimbal_pitch_link.STL
/home/lin/PRACTICE-Simulator/install/practice3_description2/share/practice3_description2/meshes/right_hip_link_1.STL
/home/lin/PRACTICE-Simulator/install/practice3_description2/share/practice3_description2/meshes/left_knee_link.STL
/home/lin/PRACTICE-Simulator/install/practice3_description2/share/practice3_description2/meshes/gimbal_yaw_link.STL
/home/lin/PRACTICE-Simulator/install/practice3_description2/share/practice3_description2/meshes/lb_guidewheel_link.STL
/home/lin/PRACTICE-Simulator/install/practice3_description2/share/practice3_description2/meshes/rb_guidewheel_link.STL
/home/lin/PRACTICE-Simulator/install/practice3_description2/share/practice3_description2/meshes/right_hip_link_2.STL
/home/lin/PRACTICE-Simulator/install/practice3_description2/share/practice3_description2/meshes/left_hip_link_2.STL
/home/lin/PRACTICE-Simulator/install/practice3_description2/share/practice3_description2/meshes/lf_guidewheel_link.STL
/home/lin/PRACTICE-Simulator/install/practice3_description2/share/practice3_description2/meshes/base_link.STL
/home/lin/PRACTICE-Simulator/install/practice3_description2/share/practice3_description2/meshes/left_hip_link_1.STL
/home/lin/PRACTICE-Simulator/install/practice3_description2/share/practice3_description2/meshes/right_knee_link.STL
/home/lin/PRACTICE-Simulator/install/practice3_description2/share/practice3_description2/meshes/left_wheel_link.STL
/home/lin/PRACTICE-Simulator/install/practice3_description2/share/practice3_description2/meshes/right_wheel_link.STL
/home/lin/PRACTICE-Simulator/install/practice3_description2/lib/python3.10/site-packages/practice3_description2-0.0.0-py3.10.egg-info/entry_points.txt
/home/lin/PRACTICE-Simulator/install/practice3_description2/lib/python3.10/site-packages/practice3_description2-0.0.0-py3.10.egg-info/PKG-INFO
/home/lin/PRACTICE-Simulator/install/practice3_description2/lib/python3.10/site-packages/practice3_description2-0.0.0-py3.10.egg-info/requires.txt
/home/lin/PRACTICE-Simulator/install/practice3_description2/lib/python3.10/site-packages/practice3_description2-0.0.0-py3.10.egg-info/SOURCES.txt
/home/lin/PRACTICE-Simulator/install/practice3_description2/lib/python3.10/site-packages/practice3_description2-0.0.0-py3.10.egg-info/dependency_links.txt
/home/lin/PRACTICE-Simulator/install/practice3_description2/lib/python3.10/site-packages/practice3_description2-0.0.0-py3.10.egg-info/top_level.txt
/home/lin/PRACTICE-Simulator/install/practice3_description2/lib/python3.10/site-packages/practice3_description2-0.0.0-py3.10.egg-info/zip-safe
