[0.521s] Invoking command in '/home/lin/PRACTICE-Simulator/practice_sim/src/practice3_urdf': CONDA_PROMPT_MODIFIER=(genesis) PYTHONPATH=/home/lin/PRACTICE-Simulator/practice_sim/build/practice3_urdf/prefix_override:/usr/lib/python3/dist-packages/colcon_core/task/python/colcon_distutils_commands:/home/lin/PRACTICE-Simulator/practice_sim/install/practice3_urdf/lib/python3.10/site-packages:${PYTHONPATH} /usr/bin/python3 -W ignore:setup.py install is deprecated setup.py egg_info --egg-base ../../build/practice3_urdf build --build-base /home/lin/PRACTICE-Simulator/practice_sim/build/practice3_urdf/build install --record /home/lin/PRACTICE-Simulator/practice_sim/build/practice3_urdf/install.log --single-version-externally-managed install_data
[0.631s] running egg_info
[0.631s] writing ../../build/practice3_urdf/practice3_urdf.egg-info/PKG-INFO
[0.631s] writing dependency_links to ../../build/practice3_urdf/practice3_urdf.egg-info/dependency_links.txt
[0.631s] writing entry points to ../../build/practice3_urdf/practice3_urdf.egg-info/entry_points.txt
[0.632s] writing requirements to ../../build/practice3_urdf/practice3_urdf.egg-info/requires.txt
[0.632s] writing top-level names to ../../build/practice3_urdf/practice3_urdf.egg-info/top_level.txt
[0.632s] reading manifest file '../../build/practice3_urdf/practice3_urdf.egg-info/SOURCES.txt'
[0.633s] writing manifest file '../../build/practice3_urdf/practice3_urdf.egg-info/SOURCES.txt'
[0.633s] running build
[0.633s] running build_py
[0.633s] running install
[0.633s] running install_lib
[0.633s] running install_data
[0.634s] copying urdf/practice3.urdf -> /home/lin/PRACTICE-Simulator/practice_sim/install/practice3_urdf/share/practice3_urdf/urdf
[0.634s] running install_egg_info
[0.634s] removing '/home/lin/PRACTICE-Simulator/practice_sim/install/practice3_urdf/lib/python3.10/site-packages/practice3_urdf-0.0.0-py3.10.egg-info' (and everything under it)
[0.635s] Copying ../../build/practice3_urdf/practice3_urdf.egg-info to /home/lin/PRACTICE-Simulator/practice_sim/install/practice3_urdf/lib/python3.10/site-packages/practice3_urdf-0.0.0-py3.10.egg-info
[0.635s] running install_scripts
[0.644s] writing list of installed files to '/home/lin/PRACTICE-Simulator/practice_sim/build/practice3_urdf/install.log'
[0.658s] Invoked command in '/home/lin/PRACTICE-Simulator/practice_sim/src/practice3_urdf' returned '0': CONDA_PROMPT_MODIFIER=(genesis) PYTHONPATH=/home/lin/PRACTICE-Simulator/practice_sim/build/practice3_urdf/prefix_override:/usr/lib/python3/dist-packages/colcon_core/task/python/colcon_distutils_commands:/home/lin/PRACTICE-Simulator/practice_sim/install/practice3_urdf/lib/python3.10/site-packages:${PYTHONPATH} /usr/bin/python3 -W ignore:setup.py install is deprecated setup.py egg_info --egg-base ../../build/practice3_urdf build --build-base /home/lin/PRACTICE-Simulator/practice_sim/build/practice3_urdf/build install --record /home/lin/PRACTICE-Simulator/practice_sim/build/practice3_urdf/install.log --single-version-externally-managed install_data
