[0.543s] Invoking command in '/home/lin/PRACTICE-Simulator/practice_sim/src/practice3_urdf': PYTHONPATH=/home/lin/PRACTICE-Simulator/build/practice3_urdf/prefix_override:/usr/lib/python3/dist-packages/colcon_core/task/python/colcon_distutils_commands:/home/lin/PRACTICE-Simulator/install/practice3_urdf/lib/python3.10/site-packages: /usr/bin/python3 -W ignore:setup.py install is deprecated -W ignore:easy_install command is deprecated setup.py egg_info --egg-base ../../../build/practice3_urdf build --build-base /home/lin/PRACTICE-Simulator/build/practice3_urdf/build install --record /home/lin/PRACTICE-Simulator/build/practice3_urdf/install.log --single-version-externally-managed install_data
[0.641s] running egg_info
[0.642s] writing ../../../build/practice3_urdf/practice3_urdf.egg-info/PKG-INFO
[0.642s] writing dependency_links to ../../../build/practice3_urdf/practice3_urdf.egg-info/dependency_links.txt
[0.642s] writing entry points to ../../../build/practice3_urdf/practice3_urdf.egg-info/entry_points.txt
[0.642s] writing requirements to ../../../build/practice3_urdf/practice3_urdf.egg-info/requires.txt
[0.642s] writing top-level names to ../../../build/practice3_urdf/practice3_urdf.egg-info/top_level.txt
[0.643s] reading manifest file '../../../build/practice3_urdf/practice3_urdf.egg-info/SOURCES.txt'
[0.643s] writing manifest file '../../../build/practice3_urdf/practice3_urdf.egg-info/SOURCES.txt'
[0.644s] running build
[0.644s] running build_py
[0.644s] running install
[0.644s] running install_lib
[0.644s] running install_data
[0.644s] running install_egg_info
[0.645s] removing '/home/lin/PRACTICE-Simulator/install/practice3_urdf/lib/python3.10/site-packages/practice3_urdf-0.0.0-py3.10.egg-info' (and everything under it)
[0.645s] Copying ../../../build/practice3_urdf/practice3_urdf.egg-info to /home/lin/PRACTICE-Simulator/install/practice3_urdf/lib/python3.10/site-packages/practice3_urdf-0.0.0-py3.10.egg-info
[0.645s] running install_scripts
[0.655s] writing list of installed files to '/home/lin/PRACTICE-Simulator/build/practice3_urdf/install.log'
[0.669s] Invoked command in '/home/lin/PRACTICE-Simulator/practice_sim/src/practice3_urdf' returned '0': PYTHONPATH=/home/lin/PRACTICE-Simulator/build/practice3_urdf/prefix_override:/usr/lib/python3/dist-packages/colcon_core/task/python/colcon_distutils_commands:/home/lin/PRACTICE-Simulator/install/practice3_urdf/lib/python3.10/site-packages: /usr/bin/python3 -W ignore:setup.py install is deprecated -W ignore:easy_install command is deprecated setup.py egg_info --egg-base ../../../build/practice3_urdf build --build-base /home/lin/PRACTICE-Simulator/build/practice3_urdf/build install --record /home/lin/PRACTICE-Simulator/build/practice3_urdf/install.log --single-version-externally-managed install_data
