[0.524s] Invoking command in '/home/lin/PRACTICE-Simulator/practice_sim/src/genesis_sim': CONDA_PROMPT_MODIFIER=(genesis) PYTHONPATH=/home/lin/PRACTICE-Simulator/practice_sim/build/genesis_sim/prefix_override:/usr/lib/python3/dist-packages/colcon_core/task/python/colcon_distutils_commands:/home/lin/PRACTICE-Simulator/practice_sim/install/genesis_sim/lib/python3.10/site-packages:${PYTHONPATH} /usr/bin/python3 -W ignore:setup.py install is deprecated setup.py egg_info --egg-base ../../build/genesis_sim build --build-base /home/lin/PRACTICE-Simulator/practice_sim/build/genesis_sim/build install --record /home/lin/PRACTICE-Simulator/practice_sim/build/genesis_sim/install.log --single-version-externally-managed install_data
[0.632s] running egg_info
[0.633s] writing ../../build/genesis_sim/genesis_sim.egg-info/PKG-INFO
[0.633s] writing dependency_links to ../../build/genesis_sim/genesis_sim.egg-info/dependency_links.txt
[0.633s] writing entry points to ../../build/genesis_sim/genesis_sim.egg-info/entry_points.txt
[0.633s] writing requirements to ../../build/genesis_sim/genesis_sim.egg-info/requires.txt
[0.633s] writing top-level names to ../../build/genesis_sim/genesis_sim.egg-info/top_level.txt
[0.634s] reading manifest file '../../build/genesis_sim/genesis_sim.egg-info/SOURCES.txt'
[0.634s] writing manifest file '../../build/genesis_sim/genesis_sim.egg-info/SOURCES.txt'
[0.634s] running build
[0.634s] running build_py
[0.634s] running install
[0.634s] running install_lib
[0.635s] running install_data
[0.635s] running install_egg_info
[0.636s] removing '/home/lin/PRACTICE-Simulator/practice_sim/install/genesis_sim/lib/python3.10/site-packages/genesis_sim-0.0.0-py3.10.egg-info' (and everything under it)
[0.636s] Copying ../../build/genesis_sim/genesis_sim.egg-info to /home/lin/PRACTICE-Simulator/practice_sim/install/genesis_sim/lib/python3.10/site-packages/genesis_sim-0.0.0-py3.10.egg-info
[0.636s] running install_scripts
[0.646s] writing list of installed files to '/home/lin/PRACTICE-Simulator/practice_sim/build/genesis_sim/install.log'
[0.663s] Invoked command in '/home/lin/PRACTICE-Simulator/practice_sim/src/genesis_sim' returned '0': CONDA_PROMPT_MODIFIER=(genesis) PYTHONPATH=/home/lin/PRACTICE-Simulator/practice_sim/build/genesis_sim/prefix_override:/usr/lib/python3/dist-packages/colcon_core/task/python/colcon_distutils_commands:/home/lin/PRACTICE-Simulator/practice_sim/install/genesis_sim/lib/python3.10/site-packages:${PYTHONPATH} /usr/bin/python3 -W ignore:setup.py install is deprecated setup.py egg_info --egg-base ../../build/genesis_sim build --build-base /home/lin/PRACTICE-Simulator/practice_sim/build/genesis_sim/build install --record /home/lin/PRACTICE-Simulator/practice_sim/build/genesis_sim/install.log --single-version-externally-managed install_data
