[0.122s] DEBUG:colcon:Command line arguments: ['/usr/bin/colcon', 'build']
[0.122s] DEBUG:colcon:Parsed command line arguments: Namespace(log_base=None, log_level=None, verb_name='build', build_base='build', install_base='install', merge_install=False, symlink_install=False, test_result_base=None, continue_on_error=False, executor='parallel', parallel_workers=22, event_handlers=None, ignore_user_meta=False, metas=['./colcon.meta'], base_paths=['.'], packages_ignore=None, packages_ignore_regex=None, paths=None, packages_up_to=None, packages_up_to_regex=None, packages_above=None, packages_above_and_dependencies=None, packages_above_depth=None, packages_select_by_dep=None, packages_skip_by_dep=None, packages_skip_up_to=None, packages_select_build_failed=False, packages_skip_build_finished=False, packages_select_test_failures=False, packages_skip_test_passed=False, packages_select=None, packages_skip=None, packages_select_regex=None, packages_skip_regex=None, packages_start=None, packages_end=None, allow_overriding=[], cmake_args=None, cmake_target=None, cmake_target_skip_unavailable=False, cmake_clean_cache=False, cmake_clean_first=False, cmake_force_configure=False, ament_cmake_args=None, catkin_cmake_args=None, catkin_skip_building_tests=False, verb_parser=<colcon_defaults.argument_parser.defaults.DefaultArgumentsDecorator object at 0x74dd10545f90>, verb_extension=<colcon_core.verb.build.BuildVerb object at 0x74dd10545a20>, main=<bound method BuildVerb.main of <colcon_core.verb.build.BuildVerb object at 0x74dd10545a20>>)
[0.377s] Level 1:colcon.colcon_core.package_discovery:discover_packages(colcon_meta) check parameters
[0.378s] Level 1:colcon.colcon_core.package_discovery:discover_packages(recursive) check parameters
[0.378s] Level 1:colcon.colcon_core.package_discovery:discover_packages(ignore) check parameters
[0.378s] Level 1:colcon.colcon_core.package_discovery:discover_packages(path) check parameters
[0.378s] Level 1:colcon.colcon_core.package_discovery:discover_packages(colcon_meta) discover
[0.378s] Level 1:colcon.colcon_core.package_discovery:discover_packages(recursive) discover
[0.378s] INFO:colcon.colcon_core.package_discovery:Crawling recursively for packages in '/home/linpc/PRACTICE-Simulator/practice_sim'
[0.378s] Level 1:colcon.colcon_core.package_identification:_identify(.) by extensions ['ignore', 'ignore_ament_install']
[0.378s] Level 1:colcon.colcon_core.package_identification:_identify(.) by extension 'ignore'
[0.378s] Level 1:colcon.colcon_core.package_identification:_identify(.) by extension 'ignore_ament_install'
[0.378s] Level 1:colcon.colcon_core.package_identification:_identify(.) by extensions ['colcon_pkg']
[0.378s] Level 1:colcon.colcon_core.package_identification:_identify(.) by extension 'colcon_pkg'
[0.378s] Level 1:colcon.colcon_core.package_identification:_identify(.) by extensions ['colcon_meta']
[0.378s] Level 1:colcon.colcon_core.package_identification:_identify(.) by extension 'colcon_meta'
[0.378s] Level 1:colcon.colcon_core.package_identification:_identify(.) by extensions ['ros']
[0.378s] Level 1:colcon.colcon_core.package_identification:_identify(.) by extension 'ros'
[0.391s] Level 1:colcon.colcon_core.package_identification:_identify(.) by extensions ['cmake', 'python']
[0.391s] Level 1:colcon.colcon_core.package_identification:_identify(.) by extension 'cmake'
[0.391s] Level 1:colcon.colcon_core.package_identification:_identify(.) by extension 'python'
[0.391s] Level 1:colcon.colcon_core.package_identification:_identify(.) by extensions ['python_setup_py']
[0.391s] Level 1:colcon.colcon_core.package_identification:_identify(.) by extension 'python_setup_py'
[0.391s] Level 1:colcon.colcon_core.package_identification:_identify(build) by extensions ['ignore', 'ignore_ament_install']
[0.391s] Level 1:colcon.colcon_core.package_identification:_identify(build) by extension 'ignore'
[0.391s] Level 1:colcon.colcon_core.package_identification:_identify(build) ignored
[0.392s] Level 1:colcon.colcon_core.package_identification:_identify(install) by extensions ['ignore', 'ignore_ament_install']
[0.392s] Level 1:colcon.colcon_core.package_identification:_identify(install) by extension 'ignore'
[0.392s] Level 1:colcon.colcon_core.package_identification:_identify(install) ignored
[0.392s] Level 1:colcon.colcon_core.package_identification:_identify(log) by extensions ['ignore', 'ignore_ament_install']
[0.392s] Level 1:colcon.colcon_core.package_identification:_identify(log) by extension 'ignore'
[0.392s] Level 1:colcon.colcon_core.package_identification:_identify(log) ignored
[0.393s] Level 1:colcon.colcon_core.package_identification:_identify(src) by extensions ['ignore', 'ignore_ament_install']
[0.393s] Level 1:colcon.colcon_core.package_identification:_identify(src) by extension 'ignore'
[0.393s] Level 1:colcon.colcon_core.package_identification:_identify(src) by extension 'ignore_ament_install'
[0.393s] Level 1:colcon.colcon_core.package_identification:_identify(src) by extensions ['colcon_pkg']
[0.393s] Level 1:colcon.colcon_core.package_identification:_identify(src) by extension 'colcon_pkg'
[0.393s] Level 1:colcon.colcon_core.package_identification:_identify(src) by extensions ['colcon_meta']
[0.393s] Level 1:colcon.colcon_core.package_identification:_identify(src) by extension 'colcon_meta'
[0.393s] Level 1:colcon.colcon_core.package_identification:_identify(src) by extensions ['ros']
[0.394s] Level 1:colcon.colcon_core.package_identification:_identify(src) by extension 'ros'
[0.394s] Level 1:colcon.colcon_core.package_identification:_identify(src) by extensions ['cmake', 'python']
[0.394s] Level 1:colcon.colcon_core.package_identification:_identify(src) by extension 'cmake'
[0.394s] Level 1:colcon.colcon_core.package_identification:_identify(src) by extension 'python'
[0.394s] Level 1:colcon.colcon_core.package_identification:_identify(src) by extensions ['python_setup_py']
[0.394s] Level 1:colcon.colcon_core.package_identification:_identify(src) by extension 'python_setup_py'
[0.394s] Level 1:colcon.colcon_core.package_identification:_identify(src/balance_infantry_urdf) by extensions ['ignore', 'ignore_ament_install']
[0.394s] Level 1:colcon.colcon_core.package_identification:_identify(src/balance_infantry_urdf) by extension 'ignore'
[0.395s] Level 1:colcon.colcon_core.package_identification:_identify(src/balance_infantry_urdf) by extension 'ignore_ament_install'
[0.395s] Level 1:colcon.colcon_core.package_identification:_identify(src/balance_infantry_urdf) by extensions ['colcon_pkg']
[0.395s] Level 1:colcon.colcon_core.package_identification:_identify(src/balance_infantry_urdf) by extension 'colcon_pkg'
[0.395s] Level 1:colcon.colcon_core.package_identification:_identify(src/balance_infantry_urdf) by extensions ['colcon_meta']
[0.395s] Level 1:colcon.colcon_core.package_identification:_identify(src/balance_infantry_urdf) by extension 'colcon_meta'
[0.395s] Level 1:colcon.colcon_core.package_identification:_identify(src/balance_infantry_urdf) by extensions ['ros']
[0.395s] Level 1:colcon.colcon_core.package_identification:_identify(src/balance_infantry_urdf) by extension 'ros'
[0.399s] DEBUG:colcon.colcon_core.package_identification:Package 'src/balance_infantry_urdf' with type 'ros.ament_python' and name 'balance_infantry_urdf'
[0.399s] Level 1:colcon.colcon_core.package_identification:_identify(src/practice3_urdf) by extensions ['ignore', 'ignore_ament_install']
[0.399s] Level 1:colcon.colcon_core.package_identification:_identify(src/practice3_urdf) by extension 'ignore'
[0.399s] Level 1:colcon.colcon_core.package_identification:_identify(src/practice3_urdf) by extension 'ignore_ament_install'
[0.400s] Level 1:colcon.colcon_core.package_identification:_identify(src/practice3_urdf) by extensions ['colcon_pkg']
[0.400s] Level 1:colcon.colcon_core.package_identification:_identify(src/practice3_urdf) by extension 'colcon_pkg'
[0.400s] Level 1:colcon.colcon_core.package_identification:_identify(src/practice3_urdf) by extensions ['colcon_meta']
[0.400s] Level 1:colcon.colcon_core.package_identification:_identify(src/practice3_urdf) by extension 'colcon_meta'
[0.400s] Level 1:colcon.colcon_core.package_identification:_identify(src/practice3_urdf) by extensions ['ros']
[0.400s] Level 1:colcon.colcon_core.package_identification:_identify(src/practice3_urdf) by extension 'ros'
[0.401s] DEBUG:colcon.colcon_core.package_identification:Package 'src/practice3_urdf' with type 'ros.ament_python' and name 'practice3_urdf'
[0.401s] Level 1:colcon.colcon_core.package_identification:_identify(thirdpart) by extensions ['ignore', 'ignore_ament_install']
[0.401s] Level 1:colcon.colcon_core.package_identification:_identify(thirdpart) by extension 'ignore'
[0.401s] Level 1:colcon.colcon_core.package_identification:_identify(thirdpart) by extension 'ignore_ament_install'
[0.402s] Level 1:colcon.colcon_core.package_identification:_identify(thirdpart) by extensions ['colcon_pkg']
[0.402s] Level 1:colcon.colcon_core.package_identification:_identify(thirdpart) by extension 'colcon_pkg'
[0.402s] Level 1:colcon.colcon_core.package_identification:_identify(thirdpart) by extensions ['colcon_meta']
[0.402s] Level 1:colcon.colcon_core.package_identification:_identify(thirdpart) by extension 'colcon_meta'
[0.402s] Level 1:colcon.colcon_core.package_identification:_identify(thirdpart) by extensions ['ros']
[0.402s] Level 1:colcon.colcon_core.package_identification:_identify(thirdpart) by extension 'ros'
[0.402s] Level 1:colcon.colcon_core.package_identification:_identify(thirdpart) by extensions ['cmake', 'python']
[0.402s] Level 1:colcon.colcon_core.package_identification:_identify(thirdpart) by extension 'cmake'
[0.402s] Level 1:colcon.colcon_core.package_identification:_identify(thirdpart) by extension 'python'
[0.402s] Level 1:colcon.colcon_core.package_identification:_identify(thirdpart) by extensions ['python_setup_py']
[0.402s] Level 1:colcon.colcon_core.package_identification:_identify(thirdpart) by extension 'python_setup_py'
[0.402s] Level 1:colcon.colcon_core.package_identification:_identify(thirdpart/mujoco-3.2.4) by extensions ['ignore', 'ignore_ament_install']
[0.403s] Level 1:colcon.colcon_core.package_identification:_identify(thirdpart/mujoco-3.2.4) by extension 'ignore'
[0.403s] Level 1:colcon.colcon_core.package_identification:_identify(thirdpart/mujoco-3.2.4) by extension 'ignore_ament_install'
[0.403s] Level 1:colcon.colcon_core.package_identification:_identify(thirdpart/mujoco-3.2.4) by extensions ['colcon_pkg']
[0.403s] Level 1:colcon.colcon_core.package_identification:_identify(thirdpart/mujoco-3.2.4) by extension 'colcon_pkg'
[0.403s] Level 1:colcon.colcon_core.package_identification:_identify(thirdpart/mujoco-3.2.4) by extensions ['colcon_meta']
[0.403s] Level 1:colcon.colcon_core.package_identification:_identify(thirdpart/mujoco-3.2.4) by extension 'colcon_meta'
[0.403s] Level 1:colcon.colcon_core.package_identification:_identify(thirdpart/mujoco-3.2.4) by extensions ['ros']
[0.403s] Level 1:colcon.colcon_core.package_identification:_identify(thirdpart/mujoco-3.2.4) by extension 'ros'
[0.403s] Level 1:colcon.colcon_core.package_identification:_identify(thirdpart/mujoco-3.2.4) by extensions ['cmake', 'python']
[0.403s] Level 1:colcon.colcon_core.package_identification:_identify(thirdpart/mujoco-3.2.4) by extension 'cmake'
[0.403s] Level 1:colcon.colcon_core.package_identification:_identify(thirdpart/mujoco-3.2.4) by extension 'python'
[0.403s] Level 1:colcon.colcon_core.package_identification:_identify(thirdpart/mujoco-3.2.4) by extensions ['python_setup_py']
[0.403s] Level 1:colcon.colcon_core.package_identification:_identify(thirdpart/mujoco-3.2.4) by extension 'python_setup_py'
[0.404s] Level 1:colcon.colcon_core.package_identification:_identify(thirdpart/mujoco-3.2.4/bin) by extensions ['ignore', 'ignore_ament_install']
[0.404s] Level 1:colcon.colcon_core.package_identification:_identify(thirdpart/mujoco-3.2.4/bin) by extension 'ignore'
[0.404s] Level 1:colcon.colcon_core.package_identification:_identify(thirdpart/mujoco-3.2.4/bin) by extension 'ignore_ament_install'
[0.404s] Level 1:colcon.colcon_core.package_identification:_identify(thirdpart/mujoco-3.2.4/bin) by extensions ['colcon_pkg']
[0.404s] Level 1:colcon.colcon_core.package_identification:_identify(thirdpart/mujoco-3.2.4/bin) by extension 'colcon_pkg'
[0.404s] Level 1:colcon.colcon_core.package_identification:_identify(thirdpart/mujoco-3.2.4/bin) by extensions ['colcon_meta']
[0.404s] Level 1:colcon.colcon_core.package_identification:_identify(thirdpart/mujoco-3.2.4/bin) by extension 'colcon_meta'
[0.404s] Level 1:colcon.colcon_core.package_identification:_identify(thirdpart/mujoco-3.2.4/bin) by extensions ['ros']
[0.404s] Level 1:colcon.colcon_core.package_identification:_identify(thirdpart/mujoco-3.2.4/bin) by extension 'ros'
[0.404s] Level 1:colcon.colcon_core.package_identification:_identify(thirdpart/mujoco-3.2.4/bin) by extensions ['cmake', 'python']
[0.404s] Level 1:colcon.colcon_core.package_identification:_identify(thirdpart/mujoco-3.2.4/bin) by extension 'cmake'
[0.404s] Level 1:colcon.colcon_core.package_identification:_identify(thirdpart/mujoco-3.2.4/bin) by extension 'python'
[0.405s] Level 1:colcon.colcon_core.package_identification:_identify(thirdpart/mujoco-3.2.4/bin) by extensions ['python_setup_py']
[0.405s] Level 1:colcon.colcon_core.package_identification:_identify(thirdpart/mujoco-3.2.4/bin) by extension 'python_setup_py'
[0.405s] Level 1:colcon.colcon_core.package_identification:_identify(thirdpart/mujoco-3.2.4/bin/mujoco_plugin) by extensions ['ignore', 'ignore_ament_install']
[0.405s] Level 1:colcon.colcon_core.package_identification:_identify(thirdpart/mujoco-3.2.4/bin/mujoco_plugin) by extension 'ignore'
[0.405s] Level 1:colcon.colcon_core.package_identification:_identify(thirdpart/mujoco-3.2.4/bin/mujoco_plugin) by extension 'ignore_ament_install'
[0.405s] Level 1:colcon.colcon_core.package_identification:_identify(thirdpart/mujoco-3.2.4/bin/mujoco_plugin) by extensions ['colcon_pkg']
[0.405s] Level 1:colcon.colcon_core.package_identification:_identify(thirdpart/mujoco-3.2.4/bin/mujoco_plugin) by extension 'colcon_pkg'
[0.405s] Level 1:colcon.colcon_core.package_identification:_identify(thirdpart/mujoco-3.2.4/bin/mujoco_plugin) by extensions ['colcon_meta']
[0.405s] Level 1:colcon.colcon_core.package_identification:_identify(thirdpart/mujoco-3.2.4/bin/mujoco_plugin) by extension 'colcon_meta'
[0.405s] Level 1:colcon.colcon_core.package_identification:_identify(thirdpart/mujoco-3.2.4/bin/mujoco_plugin) by extensions ['ros']
[0.406s] Level 1:colcon.colcon_core.package_identification:_identify(thirdpart/mujoco-3.2.4/bin/mujoco_plugin) by extension 'ros'
[0.406s] Level 1:colcon.colcon_core.package_identification:_identify(thirdpart/mujoco-3.2.4/bin/mujoco_plugin) by extensions ['cmake', 'python']
[0.406s] Level 1:colcon.colcon_core.package_identification:_identify(thirdpart/mujoco-3.2.4/bin/mujoco_plugin) by extension 'cmake'
[0.406s] Level 1:colcon.colcon_core.package_identification:_identify(thirdpart/mujoco-3.2.4/bin/mujoco_plugin) by extension 'python'
[0.406s] Level 1:colcon.colcon_core.package_identification:_identify(thirdpart/mujoco-3.2.4/bin/mujoco_plugin) by extensions ['python_setup_py']
[0.406s] Level 1:colcon.colcon_core.package_identification:_identify(thirdpart/mujoco-3.2.4/bin/mujoco_plugin) by extension 'python_setup_py'
[0.406s] Level 1:colcon.colcon_core.package_identification:_identify(thirdpart/mujoco-3.2.4/include) by extensions ['ignore', 'ignore_ament_install']
[0.406s] Level 1:colcon.colcon_core.package_identification:_identify(thirdpart/mujoco-3.2.4/include) by extension 'ignore'
[0.406s] Level 1:colcon.colcon_core.package_identification:_identify(thirdpart/mujoco-3.2.4/include) by extension 'ignore_ament_install'
[0.406s] Level 1:colcon.colcon_core.package_identification:_identify(thirdpart/mujoco-3.2.4/include) by extensions ['colcon_pkg']
[0.406s] Level 1:colcon.colcon_core.package_identification:_identify(thirdpart/mujoco-3.2.4/include) by extension 'colcon_pkg'
[0.407s] Level 1:colcon.colcon_core.package_identification:_identify(thirdpart/mujoco-3.2.4/include) by extensions ['colcon_meta']
[0.407s] Level 1:colcon.colcon_core.package_identification:_identify(thirdpart/mujoco-3.2.4/include) by extension 'colcon_meta'
[0.407s] Level 1:colcon.colcon_core.package_identification:_identify(thirdpart/mujoco-3.2.4/include) by extensions ['ros']
[0.407s] Level 1:colcon.colcon_core.package_identification:_identify(thirdpart/mujoco-3.2.4/include) by extension 'ros'
[0.407s] Level 1:colcon.colcon_core.package_identification:_identify(thirdpart/mujoco-3.2.4/include) by extensions ['cmake', 'python']
[0.407s] Level 1:colcon.colcon_core.package_identification:_identify(thirdpart/mujoco-3.2.4/include) by extension 'cmake'
[0.407s] Level 1:colcon.colcon_core.package_identification:_identify(thirdpart/mujoco-3.2.4/include) by extension 'python'
[0.407s] Level 1:colcon.colcon_core.package_identification:_identify(thirdpart/mujoco-3.2.4/include) by extensions ['python_setup_py']
[0.407s] Level 1:colcon.colcon_core.package_identification:_identify(thirdpart/mujoco-3.2.4/include) by extension 'python_setup_py'
[0.408s] Level 1:colcon.colcon_core.package_identification:_identify(thirdpart/mujoco-3.2.4/include/mujoco) by extensions ['ignore', 'ignore_ament_install']
[0.408s] Level 1:colcon.colcon_core.package_identification:_identify(thirdpart/mujoco-3.2.4/include/mujoco) by extension 'ignore'
[0.408s] Level 1:colcon.colcon_core.package_identification:_identify(thirdpart/mujoco-3.2.4/include/mujoco) by extension 'ignore_ament_install'
[0.408s] Level 1:colcon.colcon_core.package_identification:_identify(thirdpart/mujoco-3.2.4/include/mujoco) by extensions ['colcon_pkg']
[0.408s] Level 1:colcon.colcon_core.package_identification:_identify(thirdpart/mujoco-3.2.4/include/mujoco) by extension 'colcon_pkg'
[0.408s] Level 1:colcon.colcon_core.package_identification:_identify(thirdpart/mujoco-3.2.4/include/mujoco) by extensions ['colcon_meta']
[0.408s] Level 1:colcon.colcon_core.package_identification:_identify(thirdpart/mujoco-3.2.4/include/mujoco) by extension 'colcon_meta'
[0.408s] Level 1:colcon.colcon_core.package_identification:_identify(thirdpart/mujoco-3.2.4/include/mujoco) by extensions ['ros']
[0.408s] Level 1:colcon.colcon_core.package_identification:_identify(thirdpart/mujoco-3.2.4/include/mujoco) by extension 'ros'
[0.408s] Level 1:colcon.colcon_core.package_identification:_identify(thirdpart/mujoco-3.2.4/include/mujoco) by extensions ['cmake', 'python']
[0.408s] Level 1:colcon.colcon_core.package_identification:_identify(thirdpart/mujoco-3.2.4/include/mujoco) by extension 'cmake'
[0.408s] Level 1:colcon.colcon_core.package_identification:_identify(thirdpart/mujoco-3.2.4/include/mujoco) by extension 'python'
[0.408s] Level 1:colcon.colcon_core.package_identification:_identify(thirdpart/mujoco-3.2.4/include/mujoco) by extensions ['python_setup_py']
[0.408s] Level 1:colcon.colcon_core.package_identification:_identify(thirdpart/mujoco-3.2.4/include/mujoco) by extension 'python_setup_py'
[0.408s] Level 1:colcon.colcon_core.package_identification:_identify(thirdpart/mujoco-3.2.4/lib) by extensions ['ignore', 'ignore_ament_install']
[0.409s] Level 1:colcon.colcon_core.package_identification:_identify(thirdpart/mujoco-3.2.4/lib) by extension 'ignore'
[0.409s] Level 1:colcon.colcon_core.package_identification:_identify(thirdpart/mujoco-3.2.4/lib) by extension 'ignore_ament_install'
[0.409s] Level 1:colcon.colcon_core.package_identification:_identify(thirdpart/mujoco-3.2.4/lib) by extensions ['colcon_pkg']
[0.409s] Level 1:colcon.colcon_core.package_identification:_identify(thirdpart/mujoco-3.2.4/lib) by extension 'colcon_pkg'
[0.409s] Level 1:colcon.colcon_core.package_identification:_identify(thirdpart/mujoco-3.2.4/lib) by extensions ['colcon_meta']
[0.409s] Level 1:colcon.colcon_core.package_identification:_identify(thirdpart/mujoco-3.2.4/lib) by extension 'colcon_meta'
[0.409s] Level 1:colcon.colcon_core.package_identification:_identify(thirdpart/mujoco-3.2.4/lib) by extensions ['ros']
[0.409s] Level 1:colcon.colcon_core.package_identification:_identify(thirdpart/mujoco-3.2.4/lib) by extension 'ros'
[0.409s] Level 1:colcon.colcon_core.package_identification:_identify(thirdpart/mujoco-3.2.4/lib) by extensions ['cmake', 'python']
[0.409s] Level 1:colcon.colcon_core.package_identification:_identify(thirdpart/mujoco-3.2.4/lib) by extension 'cmake'
[0.409s] Level 1:colcon.colcon_core.package_identification:_identify(thirdpart/mujoco-3.2.4/lib) by extension 'python'
[0.409s] Level 1:colcon.colcon_core.package_identification:_identify(thirdpart/mujoco-3.2.4/lib) by extensions ['python_setup_py']
[0.409s] Level 1:colcon.colcon_core.package_identification:_identify(thirdpart/mujoco-3.2.4/lib) by extension 'python_setup_py'
[0.409s] Level 1:colcon.colcon_core.package_identification:_identify(thirdpart/mujoco-3.2.4/model) by extensions ['ignore', 'ignore_ament_install']
[0.409s] Level 1:colcon.colcon_core.package_identification:_identify(thirdpart/mujoco-3.2.4/model) by extension 'ignore'
[0.409s] Level 1:colcon.colcon_core.package_identification:_identify(thirdpart/mujoco-3.2.4/model) by extension 'ignore_ament_install'
[0.410s] Level 1:colcon.colcon_core.package_identification:_identify(thirdpart/mujoco-3.2.4/model) by extensions ['colcon_pkg']
[0.410s] Level 1:colcon.colcon_core.package_identification:_identify(thirdpart/mujoco-3.2.4/model) by extension 'colcon_pkg'
[0.410s] Level 1:colcon.colcon_core.package_identification:_identify(thirdpart/mujoco-3.2.4/model) by extensions ['colcon_meta']
[0.410s] Level 1:colcon.colcon_core.package_identification:_identify(thirdpart/mujoco-3.2.4/model) by extension 'colcon_meta'
[0.410s] Level 1:colcon.colcon_core.package_identification:_identify(thirdpart/mujoco-3.2.4/model) by extensions ['ros']
[0.410s] Level 1:colcon.colcon_core.package_identification:_identify(thirdpart/mujoco-3.2.4/model) by extension 'ros'
[0.410s] Level 1:colcon.colcon_core.package_identification:_identify(thirdpart/mujoco-3.2.4/model) by extensions ['cmake', 'python']
[0.410s] Level 1:colcon.colcon_core.package_identification:_identify(thirdpart/mujoco-3.2.4/model) by extension 'cmake'
[0.410s] Level 1:colcon.colcon_core.package_identification:_identify(thirdpart/mujoco-3.2.4/model) by extension 'python'
[0.410s] Level 1:colcon.colcon_core.package_identification:_identify(thirdpart/mujoco-3.2.4/model) by extensions ['python_setup_py']
[0.410s] Level 1:colcon.colcon_core.package_identification:_identify(thirdpart/mujoco-3.2.4/model) by extension 'python_setup_py'
[0.410s] Level 1:colcon.colcon_core.package_identification:_identify(thirdpart/mujoco-3.2.4/model/adhesion) by extensions ['ignore', 'ignore_ament_install']
[0.410s] Level 1:colcon.colcon_core.package_identification:_identify(thirdpart/mujoco-3.2.4/model/adhesion) by extension 'ignore'
[0.410s] Level 1:colcon.colcon_core.package_identification:_identify(thirdpart/mujoco-3.2.4/model/adhesion) by extension 'ignore_ament_install'
[0.410s] Level 1:colcon.colcon_core.package_identification:_identify(thirdpart/mujoco-3.2.4/model/adhesion) by extensions ['colcon_pkg']
[0.410s] Level 1:colcon.colcon_core.package_identification:_identify(thirdpart/mujoco-3.2.4/model/adhesion) by extension 'colcon_pkg'
[0.410s] Level 1:colcon.colcon_core.package_identification:_identify(thirdpart/mujoco-3.2.4/model/adhesion) by extensions ['colcon_meta']
[0.410s] Level 1:colcon.colcon_core.package_identification:_identify(thirdpart/mujoco-3.2.4/model/adhesion) by extension 'colcon_meta'
[0.410s] Level 1:colcon.colcon_core.package_identification:_identify(thirdpart/mujoco-3.2.4/model/adhesion) by extensions ['ros']
[0.411s] Level 1:colcon.colcon_core.package_identification:_identify(thirdpart/mujoco-3.2.4/model/adhesion) by extension 'ros'
[0.411s] Level 1:colcon.colcon_core.package_identification:_identify(thirdpart/mujoco-3.2.4/model/adhesion) by extensions ['cmake', 'python']
[0.411s] Level 1:colcon.colcon_core.package_identification:_identify(thirdpart/mujoco-3.2.4/model/adhesion) by extension 'cmake'
[0.411s] Level 1:colcon.colcon_core.package_identification:_identify(thirdpart/mujoco-3.2.4/model/adhesion) by extension 'python'
[0.411s] Level 1:colcon.colcon_core.package_identification:_identify(thirdpart/mujoco-3.2.4/model/adhesion) by extensions ['python_setup_py']
[0.411s] Level 1:colcon.colcon_core.package_identification:_identify(thirdpart/mujoco-3.2.4/model/adhesion) by extension 'python_setup_py'
[0.411s] Level 1:colcon.colcon_core.package_identification:_identify(thirdpart/mujoco-3.2.4/model/balloons) by extensions ['ignore', 'ignore_ament_install']
[0.411s] Level 1:colcon.colcon_core.package_identification:_identify(thirdpart/mujoco-3.2.4/model/balloons) by extension 'ignore'
[0.411s] Level 1:colcon.colcon_core.package_identification:_identify(thirdpart/mujoco-3.2.4/model/balloons) by extension 'ignore_ament_install'
[0.411s] Level 1:colcon.colcon_core.package_identification:_identify(thirdpart/mujoco-3.2.4/model/balloons) by extensions ['colcon_pkg']
[0.411s] Level 1:colcon.colcon_core.package_identification:_identify(thirdpart/mujoco-3.2.4/model/balloons) by extension 'colcon_pkg'
[0.411s] Level 1:colcon.colcon_core.package_identification:_identify(thirdpart/mujoco-3.2.4/model/balloons) by extensions ['colcon_meta']
[0.411s] Level 1:colcon.colcon_core.package_identification:_identify(thirdpart/mujoco-3.2.4/model/balloons) by extension 'colcon_meta'
[0.411s] Level 1:colcon.colcon_core.package_identification:_identify(thirdpart/mujoco-3.2.4/model/balloons) by extensions ['ros']
[0.411s] Level 1:colcon.colcon_core.package_identification:_identify(thirdpart/mujoco-3.2.4/model/balloons) by extension 'ros'
[0.411s] Level 1:colcon.colcon_core.package_identification:_identify(thirdpart/mujoco-3.2.4/model/balloons) by extensions ['cmake', 'python']
[0.411s] Level 1:colcon.colcon_core.package_identification:_identify(thirdpart/mujoco-3.2.4/model/balloons) by extension 'cmake'
[0.411s] Level 1:colcon.colcon_core.package_identification:_identify(thirdpart/mujoco-3.2.4/model/balloons) by extension 'python'
[0.412s] Level 1:colcon.colcon_core.package_identification:_identify(thirdpart/mujoco-3.2.4/model/balloons) by extensions ['python_setup_py']
[0.412s] Level 1:colcon.colcon_core.package_identification:_identify(thirdpart/mujoco-3.2.4/model/balloons) by extension 'python_setup_py'
[0.412s] Level 1:colcon.colcon_core.package_identification:_identify(thirdpart/mujoco-3.2.4/model/car) by extensions ['ignore', 'ignore_ament_install']
[0.412s] Level 1:colcon.colcon_core.package_identification:_identify(thirdpart/mujoco-3.2.4/model/car) by extension 'ignore'
[0.412s] Level 1:colcon.colcon_core.package_identification:_identify(thirdpart/mujoco-3.2.4/model/car) by extension 'ignore_ament_install'
[0.412s] Level 1:colcon.colcon_core.package_identification:_identify(thirdpart/mujoco-3.2.4/model/car) by extensions ['colcon_pkg']
[0.412s] Level 1:colcon.colcon_core.package_identification:_identify(thirdpart/mujoco-3.2.4/model/car) by extension 'colcon_pkg'
[0.412s] Level 1:colcon.colcon_core.package_identification:_identify(thirdpart/mujoco-3.2.4/model/car) by extensions ['colcon_meta']
[0.412s] Level 1:colcon.colcon_core.package_identification:_identify(thirdpart/mujoco-3.2.4/model/car) by extension 'colcon_meta'
[0.412s] Level 1:colcon.colcon_core.package_identification:_identify(thirdpart/mujoco-3.2.4/model/car) by extensions ['ros']
[0.412s] Level 1:colcon.colcon_core.package_identification:_identify(thirdpart/mujoco-3.2.4/model/car) by extension 'ros'
[0.412s] Level 1:colcon.colcon_core.package_identification:_identify(thirdpart/mujoco-3.2.4/model/car) by extensions ['cmake', 'python']
[0.412s] Level 1:colcon.colcon_core.package_identification:_identify(thirdpart/mujoco-3.2.4/model/car) by extension 'cmake'
[0.412s] Level 1:colcon.colcon_core.package_identification:_identify(thirdpart/mujoco-3.2.4/model/car) by extension 'python'
[0.412s] Level 1:colcon.colcon_core.package_identification:_identify(thirdpart/mujoco-3.2.4/model/car) by extensions ['python_setup_py']
[0.412s] Level 1:colcon.colcon_core.package_identification:_identify(thirdpart/mujoco-3.2.4/model/car) by extension 'python_setup_py'
[0.413s] Level 1:colcon.colcon_core.package_identification:_identify(thirdpart/mujoco-3.2.4/model/cards) by extensions ['ignore', 'ignore_ament_install']
[0.413s] Level 1:colcon.colcon_core.package_identification:_identify(thirdpart/mujoco-3.2.4/model/cards) by extension 'ignore'
[0.413s] Level 1:colcon.colcon_core.package_identification:_identify(thirdpart/mujoco-3.2.4/model/cards) by extension 'ignore_ament_install'
[0.413s] Level 1:colcon.colcon_core.package_identification:_identify(thirdpart/mujoco-3.2.4/model/cards) by extensions ['colcon_pkg']
[0.413s] Level 1:colcon.colcon_core.package_identification:_identify(thirdpart/mujoco-3.2.4/model/cards) by extension 'colcon_pkg'
[0.413s] Level 1:colcon.colcon_core.package_identification:_identify(thirdpart/mujoco-3.2.4/model/cards) by extensions ['colcon_meta']
[0.413s] Level 1:colcon.colcon_core.package_identification:_identify(thirdpart/mujoco-3.2.4/model/cards) by extension 'colcon_meta'
[0.413s] Level 1:colcon.colcon_core.package_identification:_identify(thirdpart/mujoco-3.2.4/model/cards) by extensions ['ros']
[0.413s] Level 1:colcon.colcon_core.package_identification:_identify(thirdpart/mujoco-3.2.4/model/cards) by extension 'ros'
[0.413s] Level 1:colcon.colcon_core.package_identification:_identify(thirdpart/mujoco-3.2.4/model/cards) by extensions ['cmake', 'python']
[0.413s] Level 1:colcon.colcon_core.package_identification:_identify(thirdpart/mujoco-3.2.4/model/cards) by extension 'cmake'
[0.413s] Level 1:colcon.colcon_core.package_identification:_identify(thirdpart/mujoco-3.2.4/model/cards) by extension 'python'
[0.413s] Level 1:colcon.colcon_core.package_identification:_identify(thirdpart/mujoco-3.2.4/model/cards) by extensions ['python_setup_py']
[0.413s] Level 1:colcon.colcon_core.package_identification:_identify(thirdpart/mujoco-3.2.4/model/cards) by extension 'python_setup_py'
[0.414s] Level 1:colcon.colcon_core.package_identification:_identify(thirdpart/mujoco-3.2.4/model/cards/assets) by extensions ['ignore', 'ignore_ament_install']
[0.414s] Level 1:colcon.colcon_core.package_identification:_identify(thirdpart/mujoco-3.2.4/model/cards/assets) by extension 'ignore'
[0.414s] Level 1:colcon.colcon_core.package_identification:_identify(thirdpart/mujoco-3.2.4/model/cards/assets) by extension 'ignore_ament_install'
[0.414s] Level 1:colcon.colcon_core.package_identification:_identify(thirdpart/mujoco-3.2.4/model/cards/assets) by extensions ['colcon_pkg']
[0.414s] Level 1:colcon.colcon_core.package_identification:_identify(thirdpart/mujoco-3.2.4/model/cards/assets) by extension 'colcon_pkg'
[0.414s] Level 1:colcon.colcon_core.package_identification:_identify(thirdpart/mujoco-3.2.4/model/cards/assets) by extensions ['colcon_meta']
[0.414s] Level 1:colcon.colcon_core.package_identification:_identify(thirdpart/mujoco-3.2.4/model/cards/assets) by extension 'colcon_meta'
[0.414s] Level 1:colcon.colcon_core.package_identification:_identify(thirdpart/mujoco-3.2.4/model/cards/assets) by extensions ['ros']
[0.414s] Level 1:colcon.colcon_core.package_identification:_identify(thirdpart/mujoco-3.2.4/model/cards/assets) by extension 'ros'
[0.414s] Level 1:colcon.colcon_core.package_identification:_identify(thirdpart/mujoco-3.2.4/model/cards/assets) by extensions ['cmake', 'python']
[0.414s] Level 1:colcon.colcon_core.package_identification:_identify(thirdpart/mujoco-3.2.4/model/cards/assets) by extension 'cmake'
[0.414s] Level 1:colcon.colcon_core.package_identification:_identify(thirdpart/mujoco-3.2.4/model/cards/assets) by extension 'python'
[0.414s] Level 1:colcon.colcon_core.package_identification:_identify(thirdpart/mujoco-3.2.4/model/cards/assets) by extensions ['python_setup_py']
[0.414s] Level 1:colcon.colcon_core.package_identification:_identify(thirdpart/mujoco-3.2.4/model/cards/assets) by extension 'python_setup_py'
[0.414s] Level 1:colcon.colcon_core.package_identification:_identify(thirdpart/mujoco-3.2.4/model/composite) by extensions ['ignore', 'ignore_ament_install']
[0.414s] Level 1:colcon.colcon_core.package_identification:_identify(thirdpart/mujoco-3.2.4/model/composite) by extension 'ignore'
[0.415s] Level 1:colcon.colcon_core.package_identification:_identify(thirdpart/mujoco-3.2.4/model/composite) by extension 'ignore_ament_install'
[0.415s] Level 1:colcon.colcon_core.package_identification:_identify(thirdpart/mujoco-3.2.4/model/composite) by extensions ['colcon_pkg']
[0.415s] Level 1:colcon.colcon_core.package_identification:_identify(thirdpart/mujoco-3.2.4/model/composite) by extension 'colcon_pkg'
[0.415s] Level 1:colcon.colcon_core.package_identification:_identify(thirdpart/mujoco-3.2.4/model/composite) by extensions ['colcon_meta']
[0.415s] Level 1:colcon.colcon_core.package_identification:_identify(thirdpart/mujoco-3.2.4/model/composite) by extension 'colcon_meta'
[0.415s] Level 1:colcon.colcon_core.package_identification:_identify(thirdpart/mujoco-3.2.4/model/composite) by extensions ['ros']
[0.415s] Level 1:colcon.colcon_core.package_identification:_identify(thirdpart/mujoco-3.2.4/model/composite) by extension 'ros'
[0.415s] Level 1:colcon.colcon_core.package_identification:_identify(thirdpart/mujoco-3.2.4/model/composite) by extensions ['cmake', 'python']
[0.415s] Level 1:colcon.colcon_core.package_identification:_identify(thirdpart/mujoco-3.2.4/model/composite) by extension 'cmake'
[0.415s] Level 1:colcon.colcon_core.package_identification:_identify(thirdpart/mujoco-3.2.4/model/composite) by extension 'python'
[0.415s] Level 1:colcon.colcon_core.package_identification:_identify(thirdpart/mujoco-3.2.4/model/composite) by extensions ['python_setup_py']
[0.415s] Level 1:colcon.colcon_core.package_identification:_identify(thirdpart/mujoco-3.2.4/model/composite) by extension 'python_setup_py'
[0.415s] Level 1:colcon.colcon_core.package_identification:_identify(thirdpart/mujoco-3.2.4/model/composite/asset) by extensions ['ignore', 'ignore_ament_install']
[0.415s] Level 1:colcon.colcon_core.package_identification:_identify(thirdpart/mujoco-3.2.4/model/composite/asset) by extension 'ignore'
[0.415s] Level 1:colcon.colcon_core.package_identification:_identify(thirdpart/mujoco-3.2.4/model/composite/asset) by extension 'ignore_ament_install'
[0.415s] Level 1:colcon.colcon_core.package_identification:_identify(thirdpart/mujoco-3.2.4/model/composite/asset) by extensions ['colcon_pkg']
[0.415s] Level 1:colcon.colcon_core.package_identification:_identify(thirdpart/mujoco-3.2.4/model/composite/asset) by extension 'colcon_pkg'
[0.415s] Level 1:colcon.colcon_core.package_identification:_identify(thirdpart/mujoco-3.2.4/model/composite/asset) by extensions ['colcon_meta']
[0.415s] Level 1:colcon.colcon_core.package_identification:_identify(thirdpart/mujoco-3.2.4/model/composite/asset) by extension 'colcon_meta'
[0.416s] Level 1:colcon.colcon_core.package_identification:_identify(thirdpart/mujoco-3.2.4/model/composite/asset) by extensions ['ros']
[0.416s] Level 1:colcon.colcon_core.package_identification:_identify(thirdpart/mujoco-3.2.4/model/composite/asset) by extension 'ros'
[0.416s] Level 1:colcon.colcon_core.package_identification:_identify(thirdpart/mujoco-3.2.4/model/composite/asset) by extensions ['cmake', 'python']
[0.416s] Level 1:colcon.colcon_core.package_identification:_identify(thirdpart/mujoco-3.2.4/model/composite/asset) by extension 'cmake'
[0.416s] Level 1:colcon.colcon_core.package_identification:_identify(thirdpart/mujoco-3.2.4/model/composite/asset) by extension 'python'
[0.416s] Level 1:colcon.colcon_core.package_identification:_identify(thirdpart/mujoco-3.2.4/model/composite/asset) by extensions ['python_setup_py']
[0.416s] Level 1:colcon.colcon_core.package_identification:_identify(thirdpart/mujoco-3.2.4/model/composite/asset) by extension 'python_setup_py'
[0.416s] Level 1:colcon.colcon_core.package_identification:_identify(thirdpart/mujoco-3.2.4/model/cube) by extensions ['ignore', 'ignore_ament_install']
[0.416s] Level 1:colcon.colcon_core.package_identification:_identify(thirdpart/mujoco-3.2.4/model/cube) by extension 'ignore'
[0.416s] Level 1:colcon.colcon_core.package_identification:_identify(thirdpart/mujoco-3.2.4/model/cube) by extension 'ignore_ament_install'
[0.416s] Level 1:colcon.colcon_core.package_identification:_identify(thirdpart/mujoco-3.2.4/model/cube) by extensions ['colcon_pkg']
[0.416s] Level 1:colcon.colcon_core.package_identification:_identify(thirdpart/mujoco-3.2.4/model/cube) by extension 'colcon_pkg'
[0.416s] Level 1:colcon.colcon_core.package_identification:_identify(thirdpart/mujoco-3.2.4/model/cube) by extensions ['colcon_meta']
[0.416s] Level 1:colcon.colcon_core.package_identification:_identify(thirdpart/mujoco-3.2.4/model/cube) by extension 'colcon_meta'
[0.416s] Level 1:colcon.colcon_core.package_identification:_identify(thirdpart/mujoco-3.2.4/model/cube) by extensions ['ros']
[0.416s] Level 1:colcon.colcon_core.package_identification:_identify(thirdpart/mujoco-3.2.4/model/cube) by extension 'ros'
[0.416s] Level 1:colcon.colcon_core.package_identification:_identify(thirdpart/mujoco-3.2.4/model/cube) by extensions ['cmake', 'python']
[0.416s] Level 1:colcon.colcon_core.package_identification:_identify(thirdpart/mujoco-3.2.4/model/cube) by extension 'cmake'
[0.417s] Level 1:colcon.colcon_core.package_identification:_identify(thirdpart/mujoco-3.2.4/model/cube) by extension 'python'
[0.417s] Level 1:colcon.colcon_core.package_identification:_identify(thirdpart/mujoco-3.2.4/model/cube) by extensions ['python_setup_py']
[0.417s] Level 1:colcon.colcon_core.package_identification:_identify(thirdpart/mujoco-3.2.4/model/cube) by extension 'python_setup_py'
[0.417s] Level 1:colcon.colcon_core.package_identification:_identify(thirdpart/mujoco-3.2.4/model/cube/assets) by extensions ['ignore', 'ignore_ament_install']
[0.417s] Level 1:colcon.colcon_core.package_identification:_identify(thirdpart/mujoco-3.2.4/model/cube/assets) by extension 'ignore'
[0.417s] Level 1:colcon.colcon_core.package_identification:_identify(thirdpart/mujoco-3.2.4/model/cube/assets) by extension 'ignore_ament_install'
[0.417s] Level 1:colcon.colcon_core.package_identification:_identify(thirdpart/mujoco-3.2.4/model/cube/assets) by extensions ['colcon_pkg']
[0.417s] Level 1:colcon.colcon_core.package_identification:_identify(thirdpart/mujoco-3.2.4/model/cube/assets) by extension 'colcon_pkg'
[0.417s] Level 1:colcon.colcon_core.package_identification:_identify(thirdpart/mujoco-3.2.4/model/cube/assets) by extensions ['colcon_meta']
[0.417s] Level 1:colcon.colcon_core.package_identification:_identify(thirdpart/mujoco-3.2.4/model/cube/assets) by extension 'colcon_meta'
[0.417s] Level 1:colcon.colcon_core.package_identification:_identify(thirdpart/mujoco-3.2.4/model/cube/assets) by extensions ['ros']
[0.417s] Level 1:colcon.colcon_core.package_identification:_identify(thirdpart/mujoco-3.2.4/model/cube/assets) by extension 'ros'
[0.417s] Level 1:colcon.colcon_core.package_identification:_identify(thirdpart/mujoco-3.2.4/model/cube/assets) by extensions ['cmake', 'python']
[0.417s] Level 1:colcon.colcon_core.package_identification:_identify(thirdpart/mujoco-3.2.4/model/cube/assets) by extension 'cmake'
[0.417s] Level 1:colcon.colcon_core.package_identification:_identify(thirdpart/mujoco-3.2.4/model/cube/assets) by extension 'python'
[0.417s] Level 1:colcon.colcon_core.package_identification:_identify(thirdpart/mujoco-3.2.4/model/cube/assets) by extensions ['python_setup_py']
[0.417s] Level 1:colcon.colcon_core.package_identification:_identify(thirdpart/mujoco-3.2.4/model/cube/assets) by extension 'python_setup_py'
[0.418s] Level 1:colcon.colcon_core.package_identification:_identify(thirdpart/mujoco-3.2.4/model/flex) by extensions ['ignore', 'ignore_ament_install']
[0.418s] Level 1:colcon.colcon_core.package_identification:_identify(thirdpart/mujoco-3.2.4/model/flex) by extension 'ignore'
[0.418s] Level 1:colcon.colcon_core.package_identification:_identify(thirdpart/mujoco-3.2.4/model/flex) by extension 'ignore_ament_install'
[0.418s] Level 1:colcon.colcon_core.package_identification:_identify(thirdpart/mujoco-3.2.4/model/flex) by extensions ['colcon_pkg']
[0.418s] Level 1:colcon.colcon_core.package_identification:_identify(thirdpart/mujoco-3.2.4/model/flex) by extension 'colcon_pkg'
[0.418s] Level 1:colcon.colcon_core.package_identification:_identify(thirdpart/mujoco-3.2.4/model/flex) by extensions ['colcon_meta']
[0.418s] Level 1:colcon.colcon_core.package_identification:_identify(thirdpart/mujoco-3.2.4/model/flex) by extension 'colcon_meta'
[0.418s] Level 1:colcon.colcon_core.package_identification:_identify(thirdpart/mujoco-3.2.4/model/flex) by extensions ['ros']
[0.418s] Level 1:colcon.colcon_core.package_identification:_identify(thirdpart/mujoco-3.2.4/model/flex) by extension 'ros'
[0.418s] Level 1:colcon.colcon_core.package_identification:_identify(thirdpart/mujoco-3.2.4/model/flex) by extensions ['cmake', 'python']
[0.418s] Level 1:colcon.colcon_core.package_identification:_identify(thirdpart/mujoco-3.2.4/model/flex) by extension 'cmake'
[0.418s] Level 1:colcon.colcon_core.package_identification:_identify(thirdpart/mujoco-3.2.4/model/flex) by extension 'python'
[0.418s] Level 1:colcon.colcon_core.package_identification:_identify(thirdpart/mujoco-3.2.4/model/flex) by extensions ['python_setup_py']
[0.418s] Level 1:colcon.colcon_core.package_identification:_identify(thirdpart/mujoco-3.2.4/model/flex) by extension 'python_setup_py'
[0.419s] Level 1:colcon.colcon_core.package_identification:_identify(thirdpart/mujoco-3.2.4/model/hammock) by extensions ['ignore', 'ignore_ament_install']
[0.419s] Level 1:colcon.colcon_core.package_identification:_identify(thirdpart/mujoco-3.2.4/model/hammock) by extension 'ignore'
[0.419s] Level 1:colcon.colcon_core.package_identification:_identify(thirdpart/mujoco-3.2.4/model/hammock) by extension 'ignore_ament_install'
[0.419s] Level 1:colcon.colcon_core.package_identification:_identify(thirdpart/mujoco-3.2.4/model/hammock) by extensions ['colcon_pkg']
[0.419s] Level 1:colcon.colcon_core.package_identification:_identify(thirdpart/mujoco-3.2.4/model/hammock) by extension 'colcon_pkg'
[0.419s] Level 1:colcon.colcon_core.package_identification:_identify(thirdpart/mujoco-3.2.4/model/hammock) by extensions ['colcon_meta']
[0.419s] Level 1:colcon.colcon_core.package_identification:_identify(thirdpart/mujoco-3.2.4/model/hammock) by extension 'colcon_meta'
[0.419s] Level 1:colcon.colcon_core.package_identification:_identify(thirdpart/mujoco-3.2.4/model/hammock) by extensions ['ros']
[0.419s] Level 1:colcon.colcon_core.package_identification:_identify(thirdpart/mujoco-3.2.4/model/hammock) by extension 'ros'
[0.419s] Level 1:colcon.colcon_core.package_identification:_identify(thirdpart/mujoco-3.2.4/model/hammock) by extensions ['cmake', 'python']
[0.419s] Level 1:colcon.colcon_core.package_identification:_identify(thirdpart/mujoco-3.2.4/model/hammock) by extension 'cmake'
[0.419s] Level 1:colcon.colcon_core.package_identification:_identify(thirdpart/mujoco-3.2.4/model/hammock) by extension 'python'
[0.419s] Level 1:colcon.colcon_core.package_identification:_identify(thirdpart/mujoco-3.2.4/model/hammock) by extensions ['python_setup_py']
[0.419s] Level 1:colcon.colcon_core.package_identification:_identify(thirdpart/mujoco-3.2.4/model/hammock) by extension 'python_setup_py'
[0.419s] Level 1:colcon.colcon_core.package_identification:_identify(thirdpart/mujoco-3.2.4/model/humanoid) by extensions ['ignore', 'ignore_ament_install']
[0.420s] Level 1:colcon.colcon_core.package_identification:_identify(thirdpart/mujoco-3.2.4/model/humanoid) by extension 'ignore'
[0.420s] Level 1:colcon.colcon_core.package_identification:_identify(thirdpart/mujoco-3.2.4/model/humanoid) by extension 'ignore_ament_install'
[0.420s] Level 1:colcon.colcon_core.package_identification:_identify(thirdpart/mujoco-3.2.4/model/humanoid) by extensions ['colcon_pkg']
[0.420s] Level 1:colcon.colcon_core.package_identification:_identify(thirdpart/mujoco-3.2.4/model/humanoid) by extension 'colcon_pkg'
[0.420s] Level 1:colcon.colcon_core.package_identification:_identify(thirdpart/mujoco-3.2.4/model/humanoid) by extensions ['colcon_meta']
[0.420s] Level 1:colcon.colcon_core.package_identification:_identify(thirdpart/mujoco-3.2.4/model/humanoid) by extension 'colcon_meta'
[0.420s] Level 1:colcon.colcon_core.package_identification:_identify(thirdpart/mujoco-3.2.4/model/humanoid) by extensions ['ros']
[0.420s] Level 1:colcon.colcon_core.package_identification:_identify(thirdpart/mujoco-3.2.4/model/humanoid) by extension 'ros'
[0.420s] Level 1:colcon.colcon_core.package_identification:_identify(thirdpart/mujoco-3.2.4/model/humanoid) by extensions ['cmake', 'python']
[0.420s] Level 1:colcon.colcon_core.package_identification:_identify(thirdpart/mujoco-3.2.4/model/humanoid) by extension 'cmake'
[0.420s] Level 1:colcon.colcon_core.package_identification:_identify(thirdpart/mujoco-3.2.4/model/humanoid) by extension 'python'
[0.420s] Level 1:colcon.colcon_core.package_identification:_identify(thirdpart/mujoco-3.2.4/model/humanoid) by extensions ['python_setup_py']
[0.420s] Level 1:colcon.colcon_core.package_identification:_identify(thirdpart/mujoco-3.2.4/model/humanoid) by extension 'python_setup_py'
[0.420s] Level 1:colcon.colcon_core.package_identification:_identify(thirdpart/mujoco-3.2.4/model/mug) by extensions ['ignore', 'ignore_ament_install']
[0.420s] Level 1:colcon.colcon_core.package_identification:_identify(thirdpart/mujoco-3.2.4/model/mug) by extension 'ignore'
[0.420s] Level 1:colcon.colcon_core.package_identification:_identify(thirdpart/mujoco-3.2.4/model/mug) by extension 'ignore_ament_install'
[0.420s] Level 1:colcon.colcon_core.package_identification:_identify(thirdpart/mujoco-3.2.4/model/mug) by extensions ['colcon_pkg']
[0.420s] Level 1:colcon.colcon_core.package_identification:_identify(thirdpart/mujoco-3.2.4/model/mug) by extension 'colcon_pkg'
[0.421s] Level 1:colcon.colcon_core.package_identification:_identify(thirdpart/mujoco-3.2.4/model/mug) by extensions ['colcon_meta']
[0.421s] Level 1:colcon.colcon_core.package_identification:_identify(thirdpart/mujoco-3.2.4/model/mug) by extension 'colcon_meta'
[0.421s] Level 1:colcon.colcon_core.package_identification:_identify(thirdpart/mujoco-3.2.4/model/mug) by extensions ['ros']
[0.421s] Level 1:colcon.colcon_core.package_identification:_identify(thirdpart/mujoco-3.2.4/model/mug) by extension 'ros'
[0.421s] Level 1:colcon.colcon_core.package_identification:_identify(thirdpart/mujoco-3.2.4/model/mug) by extensions ['cmake', 'python']
[0.421s] Level 1:colcon.colcon_core.package_identification:_identify(thirdpart/mujoco-3.2.4/model/mug) by extension 'cmake'
[0.421s] Level 1:colcon.colcon_core.package_identification:_identify(thirdpart/mujoco-3.2.4/model/mug) by extension 'python'
[0.421s] Level 1:colcon.colcon_core.package_identification:_identify(thirdpart/mujoco-3.2.4/model/mug) by extensions ['python_setup_py']
[0.421s] Level 1:colcon.colcon_core.package_identification:_identify(thirdpart/mujoco-3.2.4/model/mug) by extension 'python_setup_py'
[0.421s] Level 1:colcon.colcon_core.package_identification:_identify(thirdpart/mujoco-3.2.4/model/plugin) by extensions ['ignore', 'ignore_ament_install']
[0.421s] Level 1:colcon.colcon_core.package_identification:_identify(thirdpart/mujoco-3.2.4/model/plugin) by extension 'ignore'
[0.421s] Level 1:colcon.colcon_core.package_identification:_identify(thirdpart/mujoco-3.2.4/model/plugin) by extension 'ignore_ament_install'
[0.421s] Level 1:colcon.colcon_core.package_identification:_identify(thirdpart/mujoco-3.2.4/model/plugin) by extensions ['colcon_pkg']
[0.421s] Level 1:colcon.colcon_core.package_identification:_identify(thirdpart/mujoco-3.2.4/model/plugin) by extension 'colcon_pkg'
[0.421s] Level 1:colcon.colcon_core.package_identification:_identify(thirdpart/mujoco-3.2.4/model/plugin) by extensions ['colcon_meta']
[0.421s] Level 1:colcon.colcon_core.package_identification:_identify(thirdpart/mujoco-3.2.4/model/plugin) by extension 'colcon_meta'
[0.421s] Level 1:colcon.colcon_core.package_identification:_identify(thirdpart/mujoco-3.2.4/model/plugin) by extensions ['ros']
[0.421s] Level 1:colcon.colcon_core.package_identification:_identify(thirdpart/mujoco-3.2.4/model/plugin) by extension 'ros'
[0.422s] Level 1:colcon.colcon_core.package_identification:_identify(thirdpart/mujoco-3.2.4/model/plugin) by extensions ['cmake', 'python']
[0.422s] Level 1:colcon.colcon_core.package_identification:_identify(thirdpart/mujoco-3.2.4/model/plugin) by extension 'cmake'
[0.422s] Level 1:colcon.colcon_core.package_identification:_identify(thirdpart/mujoco-3.2.4/model/plugin) by extension 'python'
[0.422s] Level 1:colcon.colcon_core.package_identification:_identify(thirdpart/mujoco-3.2.4/model/plugin) by extensions ['python_setup_py']
[0.422s] Level 1:colcon.colcon_core.package_identification:_identify(thirdpart/mujoco-3.2.4/model/plugin) by extension 'python_setup_py'
[0.422s] Level 1:colcon.colcon_core.package_identification:_identify(thirdpart/mujoco-3.2.4/model/plugin/actuator) by extensions ['ignore', 'ignore_ament_install']
[0.422s] Level 1:colcon.colcon_core.package_identification:_identify(thirdpart/mujoco-3.2.4/model/plugin/actuator) by extension 'ignore'
[0.422s] Level 1:colcon.colcon_core.package_identification:_identify(thirdpart/mujoco-3.2.4/model/plugin/actuator) by extension 'ignore_ament_install'
[0.422s] Level 1:colcon.colcon_core.package_identification:_identify(thirdpart/mujoco-3.2.4/model/plugin/actuator) by extensions ['colcon_pkg']
[0.422s] Level 1:colcon.colcon_core.package_identification:_identify(thirdpart/mujoco-3.2.4/model/plugin/actuator) by extension 'colcon_pkg'
[0.422s] Level 1:colcon.colcon_core.package_identification:_identify(thirdpart/mujoco-3.2.4/model/plugin/actuator) by extensions ['colcon_meta']
[0.422s] Level 1:colcon.colcon_core.package_identification:_identify(thirdpart/mujoco-3.2.4/model/plugin/actuator) by extension 'colcon_meta'
[0.422s] Level 1:colcon.colcon_core.package_identification:_identify(thirdpart/mujoco-3.2.4/model/plugin/actuator) by extensions ['ros']
[0.422s] Level 1:colcon.colcon_core.package_identification:_identify(thirdpart/mujoco-3.2.4/model/plugin/actuator) by extension 'ros'
[0.422s] Level 1:colcon.colcon_core.package_identification:_identify(thirdpart/mujoco-3.2.4/model/plugin/actuator) by extensions ['cmake', 'python']
[0.422s] Level 1:colcon.colcon_core.package_identification:_identify(thirdpart/mujoco-3.2.4/model/plugin/actuator) by extension 'cmake'
[0.422s] Level 1:colcon.colcon_core.package_identification:_identify(thirdpart/mujoco-3.2.4/model/plugin/actuator) by extension 'python'
[0.422s] Level 1:colcon.colcon_core.package_identification:_identify(thirdpart/mujoco-3.2.4/model/plugin/actuator) by extensions ['python_setup_py']
[0.422s] Level 1:colcon.colcon_core.package_identification:_identify(thirdpart/mujoco-3.2.4/model/plugin/actuator) by extension 'python_setup_py'
[0.423s] Level 1:colcon.colcon_core.package_identification:_identify(thirdpart/mujoco-3.2.4/model/plugin/elasticity) by extensions ['ignore', 'ignore_ament_install']
[0.423s] Level 1:colcon.colcon_core.package_identification:_identify(thirdpart/mujoco-3.2.4/model/plugin/elasticity) by extension 'ignore'
[0.423s] Level 1:colcon.colcon_core.package_identification:_identify(thirdpart/mujoco-3.2.4/model/plugin/elasticity) by extension 'ignore_ament_install'
[0.423s] Level 1:colcon.colcon_core.package_identification:_identify(thirdpart/mujoco-3.2.4/model/plugin/elasticity) by extensions ['colcon_pkg']
[0.423s] Level 1:colcon.colcon_core.package_identification:_identify(thirdpart/mujoco-3.2.4/model/plugin/elasticity) by extension 'colcon_pkg'
[0.423s] Level 1:colcon.colcon_core.package_identification:_identify(thirdpart/mujoco-3.2.4/model/plugin/elasticity) by extensions ['colcon_meta']
[0.423s] Level 1:colcon.colcon_core.package_identification:_identify(thirdpart/mujoco-3.2.4/model/plugin/elasticity) by extension 'colcon_meta'
[0.423s] Level 1:colcon.colcon_core.package_identification:_identify(thirdpart/mujoco-3.2.4/model/plugin/elasticity) by extensions ['ros']
[0.423s] Level 1:colcon.colcon_core.package_identification:_identify(thirdpart/mujoco-3.2.4/model/plugin/elasticity) by extension 'ros'
[0.423s] Level 1:colcon.colcon_core.package_identification:_identify(thirdpart/mujoco-3.2.4/model/plugin/elasticity) by extensions ['cmake', 'python']
[0.423s] Level 1:colcon.colcon_core.package_identification:_identify(thirdpart/mujoco-3.2.4/model/plugin/elasticity) by extension 'cmake'
[0.423s] Level 1:colcon.colcon_core.package_identification:_identify(thirdpart/mujoco-3.2.4/model/plugin/elasticity) by extension 'python'
[0.423s] Level 1:colcon.colcon_core.package_identification:_identify(thirdpart/mujoco-3.2.4/model/plugin/elasticity) by extensions ['python_setup_py']
[0.423s] Level 1:colcon.colcon_core.package_identification:_identify(thirdpart/mujoco-3.2.4/model/plugin/elasticity) by extension 'python_setup_py'
[0.424s] Level 1:colcon.colcon_core.package_identification:_identify(thirdpart/mujoco-3.2.4/model/plugin/sdf) by extensions ['ignore', 'ignore_ament_install']
[0.424s] Level 1:colcon.colcon_core.package_identification:_identify(thirdpart/mujoco-3.2.4/model/plugin/sdf) by extension 'ignore'
[0.424s] Level 1:colcon.colcon_core.package_identification:_identify(thirdpart/mujoco-3.2.4/model/plugin/sdf) by extension 'ignore_ament_install'
[0.424s] Level 1:colcon.colcon_core.package_identification:_identify(thirdpart/mujoco-3.2.4/model/plugin/sdf) by extensions ['colcon_pkg']
[0.424s] Level 1:colcon.colcon_core.package_identification:_identify(thirdpart/mujoco-3.2.4/model/plugin/sdf) by extension 'colcon_pkg'
[0.424s] Level 1:colcon.colcon_core.package_identification:_identify(thirdpart/mujoco-3.2.4/model/plugin/sdf) by extensions ['colcon_meta']
[0.424s] Level 1:colcon.colcon_core.package_identification:_identify(thirdpart/mujoco-3.2.4/model/plugin/sdf) by extension 'colcon_meta'
[0.424s] Level 1:colcon.colcon_core.package_identification:_identify(thirdpart/mujoco-3.2.4/model/plugin/sdf) by extensions ['ros']
[0.424s] Level 1:colcon.colcon_core.package_identification:_identify(thirdpart/mujoco-3.2.4/model/plugin/sdf) by extension 'ros'
[0.424s] Level 1:colcon.colcon_core.package_identification:_identify(thirdpart/mujoco-3.2.4/model/plugin/sdf) by extensions ['cmake', 'python']
[0.424s] Level 1:colcon.colcon_core.package_identification:_identify(thirdpart/mujoco-3.2.4/model/plugin/sdf) by extension 'cmake'
[0.424s] Level 1:colcon.colcon_core.package_identification:_identify(thirdpart/mujoco-3.2.4/model/plugin/sdf) by extension 'python'
[0.424s] Level 1:colcon.colcon_core.package_identification:_identify(thirdpart/mujoco-3.2.4/model/plugin/sdf) by extensions ['python_setup_py']
[0.424s] Level 1:colcon.colcon_core.package_identification:_identify(thirdpart/mujoco-3.2.4/model/plugin/sdf) by extension 'python_setup_py'
[0.424s] Level 1:colcon.colcon_core.package_identification:_identify(thirdpart/mujoco-3.2.4/model/plugin/sdf/asset) by extensions ['ignore', 'ignore_ament_install']
[0.425s] Level 1:colcon.colcon_core.package_identification:_identify(thirdpart/mujoco-3.2.4/model/plugin/sdf/asset) by extension 'ignore'
[0.425s] Level 1:colcon.colcon_core.package_identification:_identify(thirdpart/mujoco-3.2.4/model/plugin/sdf/asset) by extension 'ignore_ament_install'
[0.425s] Level 1:colcon.colcon_core.package_identification:_identify(thirdpart/mujoco-3.2.4/model/plugin/sdf/asset) by extensions ['colcon_pkg']
[0.425s] Level 1:colcon.colcon_core.package_identification:_identify(thirdpart/mujoco-3.2.4/model/plugin/sdf/asset) by extension 'colcon_pkg'
[0.425s] Level 1:colcon.colcon_core.package_identification:_identify(thirdpart/mujoco-3.2.4/model/plugin/sdf/asset) by extensions ['colcon_meta']
[0.425s] Level 1:colcon.colcon_core.package_identification:_identify(thirdpart/mujoco-3.2.4/model/plugin/sdf/asset) by extension 'colcon_meta'
[0.425s] Level 1:colcon.colcon_core.package_identification:_identify(thirdpart/mujoco-3.2.4/model/plugin/sdf/asset) by extensions ['ros']
[0.425s] Level 1:colcon.colcon_core.package_identification:_identify(thirdpart/mujoco-3.2.4/model/plugin/sdf/asset) by extension 'ros'
[0.425s] Level 1:colcon.colcon_core.package_identification:_identify(thirdpart/mujoco-3.2.4/model/plugin/sdf/asset) by extensions ['cmake', 'python']
[0.425s] Level 1:colcon.colcon_core.package_identification:_identify(thirdpart/mujoco-3.2.4/model/plugin/sdf/asset) by extension 'cmake'
[0.425s] Level 1:colcon.colcon_core.package_identification:_identify(thirdpart/mujoco-3.2.4/model/plugin/sdf/asset) by extension 'python'
[0.425s] Level 1:colcon.colcon_core.package_identification:_identify(thirdpart/mujoco-3.2.4/model/plugin/sdf/asset) by extensions ['python_setup_py']
[0.425s] Level 1:colcon.colcon_core.package_identification:_identify(thirdpart/mujoco-3.2.4/model/plugin/sdf/asset) by extension 'python_setup_py'
[0.425s] Level 1:colcon.colcon_core.package_identification:_identify(thirdpart/mujoco-3.2.4/model/plugin/sensor) by extensions ['ignore', 'ignore_ament_install']
[0.425s] Level 1:colcon.colcon_core.package_identification:_identify(thirdpart/mujoco-3.2.4/model/plugin/sensor) by extension 'ignore'
[0.425s] Level 1:colcon.colcon_core.package_identification:_identify(thirdpart/mujoco-3.2.4/model/plugin/sensor) by extension 'ignore_ament_install'
[0.426s] Level 1:colcon.colcon_core.package_identification:_identify(thirdpart/mujoco-3.2.4/model/plugin/sensor) by extensions ['colcon_pkg']
[0.426s] Level 1:colcon.colcon_core.package_identification:_identify(thirdpart/mujoco-3.2.4/model/plugin/sensor) by extension 'colcon_pkg'
[0.426s] Level 1:colcon.colcon_core.package_identification:_identify(thirdpart/mujoco-3.2.4/model/plugin/sensor) by extensions ['colcon_meta']
[0.426s] Level 1:colcon.colcon_core.package_identification:_identify(thirdpart/mujoco-3.2.4/model/plugin/sensor) by extension 'colcon_meta'
[0.426s] Level 1:colcon.colcon_core.package_identification:_identify(thirdpart/mujoco-3.2.4/model/plugin/sensor) by extensions ['ros']
[0.426s] Level 1:colcon.colcon_core.package_identification:_identify(thirdpart/mujoco-3.2.4/model/plugin/sensor) by extension 'ros'
[0.426s] Level 1:colcon.colcon_core.package_identification:_identify(thirdpart/mujoco-3.2.4/model/plugin/sensor) by extensions ['cmake', 'python']
[0.426s] Level 1:colcon.colcon_core.package_identification:_identify(thirdpart/mujoco-3.2.4/model/plugin/sensor) by extension 'cmake'
[0.426s] Level 1:colcon.colcon_core.package_identification:_identify(thirdpart/mujoco-3.2.4/model/plugin/sensor) by extension 'python'
[0.426s] Level 1:colcon.colcon_core.package_identification:_identify(thirdpart/mujoco-3.2.4/model/plugin/sensor) by extensions ['python_setup_py']
[0.426s] Level 1:colcon.colcon_core.package_identification:_identify(thirdpart/mujoco-3.2.4/model/plugin/sensor) by extension 'python_setup_py'
[0.426s] Level 1:colcon.colcon_core.package_identification:_identify(thirdpart/mujoco-3.2.4/model/replicate) by extensions ['ignore', 'ignore_ament_install']
[0.426s] Level 1:colcon.colcon_core.package_identification:_identify(thirdpart/mujoco-3.2.4/model/replicate) by extension 'ignore'
[0.427s] Level 1:colcon.colcon_core.package_identification:_identify(thirdpart/mujoco-3.2.4/model/replicate) by extension 'ignore_ament_install'
[0.427s] Level 1:colcon.colcon_core.package_identification:_identify(thirdpart/mujoco-3.2.4/model/replicate) by extensions ['colcon_pkg']
[0.427s] Level 1:colcon.colcon_core.package_identification:_identify(thirdpart/mujoco-3.2.4/model/replicate) by extension 'colcon_pkg'
[0.427s] Level 1:colcon.colcon_core.package_identification:_identify(thirdpart/mujoco-3.2.4/model/replicate) by extensions ['colcon_meta']
[0.427s] Level 1:colcon.colcon_core.package_identification:_identify(thirdpart/mujoco-3.2.4/model/replicate) by extension 'colcon_meta'
[0.427s] Level 1:colcon.colcon_core.package_identification:_identify(thirdpart/mujoco-3.2.4/model/replicate) by extensions ['ros']
[0.427s] Level 1:colcon.colcon_core.package_identification:_identify(thirdpart/mujoco-3.2.4/model/replicate) by extension 'ros'
[0.427s] Level 1:colcon.colcon_core.package_identification:_identify(thirdpart/mujoco-3.2.4/model/replicate) by extensions ['cmake', 'python']
[0.427s] Level 1:colcon.colcon_core.package_identification:_identify(thirdpart/mujoco-3.2.4/model/replicate) by extension 'cmake'
[0.427s] Level 1:colcon.colcon_core.package_identification:_identify(thirdpart/mujoco-3.2.4/model/replicate) by extension 'python'
[0.427s] Level 1:colcon.colcon_core.package_identification:_identify(thirdpart/mujoco-3.2.4/model/replicate) by extensions ['python_setup_py']
[0.427s] Level 1:colcon.colcon_core.package_identification:_identify(thirdpart/mujoco-3.2.4/model/replicate) by extension 'python_setup_py'
[0.427s] Level 1:colcon.colcon_core.package_identification:_identify(thirdpart/mujoco-3.2.4/model/slider_crank) by extensions ['ignore', 'ignore_ament_install']
[0.428s] Level 1:colcon.colcon_core.package_identification:_identify(thirdpart/mujoco-3.2.4/model/slider_crank) by extension 'ignore'
[0.428s] Level 1:colcon.colcon_core.package_identification:_identify(thirdpart/mujoco-3.2.4/model/slider_crank) by extension 'ignore_ament_install'
[0.428s] Level 1:colcon.colcon_core.package_identification:_identify(thirdpart/mujoco-3.2.4/model/slider_crank) by extensions ['colcon_pkg']
[0.428s] Level 1:colcon.colcon_core.package_identification:_identify(thirdpart/mujoco-3.2.4/model/slider_crank) by extension 'colcon_pkg'
[0.428s] Level 1:colcon.colcon_core.package_identification:_identify(thirdpart/mujoco-3.2.4/model/slider_crank) by extensions ['colcon_meta']
[0.428s] Level 1:colcon.colcon_core.package_identification:_identify(thirdpart/mujoco-3.2.4/model/slider_crank) by extension 'colcon_meta'
[0.428s] Level 1:colcon.colcon_core.package_identification:_identify(thirdpart/mujoco-3.2.4/model/slider_crank) by extensions ['ros']
[0.428s] Level 1:colcon.colcon_core.package_identification:_identify(thirdpart/mujoco-3.2.4/model/slider_crank) by extension 'ros'
[0.428s] Level 1:colcon.colcon_core.package_identification:_identify(thirdpart/mujoco-3.2.4/model/slider_crank) by extensions ['cmake', 'python']
[0.428s] Level 1:colcon.colcon_core.package_identification:_identify(thirdpart/mujoco-3.2.4/model/slider_crank) by extension 'cmake'
[0.428s] Level 1:colcon.colcon_core.package_identification:_identify(thirdpart/mujoco-3.2.4/model/slider_crank) by extension 'python'
[0.428s] Level 1:colcon.colcon_core.package_identification:_identify(thirdpart/mujoco-3.2.4/model/slider_crank) by extensions ['python_setup_py']
[0.428s] Level 1:colcon.colcon_core.package_identification:_identify(thirdpart/mujoco-3.2.4/model/slider_crank) by extension 'python_setup_py'
[0.428s] Level 1:colcon.colcon_core.package_identification:_identify(thirdpart/mujoco-3.2.4/model/tendon_arm) by extensions ['ignore', 'ignore_ament_install']
[0.428s] Level 1:colcon.colcon_core.package_identification:_identify(thirdpart/mujoco-3.2.4/model/tendon_arm) by extension 'ignore'
[0.429s] Level 1:colcon.colcon_core.package_identification:_identify(thirdpart/mujoco-3.2.4/model/tendon_arm) by extension 'ignore_ament_install'
[0.429s] Level 1:colcon.colcon_core.package_identification:_identify(thirdpart/mujoco-3.2.4/model/tendon_arm) by extensions ['colcon_pkg']
[0.429s] Level 1:colcon.colcon_core.package_identification:_identify(thirdpart/mujoco-3.2.4/model/tendon_arm) by extension 'colcon_pkg'
[0.429s] Level 1:colcon.colcon_core.package_identification:_identify(thirdpart/mujoco-3.2.4/model/tendon_arm) by extensions ['colcon_meta']
[0.429s] Level 1:colcon.colcon_core.package_identification:_identify(thirdpart/mujoco-3.2.4/model/tendon_arm) by extension 'colcon_meta'
[0.429s] Level 1:colcon.colcon_core.package_identification:_identify(thirdpart/mujoco-3.2.4/model/tendon_arm) by extensions ['ros']
[0.429s] Level 1:colcon.colcon_core.package_identification:_identify(thirdpart/mujoco-3.2.4/model/tendon_arm) by extension 'ros'
[0.429s] Level 1:colcon.colcon_core.package_identification:_identify(thirdpart/mujoco-3.2.4/model/tendon_arm) by extensions ['cmake', 'python']
[0.429s] Level 1:colcon.colcon_core.package_identification:_identify(thirdpart/mujoco-3.2.4/model/tendon_arm) by extension 'cmake'
[0.429s] Level 1:colcon.colcon_core.package_identification:_identify(thirdpart/mujoco-3.2.4/model/tendon_arm) by extension 'python'
[0.429s] Level 1:colcon.colcon_core.package_identification:_identify(thirdpart/mujoco-3.2.4/model/tendon_arm) by extensions ['python_setup_py']
[0.429s] Level 1:colcon.colcon_core.package_identification:_identify(thirdpart/mujoco-3.2.4/model/tendon_arm) by extension 'python_setup_py'
[0.429s] Level 1:colcon.colcon_core.package_identification:_identify(thirdpart/mujoco-3.2.4/sample) by extensions ['ignore', 'ignore_ament_install']
[0.429s] Level 1:colcon.colcon_core.package_identification:_identify(thirdpart/mujoco-3.2.4/sample) by extension 'ignore'
[0.430s] Level 1:colcon.colcon_core.package_identification:_identify(thirdpart/mujoco-3.2.4/sample) by extension 'ignore_ament_install'
[0.430s] Level 1:colcon.colcon_core.package_identification:_identify(thirdpart/mujoco-3.2.4/sample) by extensions ['colcon_pkg']
[0.430s] Level 1:colcon.colcon_core.package_identification:_identify(thirdpart/mujoco-3.2.4/sample) by extension 'colcon_pkg'
[0.430s] Level 1:colcon.colcon_core.package_identification:_identify(thirdpart/mujoco-3.2.4/sample) by extensions ['colcon_meta']
[0.430s] Level 1:colcon.colcon_core.package_identification:_identify(thirdpart/mujoco-3.2.4/sample) by extension 'colcon_meta'
[0.430s] Level 1:colcon.colcon_core.package_identification:_identify(thirdpart/mujoco-3.2.4/sample) by extensions ['ros']
[0.430s] Level 1:colcon.colcon_core.package_identification:_identify(thirdpart/mujoco-3.2.4/sample) by extension 'ros'
[0.430s] Level 1:colcon.colcon_core.package_identification:_identify(thirdpart/mujoco-3.2.4/sample) by extensions ['cmake', 'python']
[0.430s] Level 1:colcon.colcon_core.package_identification:_identify(thirdpart/mujoco-3.2.4/sample) by extension 'cmake'
[0.430s] Level 1:colcon.colcon_core.package_identification:_identify(thirdpart/mujoco-3.2.4/sample) by extension 'python'
[0.430s] Level 1:colcon.colcon_core.package_identification:_identify(thirdpart/mujoco-3.2.4/sample) by extensions ['python_setup_py']
[0.430s] Level 1:colcon.colcon_core.package_identification:_identify(thirdpart/mujoco-3.2.4/sample) by extension 'python_setup_py'
[0.430s] Level 1:colcon.colcon_core.package_identification:_identify(thirdpart/mujoco-3.2.4/sample/cmake) by extensions ['ignore', 'ignore_ament_install']
[0.430s] Level 1:colcon.colcon_core.package_identification:_identify(thirdpart/mujoco-3.2.4/sample/cmake) by extension 'ignore'
[0.430s] Level 1:colcon.colcon_core.package_identification:_identify(thirdpart/mujoco-3.2.4/sample/cmake) by extension 'ignore_ament_install'
[0.430s] Level 1:colcon.colcon_core.package_identification:_identify(thirdpart/mujoco-3.2.4/sample/cmake) by extensions ['colcon_pkg']
[0.431s] Level 1:colcon.colcon_core.package_identification:_identify(thirdpart/mujoco-3.2.4/sample/cmake) by extension 'colcon_pkg'
[0.431s] Level 1:colcon.colcon_core.package_identification:_identify(thirdpart/mujoco-3.2.4/sample/cmake) by extensions ['colcon_meta']
[0.431s] Level 1:colcon.colcon_core.package_identification:_identify(thirdpart/mujoco-3.2.4/sample/cmake) by extension 'colcon_meta'
[0.431s] Level 1:colcon.colcon_core.package_identification:_identify(thirdpart/mujoco-3.2.4/sample/cmake) by extensions ['ros']
[0.431s] Level 1:colcon.colcon_core.package_identification:_identify(thirdpart/mujoco-3.2.4/sample/cmake) by extension 'ros'
[0.431s] Level 1:colcon.colcon_core.package_identification:_identify(thirdpart/mujoco-3.2.4/sample/cmake) by extensions ['cmake', 'python']
[0.431s] Level 1:colcon.colcon_core.package_identification:_identify(thirdpart/mujoco-3.2.4/sample/cmake) by extension 'cmake'
[0.431s] Level 1:colcon.colcon_core.package_identification:_identify(thirdpart/mujoco-3.2.4/sample/cmake) by extension 'python'
[0.431s] Level 1:colcon.colcon_core.package_identification:_identify(thirdpart/mujoco-3.2.4/sample/cmake) by extensions ['python_setup_py']
[0.431s] Level 1:colcon.colcon_core.package_identification:_identify(thirdpart/mujoco-3.2.4/sample/cmake) by extension 'python_setup_py'
[0.431s] Level 1:colcon.colcon_core.package_identification:_identify(thirdpart/mujoco-3.2.4/simulate) by extensions ['ignore', 'ignore_ament_install']
[0.431s] Level 1:colcon.colcon_core.package_identification:_identify(thirdpart/mujoco-3.2.4/simulate) by extension 'ignore'
[0.431s] Level 1:colcon.colcon_core.package_identification:_identify(thirdpart/mujoco-3.2.4/simulate) by extension 'ignore_ament_install'
[0.431s] Level 1:colcon.colcon_core.package_identification:_identify(thirdpart/mujoco-3.2.4/simulate) by extensions ['colcon_pkg']
[0.431s] Level 1:colcon.colcon_core.package_identification:_identify(thirdpart/mujoco-3.2.4/simulate) by extension 'colcon_pkg'
[0.431s] Level 1:colcon.colcon_core.package_identification:_identify(thirdpart/mujoco-3.2.4/simulate) by extensions ['colcon_meta']
[0.432s] Level 1:colcon.colcon_core.package_identification:_identify(thirdpart/mujoco-3.2.4/simulate) by extension 'colcon_meta'
[0.432s] Level 1:colcon.colcon_core.package_identification:_identify(thirdpart/mujoco-3.2.4/simulate) by extensions ['ros']
[0.432s] Level 1:colcon.colcon_core.package_identification:_identify(thirdpart/mujoco-3.2.4/simulate) by extension 'ros'
[0.432s] Level 1:colcon.colcon_core.package_identification:_identify(thirdpart/mujoco-3.2.4/simulate) by extensions ['cmake', 'python']
[0.432s] Level 1:colcon.colcon_core.package_identification:_identify(thirdpart/mujoco-3.2.4/simulate) by extension 'cmake'
[0.432s] Level 1:colcon.colcon_core.package_identification:_identify(thirdpart/mujoco-3.2.4/simulate) by extension 'python'
[0.432s] Level 1:colcon.colcon_core.package_identification:_identify(thirdpart/mujoco-3.2.4/simulate) by extensions ['python_setup_py']
[0.432s] Level 1:colcon.colcon_core.package_identification:_identify(thirdpart/mujoco-3.2.4/simulate) by extension 'python_setup_py'
[0.432s] Level 1:colcon.colcon_core.package_identification:_identify(thirdpart/mujoco-3.2.4/simulate/cmake) by extensions ['ignore', 'ignore_ament_install']
[0.432s] Level 1:colcon.colcon_core.package_identification:_identify(thirdpart/mujoco-3.2.4/simulate/cmake) by extension 'ignore'
[0.432s] Level 1:colcon.colcon_core.package_identification:_identify(thirdpart/mujoco-3.2.4/simulate/cmake) by extension 'ignore_ament_install'
[0.432s] Level 1:colcon.colcon_core.package_identification:_identify(thirdpart/mujoco-3.2.4/simulate/cmake) by extensions ['colcon_pkg']
[0.432s] Level 1:colcon.colcon_core.package_identification:_identify(thirdpart/mujoco-3.2.4/simulate/cmake) by extension 'colcon_pkg'
[0.432s] Level 1:colcon.colcon_core.package_identification:_identify(thirdpart/mujoco-3.2.4/simulate/cmake) by extensions ['colcon_meta']
[0.432s] Level 1:colcon.colcon_core.package_identification:_identify(thirdpart/mujoco-3.2.4/simulate/cmake) by extension 'colcon_meta'
[0.432s] Level 1:colcon.colcon_core.package_identification:_identify(thirdpart/mujoco-3.2.4/simulate/cmake) by extensions ['ros']
[0.433s] Level 1:colcon.colcon_core.package_identification:_identify(thirdpart/mujoco-3.2.4/simulate/cmake) by extension 'ros'
[0.433s] Level 1:colcon.colcon_core.package_identification:_identify(thirdpart/mujoco-3.2.4/simulate/cmake) by extensions ['cmake', 'python']
[0.433s] Level 1:colcon.colcon_core.package_identification:_identify(thirdpart/mujoco-3.2.4/simulate/cmake) by extension 'cmake'
[0.433s] Level 1:colcon.colcon_core.package_identification:_identify(thirdpart/mujoco-3.2.4/simulate/cmake) by extension 'python'
[0.433s] Level 1:colcon.colcon_core.package_identification:_identify(thirdpart/mujoco-3.2.4/simulate/cmake) by extensions ['python_setup_py']
[0.433s] Level 1:colcon.colcon_core.package_identification:_identify(thirdpart/mujoco-3.2.4/simulate/cmake) by extension 'python_setup_py'
[0.433s] Level 1:colcon.colcon_core.package_discovery:discover_packages(recursive) using defaults
[0.433s] Level 1:colcon.colcon_core.package_discovery:discover_packages(ignore) discover
[0.433s] Level 1:colcon.colcon_core.package_discovery:discover_packages(ignore) using defaults
[0.433s] Level 1:colcon.colcon_core.package_discovery:discover_packages(path) discover
[0.433s] Level 1:colcon.colcon_core.package_discovery:discover_packages(path) using defaults
[0.468s] Level 1:colcon.colcon_core.package_discovery:discover_packages(prefix_path) check parameters
[0.468s] Level 1:colcon.colcon_core.package_discovery:discover_packages(prefix_path) discover
[0.472s] DEBUG:colcon.colcon_installed_package_information.package_discovery:Found 2 installed packages in /home/linpc/PRACTICE-Simulator/practice_sim/install
[0.475s] DEBUG:colcon.colcon_installed_package_information.package_discovery:Found 393 installed packages in /opt/ros/humble
[0.477s] Level 1:colcon.colcon_core.package_discovery:discover_packages(prefix_path) using defaults
[0.525s] Level 5:colcon.colcon_core.verb:set package 'balance_infantry_urdf' build argument 'cmake_args' from command line to 'None'
[0.525s] Level 5:colcon.colcon_core.verb:set package 'balance_infantry_urdf' build argument 'cmake_target' from command line to 'None'
[0.525s] Level 5:colcon.colcon_core.verb:set package 'balance_infantry_urdf' build argument 'cmake_target_skip_unavailable' from command line to 'False'
[0.525s] Level 5:colcon.colcon_core.verb:set package 'balance_infantry_urdf' build argument 'cmake_clean_cache' from command line to 'False'
[0.525s] Level 5:colcon.colcon_core.verb:set package 'balance_infantry_urdf' build argument 'cmake_clean_first' from command line to 'False'
[0.525s] Level 5:colcon.colcon_core.verb:set package 'balance_infantry_urdf' build argument 'cmake_force_configure' from command line to 'False'
[0.525s] Level 5:colcon.colcon_core.verb:set package 'balance_infantry_urdf' build argument 'ament_cmake_args' from command line to 'None'
[0.525s] Level 5:colcon.colcon_core.verb:set package 'balance_infantry_urdf' build argument 'catkin_cmake_args' from command line to 'None'
[0.525s] Level 5:colcon.colcon_core.verb:set package 'balance_infantry_urdf' build argument 'catkin_skip_building_tests' from command line to 'False'
[0.525s] DEBUG:colcon.colcon_core.verb:Building package 'balance_infantry_urdf' with the following arguments: {'ament_cmake_args': None, 'build_base': '/home/linpc/PRACTICE-Simulator/practice_sim/build/balance_infantry_urdf', 'catkin_cmake_args': None, 'catkin_skip_building_tests': False, 'cmake_args': None, 'cmake_clean_cache': False, 'cmake_clean_first': False, 'cmake_force_configure': False, 'cmake_target': None, 'cmake_target_skip_unavailable': False, 'install_base': '/home/linpc/PRACTICE-Simulator/practice_sim/install/balance_infantry_urdf', 'merge_install': False, 'path': '/home/linpc/PRACTICE-Simulator/practice_sim/src/balance_infantry_urdf', 'symlink_install': False, 'test_result_base': None}
[0.526s] Level 5:colcon.colcon_core.verb:set package 'practice3_urdf' build argument 'cmake_args' from command line to 'None'
[0.526s] Level 5:colcon.colcon_core.verb:set package 'practice3_urdf' build argument 'cmake_target' from command line to 'None'
[0.526s] Level 5:colcon.colcon_core.verb:set package 'practice3_urdf' build argument 'cmake_target_skip_unavailable' from command line to 'False'
[0.526s] Level 5:colcon.colcon_core.verb:set package 'practice3_urdf' build argument 'cmake_clean_cache' from command line to 'False'
[0.526s] Level 5:colcon.colcon_core.verb:set package 'practice3_urdf' build argument 'cmake_clean_first' from command line to 'False'
[0.526s] Level 5:colcon.colcon_core.verb:set package 'practice3_urdf' build argument 'cmake_force_configure' from command line to 'False'
[0.526s] Level 5:colcon.colcon_core.verb:set package 'practice3_urdf' build argument 'ament_cmake_args' from command line to 'None'
[0.526s] Level 5:colcon.colcon_core.verb:set package 'practice3_urdf' build argument 'catkin_cmake_args' from command line to 'None'
[0.526s] Level 5:colcon.colcon_core.verb:set package 'practice3_urdf' build argument 'catkin_skip_building_tests' from command line to 'False'
[0.526s] DEBUG:colcon.colcon_core.verb:Building package 'practice3_urdf' with the following arguments: {'ament_cmake_args': None, 'build_base': '/home/linpc/PRACTICE-Simulator/practice_sim/build/practice3_urdf', 'catkin_cmake_args': None, 'catkin_skip_building_tests': False, 'cmake_args': None, 'cmake_clean_cache': False, 'cmake_clean_first': False, 'cmake_force_configure': False, 'cmake_target': None, 'cmake_target_skip_unavailable': False, 'install_base': '/home/linpc/PRACTICE-Simulator/practice_sim/install/practice3_urdf', 'merge_install': False, 'path': '/home/linpc/PRACTICE-Simulator/practice_sim/src/practice3_urdf', 'symlink_install': False, 'test_result_base': None}
[0.526s] INFO:colcon.colcon_core.executor:Executing jobs using 'parallel' executor
[0.528s] DEBUG:colcon.colcon_parallel_executor.executor.parallel:run_until_complete
[0.528s] INFO:colcon.colcon_ros.task.ament_python.build:Building ROS package in '/home/linpc/PRACTICE-Simulator/practice_sim/src/balance_infantry_urdf' with build type 'ament_python'
[0.528s] Level 1:colcon.colcon_core.shell:create_environment_hook('balance_infantry_urdf', 'ament_prefix_path')
[0.531s] INFO:colcon.colcon_core.plugin_system:Skipping extension 'colcon_core.shell.bat': Not used on non-Windows systems
[0.531s] INFO:colcon.colcon_core.shell:Creating environment hook '/home/linpc/PRACTICE-Simulator/practice_sim/install/balance_infantry_urdf/share/balance_infantry_urdf/hook/ament_prefix_path.ps1'
[0.532s] INFO:colcon.colcon_core.shell:Creating environment descriptor '/home/linpc/PRACTICE-Simulator/practice_sim/install/balance_infantry_urdf/share/balance_infantry_urdf/hook/ament_prefix_path.dsv'
[0.533s] INFO:colcon.colcon_core.shell:Creating environment hook '/home/linpc/PRACTICE-Simulator/practice_sim/install/balance_infantry_urdf/share/balance_infantry_urdf/hook/ament_prefix_path.sh'
[0.534s] INFO:colcon.colcon_core.shell:Skip shell extension 'powershell' for command environment: Not usable outside of PowerShell
[0.534s] DEBUG:colcon.colcon_core.shell:Skip shell extension 'dsv' for command environment
[0.537s] INFO:colcon.colcon_ros.task.ament_python.build:Building ROS package in '/home/linpc/PRACTICE-Simulator/practice_sim/src/practice3_urdf' with build type 'ament_python'
[0.537s] Level 1:colcon.colcon_core.shell:create_environment_hook('practice3_urdf', 'ament_prefix_path')
[0.538s] INFO:colcon.colcon_core.shell:Creating environment hook '/home/linpc/PRACTICE-Simulator/practice_sim/install/practice3_urdf/share/practice3_urdf/hook/ament_prefix_path.ps1'
[0.538s] INFO:colcon.colcon_core.shell:Creating environment descriptor '/home/linpc/PRACTICE-Simulator/practice_sim/install/practice3_urdf/share/practice3_urdf/hook/ament_prefix_path.dsv'
[0.539s] INFO:colcon.colcon_core.shell:Creating environment hook '/home/linpc/PRACTICE-Simulator/practice_sim/install/practice3_urdf/share/practice3_urdf/hook/ament_prefix_path.sh'
[0.539s] INFO:colcon.colcon_core.shell:Skip shell extension 'powershell' for command environment: Not usable outside of PowerShell
[0.539s] DEBUG:colcon.colcon_core.shell:Skip shell extension 'dsv' for command environment
[0.817s] INFO:colcon.colcon_core.task.python.build:Building Python package in '/home/linpc/PRACTICE-Simulator/practice_sim/src/balance_infantry_urdf'
[0.818s] INFO:colcon.colcon_core.shell:Skip shell extension 'powershell' for command environment: Not usable outside of PowerShell
[0.818s] DEBUG:colcon.colcon_core.shell:Skip shell extension 'dsv' for command environment
[1.094s] INFO:colcon.colcon_core.task.python.build:Building Python package in '/home/linpc/PRACTICE-Simulator/practice_sim/src/practice3_urdf'
[1.095s] INFO:colcon.colcon_core.shell:Skip shell extension 'powershell' for command environment: Not usable outside of PowerShell
[1.095s] DEBUG:colcon.colcon_core.shell:Skip shell extension 'dsv' for command environment
[1.578s] DEBUG:colcon.colcon_core.event_handler.log_command:Invoking command in '/home/linpc/PRACTICE-Simulator/practice_sim/src/practice3_urdf': PYTHONPATH=/home/linpc/PRACTICE-Simulator/practice_sim/build/practice3_urdf/prefix_override:/usr/lib/python3/dist-packages/colcon_core/task/python/colcon_distutils_commands:/home/linpc/PRACTICE-Simulator/practice_sim/install/practice3_urdf/lib/python3.10/site-packages:${PYTHONPATH} /usr/bin/python3 -W ignore:setup.py install is deprecated setup.py egg_info --egg-base ../../build/practice3_urdf build --build-base /home/linpc/PRACTICE-Simulator/practice_sim/build/practice3_urdf/build install --record /home/linpc/PRACTICE-Simulator/practice_sim/build/practice3_urdf/install.log --single-version-externally-managed install_data
[1.583s] DEBUG:colcon.colcon_core.event_handler.log_command:Invoking command in '/home/linpc/PRACTICE-Simulator/practice_sim/src/balance_infantry_urdf': PYTHONPATH=/home/linpc/PRACTICE-Simulator/practice_sim/build/balance_infantry_urdf/prefix_override:/usr/lib/python3/dist-packages/colcon_core/task/python/colcon_distutils_commands:/home/linpc/PRACTICE-Simulator/practice_sim/install/balance_infantry_urdf/lib/python3.10/site-packages:${PYTHONPATH} /usr/bin/python3 -W ignore:setup.py install is deprecated setup.py egg_info --egg-base ../../build/balance_infantry_urdf build --build-base /home/linpc/PRACTICE-Simulator/practice_sim/build/balance_infantry_urdf/build install --record /home/linpc/PRACTICE-Simulator/practice_sim/build/balance_infantry_urdf/install.log --single-version-externally-managed install_data
[1.904s] DEBUG:colcon.colcon_core.event_handler.log_command:Invoked command in '/home/linpc/PRACTICE-Simulator/practice_sim/src/practice3_urdf' returned '0': PYTHONPATH=/home/linpc/PRACTICE-Simulator/practice_sim/build/practice3_urdf/prefix_override:/usr/lib/python3/dist-packages/colcon_core/task/python/colcon_distutils_commands:/home/linpc/PRACTICE-Simulator/practice_sim/install/practice3_urdf/lib/python3.10/site-packages:${PYTHONPATH} /usr/bin/python3 -W ignore:setup.py install is deprecated setup.py egg_info --egg-base ../../build/practice3_urdf build --build-base /home/linpc/PRACTICE-Simulator/practice_sim/build/practice3_urdf/build install --record /home/linpc/PRACTICE-Simulator/practice_sim/build/practice3_urdf/install.log --single-version-externally-managed install_data
[1.909s] Level 1:colcon.colcon_core.environment:checking '/home/linpc/PRACTICE-Simulator/practice_sim/install/practice3_urdf' for CMake module files
[1.910s] Level 1:colcon.colcon_core.environment:checking '/home/linpc/PRACTICE-Simulator/practice_sim/install/practice3_urdf' for CMake config files
[1.912s] Level 1:colcon.colcon_core.environment:checking '/home/linpc/PRACTICE-Simulator/practice_sim/install/practice3_urdf/lib'
[1.912s] Level 1:colcon.colcon_core.environment:checking '/home/linpc/PRACTICE-Simulator/practice_sim/install/practice3_urdf/bin'
[1.912s] Level 1:colcon.colcon_core.environment:checking '/home/linpc/PRACTICE-Simulator/practice_sim/install/practice3_urdf/lib/pkgconfig/practice3_urdf.pc'
[1.912s] Level 1:colcon.colcon_core.environment:checking '/home/linpc/PRACTICE-Simulator/practice_sim/install/practice3_urdf/lib/python3.10/site-packages'
[1.912s] Level 1:colcon.colcon_core.shell:create_environment_hook('practice3_urdf', 'pythonpath')
[1.912s] INFO:colcon.colcon_core.shell:Creating environment hook '/home/linpc/PRACTICE-Simulator/practice_sim/install/practice3_urdf/share/practice3_urdf/hook/pythonpath.ps1'
[1.913s] INFO:colcon.colcon_core.shell:Creating environment descriptor '/home/linpc/PRACTICE-Simulator/practice_sim/install/practice3_urdf/share/practice3_urdf/hook/pythonpath.dsv'
[1.913s] INFO:colcon.colcon_core.shell:Creating environment hook '/home/linpc/PRACTICE-Simulator/practice_sim/install/practice3_urdf/share/practice3_urdf/hook/pythonpath.sh'
[1.914s] Level 1:colcon.colcon_core.environment:checking '/home/linpc/PRACTICE-Simulator/practice_sim/install/practice3_urdf/bin'
[1.914s] Level 1:colcon.colcon_core.environment:create_environment_scripts_only(practice3_urdf)
[1.914s] INFO:colcon.colcon_core.shell:Creating package script '/home/linpc/PRACTICE-Simulator/practice_sim/install/practice3_urdf/share/practice3_urdf/package.ps1'
[1.915s] INFO:colcon.colcon_core.shell:Creating package descriptor '/home/linpc/PRACTICE-Simulator/practice_sim/install/practice3_urdf/share/practice3_urdf/package.dsv'
[1.915s] INFO:colcon.colcon_core.shell:Creating package script '/home/linpc/PRACTICE-Simulator/practice_sim/install/practice3_urdf/share/practice3_urdf/package.sh'
[1.916s] INFO:colcon.colcon_core.shell:Creating package script '/home/linpc/PRACTICE-Simulator/practice_sim/install/practice3_urdf/share/practice3_urdf/package.bash'
[1.917s] INFO:colcon.colcon_core.shell:Creating package script '/home/linpc/PRACTICE-Simulator/practice_sim/install/practice3_urdf/share/practice3_urdf/package.zsh'
[1.917s] Level 1:colcon.colcon_core.environment:create_file_with_runtime_dependencies(/home/linpc/PRACTICE-Simulator/practice_sim/install/practice3_urdf/share/colcon-core/packages/practice3_urdf)
[1.919s] Level 1:colcon.colcon_core.environment:checking '/home/linpc/PRACTICE-Simulator/practice_sim/install/balance_infantry_urdf' for CMake module files
[1.920s] DEBUG:colcon.colcon_core.event_handler.log_command:Invoked command in '/home/linpc/PRACTICE-Simulator/practice_sim/src/balance_infantry_urdf' returned '0': PYTHONPATH=/home/linpc/PRACTICE-Simulator/practice_sim/build/balance_infantry_urdf/prefix_override:/usr/lib/python3/dist-packages/colcon_core/task/python/colcon_distutils_commands:/home/linpc/PRACTICE-Simulator/practice_sim/install/balance_infantry_urdf/lib/python3.10/site-packages:${PYTHONPATH} /usr/bin/python3 -W ignore:setup.py install is deprecated setup.py egg_info --egg-base ../../build/balance_infantry_urdf build --build-base /home/linpc/PRACTICE-Simulator/practice_sim/build/balance_infantry_urdf/build install --record /home/linpc/PRACTICE-Simulator/practice_sim/build/balance_infantry_urdf/install.log --single-version-externally-managed install_data
[1.920s] Level 1:colcon.colcon_core.environment:checking '/home/linpc/PRACTICE-Simulator/practice_sim/install/balance_infantry_urdf' for CMake config files
[1.922s] Level 1:colcon.colcon_core.environment:checking '/home/linpc/PRACTICE-Simulator/practice_sim/install/balance_infantry_urdf/lib'
[1.922s] Level 1:colcon.colcon_core.environment:checking '/home/linpc/PRACTICE-Simulator/practice_sim/install/balance_infantry_urdf/bin'
[1.922s] Level 1:colcon.colcon_core.environment:checking '/home/linpc/PRACTICE-Simulator/practice_sim/install/balance_infantry_urdf/lib/pkgconfig/balance_infantry_urdf.pc'
[1.922s] Level 1:colcon.colcon_core.environment:checking '/home/linpc/PRACTICE-Simulator/practice_sim/install/balance_infantry_urdf/lib/python3.10/site-packages'
[1.922s] Level 1:colcon.colcon_core.shell:create_environment_hook('balance_infantry_urdf', 'pythonpath')
[1.922s] INFO:colcon.colcon_core.shell:Creating environment hook '/home/linpc/PRACTICE-Simulator/practice_sim/install/balance_infantry_urdf/share/balance_infantry_urdf/hook/pythonpath.ps1'
[1.923s] INFO:colcon.colcon_core.shell:Creating environment descriptor '/home/linpc/PRACTICE-Simulator/practice_sim/install/balance_infantry_urdf/share/balance_infantry_urdf/hook/pythonpath.dsv'
[1.923s] INFO:colcon.colcon_core.shell:Creating environment hook '/home/linpc/PRACTICE-Simulator/practice_sim/install/balance_infantry_urdf/share/balance_infantry_urdf/hook/pythonpath.sh'
[1.924s] Level 1:colcon.colcon_core.environment:checking '/home/linpc/PRACTICE-Simulator/practice_sim/install/balance_infantry_urdf/bin'
[1.924s] Level 1:colcon.colcon_core.environment:create_environment_scripts_only(balance_infantry_urdf)
[1.924s] INFO:colcon.colcon_core.shell:Creating package script '/home/linpc/PRACTICE-Simulator/practice_sim/install/balance_infantry_urdf/share/balance_infantry_urdf/package.ps1'
[1.924s] INFO:colcon.colcon_core.shell:Creating package descriptor '/home/linpc/PRACTICE-Simulator/practice_sim/install/balance_infantry_urdf/share/balance_infantry_urdf/package.dsv'
[1.925s] INFO:colcon.colcon_core.shell:Creating package script '/home/linpc/PRACTICE-Simulator/practice_sim/install/balance_infantry_urdf/share/balance_infantry_urdf/package.sh'
[1.925s] INFO:colcon.colcon_core.shell:Creating package script '/home/linpc/PRACTICE-Simulator/practice_sim/install/balance_infantry_urdf/share/balance_infantry_urdf/package.bash'
[1.926s] INFO:colcon.colcon_core.shell:Creating package script '/home/linpc/PRACTICE-Simulator/practice_sim/install/balance_infantry_urdf/share/balance_infantry_urdf/package.zsh'
[1.926s] Level 1:colcon.colcon_core.environment:create_file_with_runtime_dependencies(/home/linpc/PRACTICE-Simulator/practice_sim/install/balance_infantry_urdf/share/colcon-core/packages/balance_infantry_urdf)
[1.926s] DEBUG:colcon.colcon_parallel_executor.executor.parallel:closing loop
[1.926s] DEBUG:colcon.colcon_parallel_executor.executor.parallel:loop closed
[1.927s] DEBUG:colcon.colcon_parallel_executor.executor.parallel:run_until_complete finished with '0'
[1.927s] DEBUG:colcon.colcon_core.event_reactor:joining thread
[1.932s] INFO:colcon.colcon_core.plugin_system:Skipping extension 'colcon_notification.desktop_notification.terminal_notifier': Not used on non-Darwin systems
[1.932s] INFO:colcon.colcon_core.plugin_system:Skipping extension 'colcon_notification.desktop_notification.win32': Not used on non-Windows systems
[1.932s] INFO:colcon.colcon_notification.desktop_notification:Sending desktop notification using 'notify2'
[1.948s] DEBUG:colcon.colcon_core.event_reactor:joined thread
[1.948s] INFO:colcon.colcon_core.shell:Creating prefix script '/home/linpc/PRACTICE-Simulator/practice_sim/install/local_setup.ps1'
[1.949s] INFO:colcon.colcon_core.shell:Creating prefix util module '/home/linpc/PRACTICE-Simulator/practice_sim/install/_local_setup_util_ps1.py'
[1.951s] INFO:colcon.colcon_core.shell:Creating prefix chain script '/home/linpc/PRACTICE-Simulator/practice_sim/install/setup.ps1'
[1.951s] INFO:colcon.colcon_core.shell:Creating prefix script '/home/linpc/PRACTICE-Simulator/practice_sim/install/local_setup.sh'
[1.952s] INFO:colcon.colcon_core.shell:Creating prefix util module '/home/linpc/PRACTICE-Simulator/practice_sim/install/_local_setup_util_sh.py'
[1.953s] INFO:colcon.colcon_core.shell:Creating prefix chain script '/home/linpc/PRACTICE-Simulator/practice_sim/install/setup.sh'
[1.954s] INFO:colcon.colcon_core.shell:Creating prefix script '/home/linpc/PRACTICE-Simulator/practice_sim/install/local_setup.bash'
[1.954s] INFO:colcon.colcon_core.shell:Creating prefix chain script '/home/linpc/PRACTICE-Simulator/practice_sim/install/setup.bash'
[1.955s] INFO:colcon.colcon_core.shell:Creating prefix script '/home/linpc/PRACTICE-Simulator/practice_sim/install/local_setup.zsh'
[1.955s] INFO:colcon.colcon_core.shell:Creating prefix chain script '/home/linpc/PRACTICE-Simulator/practice_sim/install/setup.zsh'
