[0.786s] Invoking command in '/home/lin/PRACTICE-Simulator/practice_sim/src/practice3_description3': PYTHONPATH=/home/lin/PRACTICE-Simulator/build/practice3_description3/prefix_override:/usr/lib/python3/dist-packages/colcon_core/task/python/colcon_distutils_commands:/home/lin/PRACTICE-Simulator/install/practice3_description3/lib/python3.10/site-packages:${PYTHONPATH} /usr/bin/python3 -W ignore:setup.py install is deprecated -W ignore:easy_install command is deprecated setup.py egg_info --egg-base ../../../build/practice3_description3 build --build-base /home/lin/PRACTICE-Simulator/build/practice3_description3/build install --record /home/lin/PRACTICE-Simulator/build/practice3_description3/install.log --single-version-externally-managed install_data
[0.896s] running egg_info
[0.896s] creating ../../../build/practice3_description3/practice3_description3.egg-info
[0.896s] writing ../../../build/practice3_description3/practice3_description3.egg-info/PKG-INFO
[0.896s] writing dependency_links to ../../../build/practice3_description3/practice3_description3.egg-info/dependency_links.txt
[0.896s] writing entry points to ../../../build/practice3_description3/practice3_description3.egg-info/entry_points.txt
[0.896s] writing requirements to ../../../build/practice3_description3/practice3_description3.egg-info/requires.txt
[0.896s] writing top-level names to ../../../build/practice3_description3/practice3_description3.egg-info/top_level.txt
[0.896s] writing manifest file '../../../build/practice3_description3/practice3_description3.egg-info/SOURCES.txt'
[0.897s] reading manifest file '../../../build/practice3_description3/practice3_description3.egg-info/SOURCES.txt'
[0.898s] writing manifest file '../../../build/practice3_description3/practice3_description3.egg-info/SOURCES.txt'
[0.898s] running build
[0.898s] running install
[0.898s] running install_data
[0.898s] creating /home/lin/PRACTICE-Simulator/install/practice3_description3/share/practice3_description3/launch
[0.898s] copying launch/display_urdf.launch.py -> /home/lin/PRACTICE-Simulator/install/practice3_description3/share/practice3_description3/launch
[0.898s] creating /home/lin/PRACTICE-Simulator/install/practice3_description3/share/practice3_description3/urdf
[0.898s] copying urdf/practice3_description3.csv -> /home/lin/PRACTICE-Simulator/install/practice3_description3/share/practice3_description3/urdf
[0.898s] copying urdf/practice3_description3.urdf -> /home/lin/PRACTICE-Simulator/install/practice3_description3/share/practice3_description3/urdf
[0.898s] creating /home/lin/PRACTICE-Simulator/install/practice3_description3/share/practice3_description3/meshes
[0.898s] copying meshes/rf_guidewheel_link.STL -> /home/lin/PRACTICE-Simulator/install/practice3_description3/share/practice3_description3/meshes
[0.898s] copying meshes/gimbal_pitch_link.STL -> /home/lin/PRACTICE-Simulator/install/practice3_description3/share/practice3_description3/meshes
[0.904s] copying meshes/right_hip_link_1.STL -> /home/lin/PRACTICE-Simulator/install/practice3_description3/share/practice3_description3/meshes
[0.905s] copying meshes/left_knee_link.STL -> /home/lin/PRACTICE-Simulator/install/practice3_description3/share/practice3_description3/meshes
[0.906s] copying meshes/gimbal_yaw_link.STL -> /home/lin/PRACTICE-Simulator/install/practice3_description3/share/practice3_description3/meshes
[0.910s] copying meshes/lb_guidewheel_link.STL -> /home/lin/PRACTICE-Simulator/install/practice3_description3/share/practice3_description3/meshes
[0.910s] copying meshes/rb_guidewheel_link.STL -> /home/lin/PRACTICE-Simulator/install/practice3_description3/share/practice3_description3/meshes
[0.911s] copying meshes/right_hip_link_2.STL -> /home/lin/PRACTICE-Simulator/install/practice3_description3/share/practice3_description3/meshes
[0.914s] copying meshes/left_hip_link_2.STL -> /home/lin/PRACTICE-Simulator/install/practice3_description3/share/practice3_description3/meshes
[0.916s] copying meshes/lf_guidewheel_link.STL -> /home/lin/PRACTICE-Simulator/install/practice3_description3/share/practice3_description3/meshes
[0.917s] copying meshes/base_link.STL -> /home/lin/PRACTICE-Simulator/install/practice3_description3/share/practice3_description3/meshes
[0.945s] copying meshes/left_hip_link_1.STL -> /home/lin/PRACTICE-Simulator/install/practice3_description3/share/practice3_description3/meshes
[0.945s] copying meshes/right_knee_link.STL -> /home/lin/PRACTICE-Simulator/install/practice3_description3/share/practice3_description3/meshes
[0.947s] copying meshes/left_wheel_link.STL -> /home/lin/PRACTICE-Simulator/install/practice3_description3/share/practice3_description3/meshes
[0.948s] copying meshes/right_wheel_link.STL -> /home/lin/PRACTICE-Simulator/install/practice3_description3/share/practice3_description3/meshes
[0.948s] running install_egg_info
[0.949s] Copying ../../../build/practice3_description3/practice3_description3.egg-info to /home/lin/PRACTICE-Simulator/install/practice3_description3/lib/python3.10/site-packages/practice3_description3-0.0.0-py3.10.egg-info
[0.949s] running install_scripts
[0.959s] writing list of installed files to '/home/lin/PRACTICE-Simulator/build/practice3_description3/install.log'
[0.971s] Invoked command in '/home/lin/PRACTICE-Simulator/practice_sim/src/practice3_description3' returned '0': PYTHONPATH=/home/lin/PRACTICE-Simulator/build/practice3_description3/prefix_override:/usr/lib/python3/dist-packages/colcon_core/task/python/colcon_distutils_commands:/home/lin/PRACTICE-Simulator/install/practice3_description3/lib/python3.10/site-packages:${PYTHONPATH} /usr/bin/python3 -W ignore:setup.py install is deprecated -W ignore:easy_install command is deprecated setup.py egg_info --egg-base ../../../build/practice3_description3 build --build-base /home/lin/PRACTICE-Simulator/build/practice3_description3/build install --record /home/lin/PRACTICE-Simulator/build/practice3_description3/install.log --single-version-externally-managed install_data
