[1.283s] Invoking command in '/home/lin/PRACTICE-Simulator/practice_sim/src/practice3_urdf': PYTHONPATH=/home/lin/PRACTICE-Simulator/practice_sim/build/practice3_urdf/prefix_override:/usr/lib/python3/dist-packages/colcon_core/task/python/colcon_distutils_commands:/home/lin/PRACTICE-Simulator/practice_sim/install/practice3_urdf/lib/python3.10/site-packages:${PYTHONPATH} /usr/bin/python3 -W ignore:setup.py install is deprecated setup.py egg_info --egg-base ../../build/practice3_urdf build --build-base /home/lin/PRACTICE-Simulator/practice_sim/build/practice3_urdf/build install --record /home/lin/PRACTICE-Simulator/practice_sim/build/practice3_urdf/install.log --single-version-externally-managed install_data
[1.485s] running egg_info
[1.486s] writing ../../build/practice3_urdf/practice3_urdf.egg-info/PKG-INFO
[1.486s] writing dependency_links to ../../build/practice3_urdf/practice3_urdf.egg-info/dependency_links.txt
[1.486s] writing entry points to ../../build/practice3_urdf/practice3_urdf.egg-info/entry_points.txt
[1.486s] writing requirements to ../../build/practice3_urdf/practice3_urdf.egg-info/requires.txt
[1.486s] writing top-level names to ../../build/practice3_urdf/practice3_urdf.egg-info/top_level.txt
[1.486s] reading manifest file '../../build/practice3_urdf/practice3_urdf.egg-info/SOURCES.txt'
[1.490s] writing manifest file '../../build/practice3_urdf/practice3_urdf.egg-info/SOURCES.txt'
[1.490s] running build
[1.490s] running build_py
[1.490s] copying practice3_urdf/__init__.py -> /home/lin/PRACTICE-Simulator/practice_sim/build/practice3_urdf/build/lib/practice3_urdf
[1.490s] running install
[1.491s] running install_lib
[1.491s] copying /home/lin/PRACTICE-Simulator/practice_sim/build/practice3_urdf/build/lib/practice3_urdf/__init__.py -> /home/lin/PRACTICE-Simulator/practice_sim/install/practice3_urdf/lib/python3.10/site-packages/practice3_urdf
[1.491s] byte-compiling /home/lin/PRACTICE-Simulator/practice_sim/install/practice3_urdf/lib/python3.10/site-packages/practice3_urdf/__init__.py to __init__.cpython-310.pyc
[1.491s] running install_data
[1.491s] copying resource/practice3_urdf -> /home/lin/PRACTICE-Simulator/practice_sim/install/practice3_urdf/share/ament_index/resource_index/packages
[1.491s] copying launch/display_urdf.launch.py -> /home/lin/PRACTICE-Simulator/practice_sim/install/practice3_urdf/share/practice3_urdf/launch
[1.491s] copying urdf/L_Hip_Link.STL -> /home/lin/PRACTICE-Simulator/practice_sim/install/practice3_urdf/share/practice3_urdf/urdf
[1.491s] copying urdf/R_Wheel_Link.STL -> /home/lin/PRACTICE-Simulator/practice_sim/install/practice3_urdf/share/practice3_urdf/urdf
[1.492s] copying urdf/practice3.csv -> /home/lin/PRACTICE-Simulator/practice_sim/install/practice3_urdf/share/practice3_urdf/urdf
[1.492s] copying urdf/L_Knee_Link.STL -> /home/lin/PRACTICE-Simulator/practice_sim/install/practice3_urdf/share/practice3_urdf/urdf
[1.492s] copying urdf/R_Hip_Link.STL -> /home/lin/PRACTICE-Simulator/practice_sim/install/practice3_urdf/share/practice3_urdf/urdf
[1.493s] copying urdf/practice3.urdf -> /home/lin/PRACTICE-Simulator/practice_sim/install/practice3_urdf/share/practice3_urdf/urdf
[1.493s] copying urdf/base_link.STL -> /home/lin/PRACTICE-Simulator/practice_sim/install/practice3_urdf/share/practice3_urdf/urdf
[1.502s] copying urdf/R_Knee_Link.STL -> /home/lin/PRACTICE-Simulator/practice_sim/install/practice3_urdf/share/practice3_urdf/urdf
[1.502s] copying urdf/L_Wheel_Link.STL -> /home/lin/PRACTICE-Simulator/practice_sim/install/practice3_urdf/share/practice3_urdf/urdf
[1.503s] copying meshes/L_Hip_Link.STL -> /home/lin/PRACTICE-Simulator/practice_sim/install/practice3_urdf/share/practice3_urdf/meshes
[1.503s] copying meshes/R_Wheel_Link.STL -> /home/lin/PRACTICE-Simulator/practice_sim/install/practice3_urdf/share/practice3_urdf/meshes
[1.504s] copying meshes/L_Knee_Link.STL -> /home/lin/PRACTICE-Simulator/practice_sim/install/practice3_urdf/share/practice3_urdf/meshes
[1.504s] copying meshes/R_Hip_Link.STL -> /home/lin/PRACTICE-Simulator/practice_sim/install/practice3_urdf/share/practice3_urdf/meshes
[1.505s] copying meshes/base_link.STL -> /home/lin/PRACTICE-Simulator/practice_sim/install/practice3_urdf/share/practice3_urdf/meshes
[1.514s] copying meshes/R_Knee_Link.STL -> /home/lin/PRACTICE-Simulator/practice_sim/install/practice3_urdf/share/practice3_urdf/meshes
[1.514s] copying meshes/L_Wheel_Link.STL -> /home/lin/PRACTICE-Simulator/practice_sim/install/practice3_urdf/share/practice3_urdf/meshes
[1.515s] running install_egg_info
[1.516s] removing '/home/lin/PRACTICE-Simulator/practice_sim/install/practice3_urdf/lib/python3.10/site-packages/practice3_urdf-0.0.0-py3.10.egg-info' (and everything under it)
[1.516s] Copying ../../build/practice3_urdf/practice3_urdf.egg-info to /home/lin/PRACTICE-Simulator/practice_sim/install/practice3_urdf/lib/python3.10/site-packages/practice3_urdf-0.0.0-py3.10.egg-info
[1.517s] running install_scripts
[1.526s] writing list of installed files to '/home/lin/PRACTICE-Simulator/practice_sim/build/practice3_urdf/install.log'
[1.538s] Invoked command in '/home/lin/PRACTICE-Simulator/practice_sim/src/practice3_urdf' returned '0': PYTHONPATH=/home/lin/PRACTICE-Simulator/practice_sim/build/practice3_urdf/prefix_override:/usr/lib/python3/dist-packages/colcon_core/task/python/colcon_distutils_commands:/home/lin/PRACTICE-Simulator/practice_sim/install/practice3_urdf/lib/python3.10/site-packages:${PYTHONPATH} /usr/bin/python3 -W ignore:setup.py install is deprecated setup.py egg_info --egg-base ../../build/practice3_urdf build --build-base /home/lin/PRACTICE-Simulator/practice_sim/build/practice3_urdf/build install --record /home/lin/PRACTICE-Simulator/practice_sim/build/practice3_urdf/install.log --single-version-externally-managed install_data
